<?xml version="1.0" encoding="UTF-8"?>
<coverage generated="1770468292621" clover="3.2.0">
  <project timestamp="1770468292621" name="All files">
    <metrics statements="944" coveredstatements="764" conditionals="415" coveredconditionals="311" methods="158" coveredmethods="112" elements="1517" coveredelements="1187" complexity="0" loc="944" ncloc="944" packages="6" files="15" classes="15"/>
    <package name="agents.searchManager.services">
      <metrics statements="25" coveredstatements="25" conditionals="12" coveredconditionals="12" methods="4" coveredmethods="4"/>
      <file name="ConversationSearchStrategy.ts" path="/Users/jrosenbaum/Documents/Code/.obsidian/plugins/claudesidian-mcp/src/agents/searchManager/services/ConversationSearchStrategy.ts">
        <metrics statements="25" coveredstatements="25" conditionals="12" coveredconditionals="12" methods="4" coveredmethods="4"/>
        <line num="14" count="2" type="stmt"/>
        <line num="17" count="2" type="stmt"/>
        <line num="40" count="2" type="stmt"/>
        <line num="44" count="34" type="stmt"/>
        <line num="60" count="15" type="stmt"/>
        <line num="61" count="15" type="cond" truecount="1" falsecount="0"/>
        <line num="62" count="1" type="stmt"/>
        <line num="65" count="14" type="cond" truecount="2" falsecount="0"/>
        <line num="66" count="14" type="cond" truecount="2" falsecount="0"/>
        <line num="68" count="14" type="stmt"/>
        <line num="70" count="14" type="stmt"/>
        <line num="77" count="13" type="cond" truecount="1" falsecount="0"/>
        <line num="78" count="5" type="stmt"/>
        <line num="82" count="8" type="cond" truecount="1" falsecount="0"/>
        <line num="83" count="4" type="stmt"/>
        <line num="84" count="4" type="cond" truecount="1" falsecount="0"/>
        <line num="85" count="3" type="stmt"/>
        <line num="86" count="3" type="cond" truecount="2" falsecount="0"/>
        <line num="88" count="3" type="stmt"/>
        <line num="90" count="3" type="stmt"/>
        <line num="91" count="3" type="stmt"/>
        <line num="97" count="2" type="stmt"/>
        <line num="107" count="8" type="stmt"/>
        <line num="126" count="1" type="stmt"/>
        <line num="127" count="1" type="stmt"/>
      </file>
    </package>
    <package name="services">
      <metrics statements="75" coveredstatements="75" conditionals="29" coveredconditionals="27" methods="13" coveredmethods="13"/>
      <file name="InlineEditService.ts" path="/Users/jrosenbaum/Documents/Code/.obsidian/plugins/claudesidian-mcp/src/services/InlineEditService.ts">
        <metrics statements="75" coveredstatements="75" conditionals="29" coveredconditionals="27" methods="13" coveredmethods="13"/>
        <line num="24" count="1" type="stmt"/>
        <line num="38" count="1" type="stmt"/>
        <line num="39" count="73" type="stmt"/>
        <line num="40" count="73" type="stmt"/>
        <line num="41" count="73" type="stmt"/>
        <line num="42" count="73" type="stmt"/>
        <line num="44" count="73" type="stmt"/>
        <line num="50" count="72" type="stmt"/>
        <line num="57" count="11" type="stmt"/>
        <line num="64" count="5" type="stmt"/>
        <line num="71" count="43" type="stmt"/>
        <line num="72" count="43" type="stmt"/>
        <line num="87" count="37" type="cond" truecount="1" falsecount="0"/>
        <line num="88" count="1" type="stmt"/>
        <line num="95" count="36" type="cond" truecount="3" falsecount="0"/>
        <line num="96" count="4" type="stmt"/>
        <line num="97" count="4" type="stmt"/>
        <line num="101" count="32" type="stmt"/>
        <line num="102" count="32" type="stmt"/>
        <line num="103" count="32" type="stmt"/>
        <line num="106" count="32" type="stmt"/>
        <line num="108" count="32" type="stmt"/>
        <line num="109" count="32" type="stmt"/>
        <line num="111" count="20" type="cond" truecount="4" falsecount="0"/>
        <line num="113" count="19" type="stmt"/>
        <line num="118" count="19" type="stmt"/>
        <line num="119" count="19" type="stmt"/>
        <line num="121" count="1" type="cond" truecount="2" falsecount="0"/>
        <line num="124" count="20" type="stmt"/>
        <line num="127" count="12" type="cond" truecount="3" falsecount="0"/>
        <line num="129" count="6" type="stmt"/>
        <line num="130" count="6" type="stmt"/>
        <line num="131" count="6" type="stmt"/>
        <line num="134" count="6" type="cond" truecount="1" falsecount="1"/>
        <line num="135" count="6" type="stmt"/>
        <line num="136" count="6" type="stmt"/>
        <line num="138" count="32" type="stmt"/>
        <line num="139" count="32" type="stmt"/>
        <line num="147" count="32" type="stmt"/>
        <line num="150" count="32" type="stmt"/>
        <line num="151" count="32" type="cond" truecount="1" falsecount="0"/>
        <line num="152" count="32" type="stmt"/>
        <line num="156" count="32" type="stmt"/>
        <line num="162" count="32" type="stmt"/>
        <line num="169" count="32" type="stmt"/>
        <line num="170" count="32" type="stmt"/>
        <line num="171" count="32" type="stmt"/>
        <line num="174" count="32" type="stmt"/>
        <line num="175" count="32" type="stmt"/>
        <line num="178" count="32" type="stmt"/>
        <line num="180" count="53" type="cond" truecount="1" falsecount="0"/>
        <line num="181" count="6" type="stmt"/>
        <line num="185" count="47" type="cond" truecount="1" falsecount="0"/>
        <line num="186" count="26" type="stmt"/>
        <line num="189" count="26" type="stmt"/>
        <line num="194" count="26" type="stmt"/>
        <line num="195" count="26" type="stmt"/>
        <line num="199" count="47" type="cond" truecount="3" falsecount="0"/>
        <line num="200" count="20" type="cond" truecount="1" falsecount="1"/>
        <line num="201" count="20" type="cond" truecount="2" falsecount="0"/>
        <line num="206" count="20" type="stmt"/>
        <line num="220" count="51" type="cond" truecount="3" falsecount="0"/>
        <line num="221" count="6" type="stmt"/>
        <line num="229" count="2" type="stmt"/>
        <line num="230" count="2" type="stmt"/>
        <line num="231" count="2" type="stmt"/>
        <line num="232" count="2" type="stmt"/>
        <line num="239" count="2" type="cond" truecount="1" falsecount="0"/>
        <line num="240" count="1" type="stmt"/>
        <line num="252" count="11" type="stmt"/>
        <line num="253" count="11" type="stmt"/>
        <line num="254" count="11" type="stmt"/>
        <line num="261" count="171" type="stmt"/>
        <line num="268" count="43" type="stmt"/>
        <line num="269" count="43" type="stmt"/>
      </file>
    </package>
    <package name="services.embeddings">
      <metrics statements="419" coveredstatements="385" conditionals="221" coveredconditionals="179" methods="51" coveredmethods="48"/>
      <file name="ContentChunker.ts" path="/Users/jrosenbaum/Documents/Code/.obsidian/plugins/claudesidian-mcp/src/services/embeddings/ContentChunker.ts">
        <metrics statements="32" coveredstatements="30" conditionals="14" coveredconditionals="12" methods="1" coveredmethods="1"/>
        <line num="45" count="2" type="stmt"/>
        <line num="68" count="2" type="stmt"/>
        <line num="69" count="31" type="stmt"/>
        <line num="72" count="31" type="cond" truecount="3" falsecount="0"/>
        <line num="73" count="3" type="stmt"/>
        <line num="77" count="28" type="cond" truecount="1" falsecount="0"/>
        <line num="78" count="12" type="stmt"/>
        <line num="85" count="16" type="stmt"/>
        <line num="88" count="16" type="cond" truecount="1" falsecount="0"/>
        <line num="89" count="2" type="stmt"/>
        <line num="96" count="14" type="stmt"/>
        <line num="97" count="14" type="stmt"/>
        <line num="98" count="14" type="stmt"/>
        <line num="100" count="14" type="stmt"/>
        <line num="101" count="55" type="stmt"/>
        <line num="102" count="55" type="stmt"/>
        <line num="105" count="55" type="stmt"/>
        <line num="106" count="55" type="stmt"/>
        <line num="107" count="55" type="stmt"/>
        <line num="110" count="55" type="cond" truecount="1" falsecount="0"/>
        <line num="112" count="11" type="cond" truecount="2" falsecount="2"/>
        <line num="114" count="0" type="stmt"/>
        <line num="115" count="0" type="stmt"/>
        <line num="117" count="11" type="stmt"/>
        <line num="123" count="11" type="stmt"/>
        <line num="128" count="44" type="cond" truecount="4" falsecount="0"/>
        <line num="131" count="3" type="stmt"/>
        <line num="136" count="3" type="stmt"/>
        <line num="140" count="41" type="stmt"/>
        <line num="146" count="41" type="stmt"/>
        <line num="147" count="41" type="stmt"/>
        <line num="150" count="14" type="stmt"/>
      </file>
      <file name="ConversationEmbeddingService.ts" path="/Users/jrosenbaum/Documents/Code/.obsidian/plugins/claudesidian-mcp/src/services/embeddings/ConversationEmbeddingService.ts">
        <metrics statements="115" coveredstatements="115" conditionals="56" coveredconditionals="53" methods="17" coveredmethods="17"/>
        <line num="30" count="1" type="stmt"/>
        <line num="31" count="1" type="stmt"/>
        <line num="73" count="1" type="stmt"/>
        <line num="78" count="37" type="stmt"/>
        <line num="79" count="37" type="stmt"/>
        <line num="93" count="7" type="stmt"/>
        <line num="95" count="7" type="stmt"/>
        <line num="100" count="7" type="cond" truecount="3" falsecount="0"/>
        <line num="101" count="1" type="stmt"/>
        <line num="105" count="6" type="cond" truecount="1" falsecount="0"/>
        <line num="106" count="1" type="stmt"/>
        <line num="109" count="6" type="stmt"/>
        <line num="110" count="6" type="stmt"/>
        <line num="113" count="6" type="stmt"/>
        <line num="118" count="6" type="stmt"/>
        <line num="119" count="11" type="cond" truecount="3" falsecount="0"/>
        <line num="120" count="2" type="stmt"/>
        <line num="123" count="9" type="stmt"/>
        <line num="125" count="9" type="stmt"/>
        <line num="127" count="9" type="stmt"/>
        <line num="128" count="8" type="stmt"/>
        <line num="131" count="8" type="stmt"/>
        <line num="135" count="8" type="stmt"/>
        <line num="138" count="8" type="cond" truecount="1" falsecount="1"/>
        <line num="141" count="8" type="stmt"/>
        <line num="142" count="8" type="cond" truecount="2" falsecount="0"/>
        <line num="145" count="8" type="stmt"/>
        <line num="146" count="8" type="stmt"/>
        <line num="175" count="1" type="stmt"/>
        <line num="207" count="22" type="stmt"/>
        <line num="209" count="22" type="stmt"/>
        <line num="210" count="21" type="stmt"/>
        <line num="214" count="21" type="stmt"/>
        <line num="216" count="21" type="stmt"/>
        <line num="252" count="20" type="cond" truecount="2" falsecount="0"/>
        <line num="253" count="2" type="stmt"/>
        <line num="258" count="20" type="stmt"/>
        <line num="259" count="20" type="stmt"/>
        <line num="260" count="40" type="stmt"/>
        <line num="261" count="40" type="cond" truecount="3" falsecount="0"/>
        <line num="262" count="37" type="stmt"/>
        <line num="265" count="20" type="stmt"/>
        <line num="268" count="20" type="stmt"/>
        <line num="269" count="20" type="stmt"/>
        <line num="270" count="20" type="stmt"/>
        <line num="271" count="25" type="stmt"/>
        <line num="274" count="20" type="stmt"/>
        <line num="275" count="20" type="stmt"/>
        <line num="276" count="37" type="cond" truecount="1" falsecount="0"/>
        <line num="277" count="12" type="stmt"/>
        <line num="285" count="37" type="stmt"/>
        <line num="286" count="20" type="stmt"/>
        <line num="287" count="20" type="cond" truecount="1" falsecount="0"/>
        <line num="288" count="37" type="stmt"/>
        <line num="289" count="18" type="stmt"/>
        <line num="293" count="18" type="stmt"/>
        <line num="294" count="33" type="stmt"/>
        <line num="298" count="20" type="stmt"/>
        <line num="299" count="37" type="stmt"/>
        <line num="302" count="37" type="cond" truecount="2" falsecount="0"/>
        <line num="303" count="37" type="stmt"/>
        <line num="304" count="37" type="cond" truecount="1" falsecount="0"/>
        <line num="305" count="8" type="stmt"/>
        <line num="309" count="37" type="cond" truecount="1" falsecount="0"/>
        <line num="310" count="12" type="cond" truecount="1" falsecount="1"/>
        <line num="311" count="12" type="cond" truecount="1" falsecount="0"/>
        <line num="312" count="9" type="stmt"/>
        <line num="318" count="37" type="cond" truecount="3" falsecount="0"/>
        <line num="319" count="3" type="stmt"/>
        <line num="320" count="3" type="stmt"/>
        <line num="321" count="2" type="stmt"/>
        <line num="322" count="2" type="stmt"/>
        <line num="325" count="2" type="cond" truecount="1" falsecount="0"/>
        <line num="326" count="2" type="stmt"/>
        <line num="333" count="37" type="stmt"/>
        <line num="341" count="21" type="stmt"/>
        <line num="342" count="20" type="stmt"/>
        <line num="346" count="20" type="stmt"/>
        <line num="349" count="30" type="stmt"/>
        <line num="350" count="20" type="stmt"/>
        <line num="351" count="20" type="cond" truecount="1" falsecount="0"/>
        <line num="352" count="30" type="stmt"/>
        <line num="353" count="18" type="stmt"/>
        <line num="357" count="18" type="stmt"/>
        <line num="358" count="36" type="stmt"/>
        <line num="362" count="20" type="stmt"/>
        <line num="363" count="30" type="cond" truecount="2" falsecount="0"/>
        <line num="366" count="30" type="stmt"/>
        <line num="379" count="30" type="stmt"/>
        <line num="380" count="30" type="stmt"/>
        <line num="381" count="30" type="stmt"/>
        <line num="382" count="60" type="cond" truecount="4" falsecount="0"/>
        <line num="383" count="30" type="cond" truecount="2" falsecount="0"/>
        <line num="384" count="30" type="cond" truecount="3" falsecount="0"/>
        <line num="385" count="30" type="cond" truecount="2" falsecount="0"/>
        <line num="389" count="30" type="stmt"/>
        <line num="405" count="20" type="stmt"/>
        <line num="407" count="2" type="stmt"/>
        <line num="408" count="2" type="stmt"/>
        <line num="421" count="4" type="stmt"/>
        <line num="422" count="4" type="stmt"/>
        <line num="427" count="3" type="stmt"/>
        <line num="428" count="4" type="stmt"/>
        <line num="429" count="4" type="stmt"/>
        <line num="432" count="1" type="stmt"/>
        <line num="447" count="2" type="stmt"/>
        <line num="452" count="2" type="stmt"/>
        <line num="453" count="4" type="stmt"/>
        <line num="454" count="4" type="stmt"/>
        <line num="469" count="1" type="stmt"/>
        <line num="478" count="3" type="stmt"/>
        <line num="479" count="3" type="stmt"/>
        <line num="482" count="2" type="cond" truecount="2" falsecount="0"/>
        <line num="484" count="1" type="stmt"/>
        <line num="485" count="1" type="stmt"/>
      </file>
      <file name="ConversationEmbeddingWatcher.ts" path="/Users/jrosenbaum/Documents/Code/.obsidian/plugins/claudesidian-mcp/src/services/embeddings/ConversationEmbeddingWatcher.ts">
        <metrics statements="80" coveredstatements="51" conditionals="42" coveredconditionals="20" methods="11" coveredmethods="9"/>
        <line num="31" count="1" type="stmt"/>
        <line num="46" count="1" type="stmt"/>
        <line num="50" count="19" type="stmt"/>
        <line num="53" count="19" type="stmt"/>
        <line num="60" count="19" type="stmt"/>
        <line num="61" count="19" type="stmt"/>
        <line num="62" count="19" type="stmt"/>
        <line num="71" count="20" type="cond" truecount="1" falsecount="0"/>
        <line num="72" count="2" type="stmt"/>
        <line num="75" count="18" type="stmt"/>
        <line num="78" count="14" type="stmt"/>
        <line num="79" count="2" type="stmt"/>
        <line num="93" count="24" type="cond" truecount="1" falsecount="0"/>
        <line num="94" count="18" type="stmt"/>
        <line num="95" count="18" type="stmt"/>
        <line num="110" count="14" type="cond" truecount="1" falsecount="0"/>
        <line num="111" count="2" type="stmt"/>
        <line num="115" count="12" type="cond" truecount="1" falsecount="0"/>
        <line num="116" count="1" type="stmt"/>
        <line num="120" count="11" type="stmt"/>
        <line num="121" count="10" type="cond" truecount="1" falsecount="0"/>
        <line num="122" count="1" type="stmt"/>
        <line num="126" count="9" type="stmt"/>
        <line num="135" count="9" type="cond" truecount="3" falsecount="0"/>
        <line num="136" count="6" type="stmt"/>
        <line num="140" count="8" type="cond" truecount="1" falsecount="2"/>
        <line num="141" count="0" type="stmt"/>
        <line num="153" count="6" type="stmt"/>
        <line num="158" count="6" type="cond" truecount="3" falsecount="0"/>
        <line num="159" count="1" type="stmt"/>
        <line num="162" count="5" type="stmt"/>
        <line num="163" count="5" type="stmt"/>
        <line num="164" count="5" type="stmt"/>
        <line num="167" count="5" type="cond" truecount="0" falsecount="1"/>
        <line num="168" count="0" type="stmt"/>
        <line num="171" count="5" type="stmt"/>
        <line num="172" count="5" type="stmt"/>
        <line num="173" count="5" type="stmt"/>
        <line num="187" count="5" type="stmt"/>
        <line num="189" count="5" type="stmt"/>
        <line num="207" count="0" type="cond" truecount="0" falsecount="1"/>
        <line num="211" count="0" type="stmt"/>
        <line num="218" count="0" type="stmt"/>
        <line num="219" count="0" type="stmt"/>
        <line num="220" count="0" type="cond" truecount="0" falsecount="3"/>
        <line num="221" count="0" type="stmt"/>
        <line num="225" count="0" type="stmt"/>
        <line num="226" count="0" type="stmt"/>
        <line num="227" count="0" type="cond" truecount="0" falsecount="1"/>
        <line num="228" count="0" type="stmt"/>
        <line num="231" count="0" type="stmt"/>
        <line num="232" count="0" type="cond" truecount="0" falsecount="2"/>
        <line num="233" count="0" type="stmt"/>
        <line num="236" count="0" type="cond" truecount="0" falsecount="1"/>
        <line num="237" count="0" type="stmt"/>
        <line num="240" count="0" type="stmt"/>
        <line num="241" count="0" type="stmt"/>
        <line num="242" count="0" type="stmt"/>
        <line num="256" count="0" type="stmt"/>
        <line num="258" count="0" type="stmt"/>
        <line num="268" count="0" type="cond" truecount="0" falsecount="3"/>
        <line num="271" count="0" type="cond" truecount="0" falsecount="2"/>
        <line num="272" count="0" type="stmt"/>
        <line num="273" count="0" type="cond" truecount="0" falsecount="2"/>
        <line num="274" count="0" type="stmt"/>
        <line num="276" count="0" type="stmt"/>
        <line num="279" count="0" type="stmt"/>
        <line num="288" count="11" type="stmt"/>
        <line num="293" count="10" type="cond" truecount="3" falsecount="0"/>
        <line num="294" count="3" type="stmt"/>
        <line num="297" count="7" type="stmt"/>
        <line num="298" count="7" type="stmt"/>
        <line num="299" count="6" type="stmt"/>
        <line num="301" count="1" type="stmt"/>
        <line num="319" count="6" type="stmt"/>
        <line num="321" count="6" type="stmt"/>
        <line num="328" count="6" type="stmt"/>
        <line num="329" count="5" type="cond" truecount="1" falsecount="0"/>
        <line num="330" count="5" type="stmt"/>
        <line num="334" count="1" type="stmt"/>
      </file>
      <file name="ConversationIndexer.ts" path="/Users/jrosenbaum/Documents/Code/.obsidian/plugins/claudesidian-mcp/src/services/embeddings/ConversationIndexer.ts">
        <metrics statements="80" coveredstatements="79" conditionals="54" coveredconditionals="43" methods="9" coveredmethods="8"/>
        <line num="17" count="1" type="stmt"/>
        <line num="37" count="1" type="stmt"/>
        <line num="57" count="1" type="stmt"/>
        <line num="63" count="19" type="stmt"/>
        <line num="64" count="19" type="stmt"/>
        <line num="72" count="19" type="stmt"/>
        <line num="73" count="19" type="stmt"/>
        <line num="74" count="19" type="stmt"/>
        <line num="75" count="19" type="stmt"/>
        <line num="82" count="3" type="stmt"/>
        <line num="96" count="18" type="cond" truecount="1" falsecount="0"/>
        <line num="97" count="1" type="stmt"/>
        <line num="100" count="17" type="cond" truecount="1" falsecount="0"/>
        <line num="101" count="1" type="stmt"/>
        <line num="104" count="16" type="stmt"/>
        <line num="106" count="16" type="stmt"/>
        <line num="108" count="16" type="stmt"/>
        <line num="114" count="16" type="cond" truecount="3" falsecount="0"/>
        <line num="115" count="1" type="stmt"/>
        <line num="119" count="15" type="stmt"/>
        <line num="129" count="13" type="stmt"/>
        <line num="130" count="23" type="cond" truecount="1" falsecount="0"/>
        <line num="131" count="2" type="stmt"/>
        <line num="132" count="2" type="stmt"/>
        <line num="133" count="1" type="stmt"/>
        <line num="135" count="1" type="stmt"/>
        <line num="139" count="13" type="cond" truecount="1" falsecount="0"/>
        <line num="140" count="1" type="stmt"/>
        <line num="146" count="1" type="stmt"/>
        <line num="150" count="12" type="stmt"/>
        <line num="151" count="12" type="stmt"/>
        <line num="153" count="12" type="cond" truecount="3" falsecount="0"/>
        <line num="154" count="2" type="stmt"/>
        <line num="155" count="3" type="stmt"/>
        <line num="157" count="2" type="cond" truecount="1" falsecount="0"/>
        <line num="158" count="2" type="stmt"/>
        <line num="159" count="2" type="stmt"/>
        <line num="163" count="12" type="stmt"/>
        <line num="166" count="12" type="cond" truecount="1" falsecount="0"/>
        <line num="167" count="1" type="stmt"/>
        <line num="173" count="1" type="stmt"/>
        <line num="177" count="11" type="stmt"/>
        <line num="178" count="11" type="cond" truecount="2" falsecount="0"/>
        <line num="180" count="11" type="stmt"/>
        <line num="187" count="11" type="stmt"/>
        <line num="190" count="11" type="stmt"/>
        <line num="191" count="18" type="cond" truecount="1" falsecount="0"/>
        <line num="192" count="2" type="stmt"/>
        <line num="195" count="16" type="stmt"/>
        <line num="197" count="16" type="stmt"/>
        <line num="198" count="16" type="stmt"/>
        <line num="204" count="1" type="stmt"/>
        <line num="210" count="15" type="stmt"/>
        <line num="211" count="15" type="stmt"/>
        <line num="213" count="15" type="stmt"/>
        <line num="216" count="15" type="cond" truecount="1" falsecount="0"/>
        <line num="217" count="1" type="stmt"/>
        <line num="223" count="1" type="stmt"/>
        <line num="227" count="15" type="cond" truecount="2" falsecount="1"/>
        <line num="228" count="0" type="stmt"/>
        <line num="233" count="10" type="stmt"/>
        <line num="239" count="10" type="stmt"/>
        <line num="241" count="10" type="stmt"/>
        <line num="244" count="2" type="stmt"/>
        <line num="245" count="2" type="stmt"/>
        <line num="252" count="2" type="stmt"/>
        <line num="254" count="15" type="stmt"/>
        <line num="269" count="16" type="stmt"/>
        <line num="292" count="14" type="cond" truecount="1" falsecount="0"/>
        <line num="293" count="1" type="stmt"/>
        <line num="296" count="26" type="stmt"/>
        <line num="311" count="13" type="stmt"/>
        <line num="313" count="13" type="stmt"/>
        <line num="314" count="13" type="stmt"/>
        <line num="330" count="26" type="stmt"/>
        <line num="332" count="26" type="stmt"/>
        <line num="337" count="26" type="cond" truecount="2" falsecount="0"/>
        <line num="338" count="13" type="cond" truecount="2" falsecount="0"/>
        <line num="339" count="13" type="stmt"/>
        <line num="359" count="13" type="stmt"/>
      </file>
      <file name="ConversationWindowRetriever.ts" path="/Users/jrosenbaum/Documents/Code/.obsidian/plugins/claudesidian-mcp/src/services/embeddings/ConversationWindowRetriever.ts">
        <metrics statements="18" coveredstatements="18" conditionals="11" coveredconditionals="11" methods="2" coveredmethods="2"/>
        <line num="66" count="3" type="stmt"/>
        <line num="72" count="3" type="stmt"/>
        <line num="103" count="3" type="stmt"/>
        <line num="111" count="22" type="stmt"/>
        <line num="134" count="19" type="cond" truecount="1" falsecount="0"/>
        <line num="135" count="1" type="stmt"/>
        <line num="137" count="18" type="cond" truecount="3" falsecount="0"/>
        <line num="138" count="2" type="stmt"/>
        <line num="140" count="16" type="cond" truecount="1" falsecount="0"/>
        <line num="141" count="1" type="stmt"/>
        <line num="146" count="15" type="cond" truecount="2" falsecount="0"/>
        <line num="147" count="15" type="stmt"/>
        <line num="150" count="15" type="stmt"/>
        <line num="151" count="15" type="stmt"/>
        <line num="154" count="15" type="stmt"/>
        <line num="163" count="14" type="cond" truecount="2" falsecount="0"/>
        <line num="166" count="14" type="cond" truecount="2" falsecount="0"/>
        <line num="170" count="14" type="stmt"/>
      </file>
      <file name="QAPairBuilder.ts" path="/Users/jrosenbaum/Documents/Code/.obsidian/plugins/claudesidian-mcp/src/services/embeddings/QAPairBuilder.ts">
        <metrics statements="51" coveredstatements="51" conditionals="33" coveredconditionals="32" methods="7" coveredmethods="7"/>
        <line num="25" count="3" type="stmt"/>
        <line num="28" count="16" type="stmt"/>
        <line num="71" count="16" type="cond" truecount="2" falsecount="1"/>
        <line num="74" count="16" type="cond" truecount="2" falsecount="0"/>
        <line num="76" count="14" type="stmt"/>
        <line num="77" count="2" type="cond" truecount="2" falsecount="0"/>
        <line num="78" count="1" type="stmt"/>
        <line num="80" count="1" type="stmt"/>
        <line num="83" count="16" type="stmt"/>
        <line num="96" count="16" type="cond" truecount="1" falsecount="0"/>
        <line num="97" count="15" type="stmt"/>
        <line num="99" count="1" type="stmt"/>
        <line num="122" count="3" type="stmt"/>
        <line num="128" count="47" type="cond" truecount="3" falsecount="0"/>
        <line num="129" count="3" type="stmt"/>
        <line num="133" count="44" type="stmt"/>
        <line num="135" count="120" type="stmt"/>
        <line num="137" count="44" type="stmt"/>
        <line num="140" count="44" type="stmt"/>
        <line num="141" count="44" type="stmt"/>
        <line num="142" count="138" type="cond" truecount="3" falsecount="0"/>
        <line num="143" count="16" type="stmt"/>
        <line num="147" count="44" type="stmt"/>
        <line num="148" count="138" type="stmt"/>
        <line num="151" count="138" type="cond" truecount="3" falsecount="0"/>
        <line num="152" count="17" type="stmt"/>
        <line num="156" count="121" type="cond" truecount="1" falsecount="0"/>
        <line num="157" count="59" type="stmt"/>
        <line num="158" count="59" type="cond" truecount="1" falsecount="0"/>
        <line num="159" count="56" type="cond" truecount="2" falsecount="0"/>
        <line num="160" count="56" type="cond" truecount="2" falsecount="0"/>
        <line num="162" count="56" type="stmt"/>
        <line num="176" count="59" type="stmt"/>
        <line num="180" count="62" type="cond" truecount="4" falsecount="0"/>
        <line num="181" count="11" type="stmt"/>
        <line num="182" count="17" type="stmt"/>
        <line num="183" count="17" type="cond" truecount="1" falsecount="0"/>
        <line num="184" count="16" type="stmt"/>
        <line num="185" count="16" type="stmt"/>
        <line num="187" count="16" type="stmt"/>
        <line num="205" count="44" type="stmt"/>
        <line num="219" count="139" type="cond" truecount="3" falsecount="0"/>
        <line num="220" count="1" type="stmt"/>
        <line num="222" count="138" type="stmt"/>
        <line num="239" count="59" type="stmt"/>
        <line num="240" count="58" type="stmt"/>
        <line num="243" count="58" type="cond" truecount="1" falsecount="0"/>
        <line num="244" count="56" type="stmt"/>
        <line num="248" count="2" type="cond" truecount="1" falsecount="0"/>
        <line num="249" count="2" type="stmt"/>
        <line num="254" count="1" type="stmt"/>
      </file>
      <file name="TraceIndexer.ts" path="/Users/jrosenbaum/Documents/Code/.obsidian/plugins/claudesidian-mcp/src/services/embeddings/TraceIndexer.ts">
        <metrics statements="43" coveredstatements="41" conditionals="11" coveredconditionals="8" methods="4" coveredmethods="4"/>
        <line num="32" count="1" type="stmt"/>
        <line num="39" count="14" type="stmt"/>
        <line num="48" count="14" type="stmt"/>
        <line num="49" count="14" type="stmt"/>
        <line num="50" count="14" type="stmt"/>
        <line num="51" count="14" type="stmt"/>
        <line num="52" count="14" type="stmt"/>
        <line num="59" count="3" type="stmt"/>
        <line num="75" count="12" type="cond" truecount="0" falsecount="1"/>
        <line num="76" count="0" type="stmt"/>
        <line num="79" count="12" type="cond" truecount="1" falsecount="0"/>
        <line num="80" count="1" type="stmt"/>
        <line num="84" count="11" type="stmt"/>
        <line num="92" count="10" type="stmt"/>
        <line num="94" count="10" type="stmt"/>
        <line num="95" count="18" type="stmt"/>
        <line num="99" count="18" type="cond" truecount="1" falsecount="0"/>
        <line num="100" count="16" type="stmt"/>
        <line num="104" count="10" type="cond" truecount="1" falsecount="0"/>
        <line num="105" count="1" type="stmt"/>
        <line num="108" count="9" type="stmt"/>
        <line num="109" count="9" type="stmt"/>
        <line num="110" count="9" type="stmt"/>
        <line num="112" count="9" type="stmt"/>
        <line num="114" count="9" type="stmt"/>
        <line num="115" count="9" type="stmt"/>
        <line num="116" count="15" type="cond" truecount="1" falsecount="0"/>
        <line num="117" count="2" type="stmt"/>
        <line num="120" count="13" type="cond" truecount="1" falsecount="0"/>
        <line num="121" count="1" type="stmt"/>
        <line num="122" count="1" type="stmt"/>
        <line num="125" count="12" type="stmt"/>
        <line num="126" count="12" type="stmt"/>
        <line num="132" count="11" type="stmt"/>
        <line num="134" count="11" type="cond" truecount="1" falsecount="0"/>
        <line num="135" count="1" type="stmt"/>
        <line num="139" count="1" type="stmt"/>
        <line num="143" count="12" type="stmt"/>
        <line num="147" count="9" type="stmt"/>
        <line num="150" count="0" type="stmt"/>
        <line num="152" count="9" type="stmt"/>
        <line num="153" count="9" type="stmt"/>
        <line num="156" count="9" type="stmt"/>
      </file>
    </package>
    <package name="ui.chat.components">
      <metrics statements="207" coveredstatements="111" conditionals="56" coveredconditionals="18" methods="50" coveredmethods="21"/>
      <file name="MessageBranchNavigator.ts" path="/Users/jrosenbaum/Documents/Code/.obsidian/plugins/claudesidian-mcp/src/ui/chat/components/MessageBranchNavigator.ts">
        <metrics statements="62" coveredstatements="48" conditionals="19" coveredconditionals="11" methods="16" coveredmethods="11"/>
        <line num="9" count="1" type="stmt"/>
        <line num="16" count="1" type="stmt"/>
        <line num="21" count="9" type="stmt"/>
        <line num="25" count="9" type="stmt"/>
        <line num="26" count="9" type="stmt"/>
        <line num="28" count="9" type="stmt"/>
        <line num="29" count="9" type="stmt"/>
        <line num="30" count="9" type="stmt"/>
        <line num="37" count="9" type="stmt"/>
        <line num="39" count="9" type="stmt"/>
        <line num="46" count="9" type="stmt"/>
        <line num="49" count="9" type="stmt"/>
        <line num="50" count="9" type="stmt"/>
        <line num="52" count="9" type="stmt"/>
        <line num="59" count="9" type="stmt"/>
        <line num="62" count="9" type="stmt"/>
        <line num="63" count="9" type="stmt"/>
        <line num="64" count="9" type="stmt"/>
        <line num="65" count="9" type="stmt"/>
        <line num="72" count="5" type="stmt"/>
        <line num="73" count="5" type="stmt"/>
        <line num="80" count="5" type="cond" truecount="3" falsecount="0"/>
        <line num="81" count="2" type="stmt"/>
        <line num="82" count="2" type="stmt"/>
        <line num="85" count="3" type="stmt"/>
        <line num="86" count="3" type="cond" truecount="2" falsecount="0"/>
        <line num="89" count="3" type="stmt"/>
        <line num="90" count="3" type="stmt"/>
        <line num="93" count="3" type="stmt"/>
        <line num="100" count="3" type="stmt"/>
        <line num="101" count="3" type="stmt"/>
        <line num="103" count="3" type="stmt"/>
        <line num="104" count="3" type="stmt"/>
        <line num="107" count="3" type="stmt"/>
        <line num="108" count="3" type="stmt"/>
        <line num="115" count="0" type="cond" truecount="0" falsecount="1"/>
        <line num="117" count="0" type="cond" truecount="0" falsecount="2"/>
        <line num="118" count="0" type="cond" truecount="0" falsecount="1"/>
        <line num="120" count="0" type="stmt"/>
        <line num="121" count="0" type="stmt"/>
        <line num="122" count="0" type="stmt"/>
        <line num="129" count="0" type="cond" truecount="0" falsecount="1"/>
        <line num="131" count="0" type="cond" truecount="0" falsecount="2"/>
        <line num="132" count="0" type="stmt"/>
        <line num="133" count="0" type="cond" truecount="0" falsecount="1"/>
        <line num="135" count="0" type="stmt"/>
        <line num="136" count="0" type="stmt"/>
        <line num="137" count="0" type="stmt"/>
        <line num="144" count="12" type="cond" truecount="2" falsecount="0"/>
        <line num="151" count="5" type="cond" truecount="1" falsecount="0"/>
        <line num="152" count="4" type="stmt"/>
        <line num="159" count="3" type="stmt"/>
        <line num="160" count="3" type="stmt"/>
        <line num="167" count="11" type="stmt"/>
        <line num="168" count="11" type="stmt"/>
        <line num="175" count="4" type="cond" truecount="1" falsecount="0"/>
        <line num="177" count="2" type="cond" truecount="2" falsecount="0"/>
        <line num="178" count="2" type="stmt"/>
        <line num="180" count="2" type="stmt"/>
        <line num="191" count="0" type="stmt"/>
        <line num="201" count="2" type="stmt"/>
        <line num="202" count="2" type="stmt"/>
      </file>
      <file name="MessageDisplay.ts" path="/Users/jrosenbaum/Documents/Code/.obsidian/plugins/claudesidian-mcp/src/ui/chat/components/MessageDisplay.ts">
        <metrics statements="145" coveredstatements="63" conditionals="37" coveredconditionals="7" methods="34" coveredmethods="10"/>
        <line num="8" count="1" type="stmt"/>
        <line num="10" count="1" type="stmt"/>
        <line num="12" count="1" type="stmt"/>
        <line num="13" count="6" type="stmt"/>
        <line num="14" count="6" type="stmt"/>
        <line num="15" count="6" type="stmt"/>
        <line num="18" count="6" type="stmt"/>
        <line num="19" count="6" type="stmt"/>
        <line num="20" count="6" type="stmt"/>
        <line num="21" count="6" type="stmt"/>
        <line num="22" count="6" type="stmt"/>
        <line num="23" count="6" type="stmt"/>
        <line num="24" count="6" type="stmt"/>
        <line num="25" count="6" type="stmt"/>
        <line num="27" count="6" type="stmt"/>
        <line num="37" count="7" type="stmt"/>
        <line num="38" count="7" type="stmt"/>
        <line num="39" count="7" type="stmt"/>
        <line num="42" count="7" type="cond" truecount="1" falsecount="0"/>
        <line num="43" count="7" type="stmt"/>
        <line num="44" count="7" type="stmt"/>
        <line num="45" count="7" type="stmt"/>
        <line num="49" count="0" type="stmt"/>
        <line num="50" count="0" type="stmt"/>
        <line num="59" count="0" type="stmt"/>
        <line num="60" count="0" type="cond" truecount="0" falsecount="1"/>
        <line num="62" count="0" type="stmt"/>
        <line num="63" count="0" type="stmt"/>
        <line num="66" count="0" type="stmt"/>
        <line num="67" count="0" type="stmt"/>
        <line num="70" count="0" type="stmt"/>
        <line num="71" count="0" type="cond" truecount="0" falsecount="1"/>
        <line num="72" count="0" type="stmt"/>
        <line num="73" count="0" type="cond" truecount="0" falsecount="1"/>
        <line num="74" count="0" type="stmt"/>
        <line num="76" count="0" type="stmt"/>
        <line num="77" count="0" type="stmt"/>
        <line num="82" count="0" type="stmt"/>
        <line num="83" count="0" type="stmt"/>
        <line num="84" count="0" type="stmt"/>
        <line num="86" count="0" type="cond" truecount="0" falsecount="2"/>
        <line num="88" count="0" type="stmt"/>
        <line num="89" count="0" type="stmt"/>
        <line num="92" count="0" type="cond" truecount="0" falsecount="1"/>
        <line num="93" count="0" type="cond" truecount="0" falsecount="2"/>
        <line num="94" count="0" type="cond" truecount="0" falsecount="1"/>
        <line num="95" count="0" type="cond" truecount="0" falsecount="2"/>
        <line num="96" count="0" type="stmt"/>
        <line num="98" count="0" type="stmt"/>
        <line num="101" count="0" type="stmt"/>
        <line num="105" count="0" type="stmt"/>
        <line num="108" count="0" type="cond" truecount="0" falsecount="2"/>
        <line num="109" count="0" type="stmt"/>
        <line num="111" count="0" type="stmt"/>
        <line num="113" count="0" type="stmt"/>
        <line num="122" count="0" type="stmt"/>
        <line num="130" count="0" type="stmt"/>
        <line num="131" count="0" type="stmt"/>
        <line num="132" count="0" type="cond" truecount="0" falsecount="1"/>
        <line num="133" count="0" type="stmt"/>
        <line num="135" count="0" type="stmt"/>
        <line num="142" count="0" type="stmt"/>
        <line num="143" count="0" type="stmt"/>
        <line num="144" count="0" type="stmt"/>
        <line num="151" count="0" type="stmt"/>
        <line num="152" count="0" type="stmt"/>
        <line num="153" count="0" type="stmt"/>
        <line num="160" count="0" type="stmt"/>
        <line num="161" count="0" type="cond" truecount="0" falsecount="1"/>
        <line num="162" count="0" type="stmt"/>
        <line num="170" count="0" type="cond" truecount="0" falsecount="1"/>
        <line num="171" count="0" type="stmt"/>
        <line num="175" count="0" type="stmt"/>
        <line num="176" count="0" type="cond" truecount="0" falsecount="1"/>
        <line num="177" count="0" type="stmt"/>
        <line num="181" count="0" type="stmt"/>
        <line num="182" count="0" type="cond" truecount="0" falsecount="1"/>
        <line num="183" count="0" type="stmt"/>
        <line num="191" count="0" type="stmt"/>
        <line num="192" count="0" type="stmt"/>
        <line num="193" count="0" type="stmt"/>
        <line num="201" count="6" type="stmt"/>
        <line num="202" count="6" type="stmt"/>
        <line num="204" count="6" type="stmt"/>
        <line num="205" count="6" type="stmt"/>
        <line num="207" count="6" type="stmt"/>
        <line num="208" count="6" type="stmt"/>
        <line num="211" count="6" type="stmt"/>
        <line num="223" count="13" type="stmt"/>
        <line num="224" count="2" type="stmt"/>
        <line num="226" count="13" type="stmt"/>
        <line num="228" count="13" type="stmt"/>
        <line num="229" count="13" type="stmt"/>
        <line num="231" count="13" type="cond" truecount="1" falsecount="0"/>
        <line num="232" count="6" type="stmt"/>
        <line num="233" count="6" type="stmt"/>
        <line num="237" count="7" type="stmt"/>
        <line num="240" count="7" type="stmt"/>
        <line num="241" count="13" type="stmt"/>
        <line num="242" count="13" type="stmt"/>
        <line num="245" count="7" type="stmt"/>
        <line num="253" count="13" type="cond" truecount="1" falsecount="1"/>
        <line num="261" count="13" type="stmt"/>
        <line num="264" count="0" type="stmt"/>
        <line num="265" count="0" type="stmt"/>
        <line num="266" count="0" type="stmt"/>
        <line num="268" count="0" type="cond" truecount="1" falsecount="1"/>
        <line num="272" count="13" type="stmt"/>
        <line num="274" count="13" type="stmt"/>
        <line num="278" count="13" type="stmt"/>
        <line num="285" count="0" type="stmt"/>
        <line num="286" count="0" type="cond" truecount="0" falsecount="1"/>
        <line num="287" count="0" type="stmt"/>
        <line num="299" count="0" type="cond" truecount="0" falsecount="1"/>
        <line num="300" count="0" type="stmt"/>
        <line num="308" count="0" type="cond" truecount="0" falsecount="1"/>
        <line num="309" count="0" type="stmt"/>
        <line num="317" count="0" type="cond" truecount="0" falsecount="1"/>
        <line num="318" count="0" type="stmt"/>
        <line num="326" count="0" type="stmt"/>
        <line num="333" count="4" type="stmt"/>
        <line num="340" count="1" type="stmt"/>
        <line num="341" count="1" type="cond" truecount="1" falsecount="0"/>
        <line num="343" count="1" type="stmt"/>
        <line num="344" count="1" type="stmt"/>
        <line num="347" count="1" type="stmt"/>
        <line num="349" count="1" type="stmt"/>
        <line num="350" count="1" type="cond" truecount="1" falsecount="0"/>
        <line num="351" count="1" type="stmt"/>
        <line num="360" count="0" type="stmt"/>
        <line num="361" count="0" type="cond" truecount="0" falsecount="1"/>
        <line num="362" count="0" type="stmt"/>
        <line num="365" count="0" type="stmt"/>
        <line num="372" count="14" type="stmt"/>
        <line num="373" count="14" type="cond" truecount="1" falsecount="0"/>
        <line num="374" count="14" type="stmt"/>
        <line num="382" count="0" type="stmt"/>
        <line num="383" count="0" type="cond" truecount="0" falsecount="2"/>
        <line num="390" count="0" type="stmt"/>
        <line num="391" count="0" type="cond" truecount="0" falsecount="1"/>
        <line num="392" count="0" type="stmt"/>
        <line num="400" count="1" type="stmt"/>
        <line num="401" count="2" type="stmt"/>
        <line num="403" count="1" type="stmt"/>
        <line num="404" count="1" type="stmt"/>
      </file>
    </package>
    <package name="ui.chat.services">
      <metrics statements="184" coveredstatements="134" conditionals="80" coveredconditionals="58" methods="33" coveredmethods="19"/>
      <file name="BranchManager.ts" path="/Users/jrosenbaum/Documents/Code/.obsidian/plugins/claudesidian-mcp/src/ui/chat/services/BranchManager.ts">
        <metrics statements="112" coveredstatements="70" conditionals="51" coveredconditionals="36" methods="27" coveredmethods="14"/>
        <line num="23" count="1" type="stmt"/>
        <line num="25" count="26" type="stmt"/>
        <line num="26" count="26" type="stmt"/>
        <line num="38" count="4" type="stmt"/>
        <line num="40" count="8" type="stmt"/>
        <line num="41" count="4" type="cond" truecount="1" falsecount="0"/>
        <line num="42" count="1" type="stmt"/>
        <line num="43" count="1" type="stmt"/>
        <line num="46" count="3" type="stmt"/>
        <line num="49" count="3" type="cond" truecount="1" falsecount="0"/>
        <line num="50" count="3" type="stmt"/>
        <line num="54" count="3" type="stmt"/>
        <line num="55" count="3" type="stmt"/>
        <line num="57" count="3" type="stmt"/>
        <line num="61" count="3" type="stmt"/>
        <line num="72" count="3" type="stmt"/>
        <line num="75" count="3" type="stmt"/>
        <line num="78" count="3" type="stmt"/>
        <line num="82" count="3" type="stmt"/>
        <line num="84" count="3" type="stmt"/>
        <line num="86" count="0" type="stmt"/>
        <line num="87" count="0" type="stmt"/>
        <line num="88" count="0" type="stmt"/>
        <line num="100" count="0" type="stmt"/>
        <line num="102" count="0" type="stmt"/>
        <line num="103" count="0" type="cond" truecount="0" falsecount="1"/>
        <line num="104" count="0" type="stmt"/>
        <line num="105" count="0" type="stmt"/>
        <line num="108" count="0" type="stmt"/>
        <line num="111" count="0" type="cond" truecount="0" falsecount="1"/>
        <line num="112" count="0" type="stmt"/>
        <line num="113" count="0" type="stmt"/>
        <line num="116" count="0" type="stmt"/>
        <line num="117" count="0" type="cond" truecount="0" falsecount="1"/>
        <line num="118" count="0" type="stmt"/>
        <line num="119" count="0" type="stmt"/>
        <line num="124" count="0" type="stmt"/>
        <line num="127" count="0" type="stmt"/>
        <line num="131" count="0" type="stmt"/>
        <line num="133" count="0" type="stmt"/>
        <line num="135" count="0" type="stmt"/>
        <line num="136" count="0" type="stmt"/>
        <line num="137" count="0" type="stmt"/>
        <line num="148" count="1" type="stmt"/>
        <line num="149" count="2" type="stmt"/>
        <line num="150" count="1" type="cond" truecount="0" falsecount="1"/>
        <line num="151" count="0" type="stmt"/>
        <line num="154" count="1" type="stmt"/>
        <line num="155" count="1" type="stmt"/>
        <line num="157" count="1" type="stmt"/>
        <line num="161" count="1" type="stmt"/>
        <line num="162" count="1" type="stmt"/>
        <line num="164" count="0" type="stmt"/>
        <line num="165" count="0" type="stmt"/>
        <line num="177" count="3" type="cond" truecount="1" falsecount="0"/>
        <line num="178" count="1" type="stmt"/>
        <line num="181" count="4" type="stmt"/>
        <line num="182" count="2" type="cond" truecount="1" falsecount="0"/>
        <line num="183" count="1" type="stmt"/>
        <line num="186" count="1" type="stmt"/>
        <line num="187" count="1" type="cond" truecount="3" falsecount="0"/>
        <line num="188" count="1" type="stmt"/>
        <line num="191" count="0" type="stmt"/>
        <line num="198" count="15" type="cond" truecount="2" falsecount="0"/>
        <line num="201" count="15" type="cond" truecount="3" falsecount="0"/>
        <line num="202" count="6" type="stmt"/>
        <line num="205" count="9" type="stmt"/>
        <line num="206" count="9" type="cond" truecount="3" falsecount="0"/>
        <line num="207" count="8" type="stmt"/>
        <line num="210" count="1" type="stmt"/>
        <line num="217" count="3" type="stmt"/>
        <line num="218" count="3" type="cond" truecount="1" falsecount="0"/>
        <line num="219" count="2" type="cond" truecount="1" falsecount="0"/>
        <line num="220" count="1" type="stmt"/>
        <line num="225" count="1" type="stmt"/>
        <line num="227" count="1" type="stmt"/>
        <line num="234" count="4" type="stmt"/>
        <line num="235" count="4" type="cond" truecount="1" falsecount="0"/>
        <line num="236" count="2" type="cond" truecount="1" falsecount="0"/>
        <line num="237" count="1" type="stmt"/>
        <line num="242" count="1" type="stmt"/>
        <line num="244" count="2" type="stmt"/>
        <line num="251" count="2" type="stmt"/>
        <line num="252" count="2" type="cond" truecount="1" falsecount="0"/>
        <line num="253" count="2" type="cond" truecount="1" falsecount="0"/>
        <line num="254" count="1" type="stmt"/>
        <line num="257" count="1" type="stmt"/>
        <line num="259" count="0" type="stmt"/>
        <line num="272" count="2" type="cond" truecount="2" falsecount="0"/>
        <line num="273" count="2" type="cond" truecount="2" falsecount="0"/>
        <line num="274" count="2" type="stmt"/>
        <line num="276" count="2" type="stmt"/>
        <line num="278" count="2" type="stmt"/>
        <line num="291" count="0" type="cond" truecount="0" falsecount="2"/>
        <line num="298" count="0" type="cond" truecount="0" falsecount="2"/>
        <line num="305" count="0" type="cond" truecount="0" falsecount="1"/>
        <line num="306" count="0" type="stmt"/>
        <line num="308" count="0" type="cond" truecount="0" falsecount="2"/>
        <line num="315" count="0" type="cond" truecount="0" falsecount="1"/>
        <line num="316" count="0" type="stmt"/>
        <line num="318" count="0" type="stmt"/>
        <line num="325" count="0" type="cond" truecount="0" falsecount="1"/>
        <line num="326" count="0" type="stmt"/>
        <line num="328" count="0" type="stmt"/>
        <line num="335" count="0" type="cond" truecount="0" falsecount="1"/>
        <line num="336" count="0" type="stmt"/>
        <line num="338" count="0" type="stmt"/>
        <line num="345" count="2" type="cond" truecount="2" falsecount="0"/>
        <line num="346" count="2" type="cond" truecount="2" falsecount="0"/>
        <line num="353" count="2" type="cond" truecount="2" falsecount="0"/>
        <line num="354" count="2" type="cond" truecount="1" falsecount="1"/>
        <line num="355" count="2" type="cond" truecount="2" falsecount="0"/>
      </file>
      <file name="MessageAlternativeService.ts" path="/Users/jrosenbaum/Documents/Code/.obsidian/plugins/claudesidian-mcp/src/ui/chat/services/MessageAlternativeService.ts">
        <metrics statements="72" coveredstatements="64" conditionals="29" coveredconditionals="22" methods="6" coveredmethods="5"/>
        <line num="25" count="1" type="stmt"/>
        <line num="45" count="1" type="stmt"/>
        <line num="46" count="22" type="stmt"/>
        <line num="47" count="22" type="stmt"/>
        <line num="50" count="22" type="stmt"/>
        <line num="53" count="22" type="stmt"/>
        <line num="54" count="22" type="stmt"/>
        <line num="55" count="22" type="stmt"/>
        <line num="56" count="22" type="stmt"/>
        <line num="57" count="22" type="stmt"/>
        <line num="78" count="23" type="cond" truecount="1" falsecount="0"/>
        <line num="79" count="1" type="stmt"/>
        <line num="82" count="42" type="stmt"/>
        <line num="83" count="22" type="cond" truecount="1" falsecount="0"/>
        <line num="85" count="21" type="stmt"/>
        <line num="86" count="21" type="cond" truecount="3" falsecount="0"/>
        <line num="89" count="20" type="cond" truecount="1" falsecount="0"/>
        <line num="90" count="19" type="stmt"/>
        <line num="91" count="19" type="cond" truecount="2" falsecount="1"/>
        <line num="94" count="19" type="stmt"/>
        <line num="96" count="19" type="stmt"/>
        <line num="97" count="19" type="stmt"/>
        <line num="100" count="19" type="stmt"/>
        <line num="101" count="19" type="cond" truecount="2" falsecount="0"/>
        <line num="102" count="19" type="stmt"/>
        <line num="104" count="19" type="stmt"/>
        <line num="115" count="19" type="stmt"/>
        <line num="124" count="19" type="stmt"/>
        <line num="125" count="19" type="cond" truecount="1" falsecount="2"/>
        <line num="126" count="0" type="stmt"/>
        <line num="127" count="0" type="cond" truecount="0" falsecount="1"/>
        <line num="128" count="0" type="stmt"/>
        <line num="129" count="0" type="stmt"/>
        <line num="131" count="0" type="stmt"/>
        <line num="136" count="19" type="stmt"/>
        <line num="137" count="19" type="stmt"/>
        <line num="138" count="19" type="stmt"/>
        <line num="139" count="19" type="stmt"/>
        <line num="140" count="19" type="stmt"/>
        <line num="144" count="19" type="stmt"/>
        <line num="147" count="19" type="stmt"/>
        <line num="150" count="19" type="stmt"/>
        <line num="151" count="19" type="stmt"/>
        <line num="154" count="19" type="stmt"/>
        <line num="159" count="19" type="stmt"/>
        <line num="171" count="15" type="stmt"/>
        <line num="174" count="15" type="stmt"/>
        <line num="177" count="4" type="cond" truecount="4" falsecount="0"/>
        <line num="180" count="2" type="stmt"/>
        <line num="181" count="2" type="cond" truecount="1" falsecount="0"/>
        <line num="182" count="2" type="cond" truecount="2" falsecount="0"/>
        <line num="184" count="2" type="cond" truecount="2" falsecount="0"/>
        <line num="186" count="1" type="stmt"/>
        <line num="187" count="1" type="stmt"/>
        <line num="188" count="1" type="stmt"/>
        <line num="190" count="1" type="stmt"/>
        <line num="191" count="1" type="stmt"/>
        <line num="194" count="1" type="stmt"/>
        <line num="195" count="1" type="stmt"/>
        <line num="196" count="1" type="stmt"/>
        <line num="198" count="1" type="stmt"/>
        <line num="202" count="2" type="stmt"/>
        <line num="204" count="2" type="stmt"/>
        <line num="207" count="19" type="stmt"/>
        <line num="208" count="19" type="stmt"/>
        <line num="209" count="19" type="stmt"/>
        <line num="210" count="19" type="stmt"/>
        <line num="218" count="1" type="cond" truecount="1" falsecount="2"/>
        <line num="219" count="0" type="stmt"/>
        <line num="220" count="0" type="stmt"/>
        <line num="221" count="0" type="stmt"/>
        <line num="229" count="1" type="stmt"/>
      </file>
    </package>
    <package name="ui.chat.utils">
      <metrics statements="34" coveredstatements="34" conditionals="17" coveredconditionals="17" methods="7" coveredmethods="7"/>
      <file name="AbortHandler.ts" path="/Users/jrosenbaum/Documents/Code/.obsidian/plugins/claudesidian-mcp/src/ui/chat/utils/AbortHandler.ts">
        <metrics statements="29" coveredstatements="29" conditionals="10" coveredconditionals="10" methods="5" coveredmethods="5"/>
        <line num="13" count="1" type="stmt"/>
        <line num="24" count="1" type="stmt"/>
        <line num="26" count="15" type="stmt"/>
        <line num="27" count="15" type="stmt"/>
        <line num="42" count="11" type="cond" truecount="1" falsecount="0"/>
        <line num="44" count="20" type="stmt"/>
        <line num="45" count="10" type="cond" truecount="1" falsecount="0"/>
        <line num="47" count="9" type="stmt"/>
        <line num="48" count="9" type="cond" truecount="2" falsecount="0"/>
        <line num="51" count="9" type="cond" truecount="1" falsecount="0"/>
        <line num="52" count="1" type="stmt"/>
        <line num="53" count="1" type="stmt"/>
        <line num="57" count="8" type="cond" truecount="2" falsecount="0"/>
        <line num="59" count="5" type="stmt"/>
        <line num="60" count="5" type="stmt"/>
        <line num="61" count="5" type="stmt"/>
        <line num="64" count="5" type="stmt"/>
        <line num="67" count="5" type="stmt"/>
        <line num="70" count="5" type="stmt"/>
        <line num="73" count="3" type="stmt"/>
        <line num="74" count="3" type="stmt"/>
        <line num="77" count="3" type="stmt"/>
        <line num="80" count="3" type="stmt"/>
        <line num="83" count="3" type="stmt"/>
        <line num="91" count="7" type="cond" truecount="2" falsecount="0"/>
        <line num="104" count="2" type="cond" truecount="1" falsecount="0"/>
        <line num="105" count="1" type="stmt"/>
        <line num="106" count="1" type="stmt"/>
        <line num="108" count="1" type="stmt"/>
      </file>
      <file name="toolCallUtils.ts" path="/Users/jrosenbaum/Documents/Code/.obsidian/plugins/claudesidian-mcp/src/ui/chat/utils/toolCallUtils.ts">
        <metrics statements="5" coveredstatements="5" conditionals="7" coveredconditionals="7" methods="2" coveredmethods="2"/>
        <line num="16" count="3" type="stmt"/>
        <line num="17" count="20" type="cond" truecount="3" falsecount="0"/>
        <line num="18" count="3" type="stmt"/>
        <line num="21" count="37" type="cond" truecount="2" falsecount="0"/>
        <line num="23" count="17" type="cond" truecount="2" falsecount="0"/>
      </file>
    </package>
  </project>
</coverage>
