{"/Users/jrosenbaum/Documents/Code/.obsidian/plugins/claudesidian-mcp/src/services/InlineEditService.ts": {"path":"/Users/jrosenbaum/Documents/Code/.obsidian/plugins/claudesidian-mcp/src/services/InlineEditService.ts","statementMap":{"0":{"start":{"line":24,"column":34},"end":{"line":36,"column":36}},"1":{"start":{"line":44,"column":22},"end":{"line":44,"column":44}},"2":{"start":{"line":39,"column":10},"end":{"line":39,"column":72}},"3":{"start":{"line":40,"column":10},"end":{"line":40,"column":57}},"4":{"start":{"line":41,"column":10},"end":{"line":41,"column":27}},"5":{"start":{"line":42,"column":10},"end":{"line":42,"column":46}},"6":{"start":{"line":50,"column":4},"end":{"line":50,"column":31}},"7":{"start":{"line":57,"column":4},"end":{"line":57,"column":22}},"8":{"start":{"line":64,"column":4},"end":{"line":64,"column":25}},"9":{"start":{"line":71,"column":4},"end":{"line":71,"column":50}},"10":{"start":{"line":72,"column":4},"end":{"line":72,"column":29}},"11":{"start":{"line":87,"column":4},"end":{"line":92,"column":5}},"12":{"start":{"line":88,"column":6},"end":{"line":91,"column":8}},"13":{"start":{"line":95,"column":4},"end":{"line":98,"column":5}},"14":{"start":{"line":96,"column":6},"end":{"line":96,"column":86}},"15":{"start":{"line":97,"column":6},"end":{"line":97,"column":60}},"16":{"start":{"line":101,"column":4},"end":{"line":101,"column":25}},"17":{"start":{"line":102,"column":4},"end":{"line":102,"column":83}},"18":{"start":{"line":103,"column":4},"end":{"line":103,"column":29}},"19":{"start":{"line":106,"column":4},"end":{"line":106,"column":49}},"20":{"start":{"line":108,"column":4},"end":{"line":140,"column":5}},"21":{"start":{"line":109,"column":21},"end":{"line":109,"column":58}},"22":{"start":{"line":111,"column":6},"end":{"line":122,"column":7}},"23":{"start":{"line":113,"column":8},"end":{"line":117,"column":10}},"24":{"start":{"line":118,"column":8},"end":{"line":118,"column":33}},"25":{"start":{"line":119,"column":8},"end":{"line":119,"column":44}},"26":{"start":{"line":121,"column":8},"end":{"line":121,"column":94}},"27":{"start":{"line":124,"column":6},"end":{"line":124,"column":20}},"28":{"start":{"line":127,"column":6},"end":{"line":132,"column":7}},"29":{"start":{"line":129,"column":8},"end":{"line":129,"column":76}},"30":{"start":{"line":130,"column":8},"end":{"line":130,"column":33}},"31":{"start":{"line":131,"column":8},"end":{"line":131,"column":62}},"32":{"start":{"line":134,"column":27},"end":{"line":134,"column":92}},"33":{"start":{"line":135,"column":6},"end":{"line":135,"column":64}},"34":{"start":{"line":136,"column":6},"end":{"line":136,"column":53}},"35":{"start":{"line":138,"column":6},"end":{"line":138,"column":28}},"36":{"start":{"line":139,"column":6},"end":{"line":139,"column":34}},"37":{"start":{"line":147,"column":64},"end":{"line":147,"column":71}},"38":{"start":{"line":150,"column":21},"end":{"line":150,"column":84}},"39":{"start":{"line":151,"column":4},"end":{"line":153,"column":5}},"40":{"start":{"line":152,"column":6},"end":{"line":152,"column":66}},"41":{"start":{"line":156,"column":21},"end":{"line":159,"column":6}},"42":{"start":{"line":162,"column":20},"end":{"line":167,"column":6}},"43":{"start":{"line":169,"column":26},"end":{"line":169,"column":28}},"44":{"start":{"line":170,"column":22},"end":{"line":170,"column":23}},"45":{"start":{"line":171,"column":23},"end":{"line":171,"column":24}},"46":{"start":{"line":174,"column":4},"end":{"line":174,"column":83}},"47":{"start":{"line":175,"column":4},"end":{"line":175,"column":29}},"48":{"start":{"line":178,"column":4},"end":{"line":203,"column":5}},"49":{"start":{"line":180,"column":6},"end":{"line":182,"column":7}},"50":{"start":{"line":181,"column":8},"end":{"line":181,"column":75}},"51":{"start":{"line":185,"column":6},"end":{"line":196,"column":7}},"52":{"start":{"line":186,"column":8},"end":{"line":186,"column":39}},"53":{"start":{"line":189,"column":8},"end":{"line":193,"column":10}},"54":{"start":{"line":194,"column":8},"end":{"line":194,"column":33}},"55":{"start":{"line":195,"column":8},"end":{"line":195,"column":52}},"56":{"start":{"line":199,"column":6},"end":{"line":202,"column":7}},"57":{"start":{"line":200,"column":8},"end":{"line":200,"column":52}},"58":{"start":{"line":201,"column":8},"end":{"line":201,"column":57}},"59":{"start":{"line":206,"column":4},"end":{"line":213,"column":6}},"60":{"start":{"line":220,"column":4},"end":{"line":222,"column":5}},"61":{"start":{"line":221,"column":6},"end":{"line":221,"column":35}},"62":{"start":{"line":229,"column":4},"end":{"line":229,"column":18}},"63":{"start":{"line":230,"column":4},"end":{"line":230,"column":26}},"64":{"start":{"line":231,"column":4},"end":{"line":231,"column":50}},"65":{"start":{"line":232,"column":4},"end":{"line":232,"column":29}},"66":{"start":{"line":239,"column":4},"end":{"line":245,"column":5}},"67":{"start":{"line":240,"column":6},"end":{"line":243,"column":8}},"68":{"start":{"line":252,"column":4},"end":{"line":252,"column":62}},"69":{"start":{"line":253,"column":4},"end":{"line":253,"column":29}},"70":{"start":{"line":254,"column":4},"end":{"line":254,"column":38}},"71":{"start":{"line":261,"column":4},"end":{"line":261,"column":47}},"72":{"start":{"line":268,"column":4},"end":{"line":268,"column":18}},"73":{"start":{"line":269,"column":4},"end":{"line":269,"column":24}},"74":{"start":{"line":38,"column":0},"end":{"line":38,"column":13}}},"fnMap":{"0":{"name":"(anonymous_0)","decl":{"start":{"line":44,"column":2},"end":{"line":44,"column":22}},"loc":{"start":{"line":44,"column":44},"end":{"line":44,"column":48}}},"1":{"name":"(anonymous_1)","decl":{"start":{"line":49,"column":2},"end":{"line":49,"column":14}},"loc":{"start":{"line":49,"column":45},"end":{"line":51,"column":3}}},"2":{"name":"(anonymous_2)","decl":{"start":{"line":56,"column":2},"end":{"line":56,"column":10}},"loc":{"start":{"line":56,"column":10},"end":{"line":58,"column":3}}},"3":{"name":"(anonymous_3)","decl":{"start":{"line":63,"column":2},"end":{"line":63,"column":14}},"loc":{"start":{"line":63,"column":14},"end":{"line":65,"column":3}}},"4":{"name":"(anonymous_4)","decl":{"start":{"line":70,"column":2},"end":{"line":70,"column":12}},"loc":{"start":{"line":70,"column":33},"end":{"line":73,"column":3}}},"5":{"name":"(anonymous_5)","decl":{"start":{"line":85,"column":2},"end":{"line":85,"column":7}},"loc":{"start":{"line":85,"column":43},"end":{"line":141,"column":3}}},"6":{"name":"(anonymous_6)","decl":{"start":{"line":146,"column":10},"end":{"line":146,"column":15}},"loc":{"start":{"line":146,"column":60},"end":{"line":214,"column":3}}},"7":{"name":"(anonymous_7)","decl":{"start":{"line":219,"column":2},"end":{"line":219,"column":8}},"loc":{"start":{"line":219,"column":8},"end":{"line":223,"column":3}}},"8":{"name":"(anonymous_8)","decl":{"start":{"line":228,"column":2},"end":{"line":228,"column":7}},"loc":{"start":{"line":228,"column":58},"end":{"line":233,"column":3}}},"9":{"name":"(anonymous_9)","decl":{"start":{"line":238,"column":2},"end":{"line":238,"column":18}},"loc":{"start":{"line":238,"column":34},"end":{"line":246,"column":3}}},"10":{"name":"(anonymous_10)","decl":{"start":{"line":251,"column":10},"end":{"line":251,"column":27}},"loc":{"start":{"line":251,"column":69},"end":{"line":255,"column":3}}},"11":{"name":"(anonymous_11)","decl":{"start":{"line":260,"column":10},"end":{"line":260,"column":27}},"loc":{"start":{"line":260,"column":27},"end":{"line":262,"column":3}}},"12":{"name":"(anonymous_12)","decl":{"start":{"line":267,"column":2},"end":{"line":267,"column":9}},"loc":{"start":{"line":267,"column":9},"end":{"line":270,"column":3}}}},"branchMap":{"0":{"loc":{"start":{"line":87,"column":4},"end":{"line":92,"column":5}},"type":"if","locations":[{"start":{"line":87,"column":4},"end":{"line":92,"column":5}}]},"1":{"loc":{"start":{"line":95,"column":4},"end":{"line":98,"column":5}},"type":"if","locations":[{"start":{"line":95,"column":4},"end":{"line":98,"column":5}}]},"2":{"loc":{"start":{"line":95,"column":8},"end":{"line":95,"column":71}},"type":"binary-expr","locations":[{"start":{"line":95,"column":8},"end":{"line":95,"column":28}},{"start":{"line":95,"column":32},"end":{"line":95,"column":71}}]},"3":{"loc":{"start":{"line":111,"column":6},"end":{"line":122,"column":7}},"type":"if","locations":[{"start":{"line":111,"column":6},"end":{"line":122,"column":7}},{"start":{"line":120,"column":13},"end":{"line":122,"column":7}}]},"4":{"loc":{"start":{"line":111,"column":10},"end":{"line":111,"column":45}},"type":"binary-expr","locations":[{"start":{"line":111,"column":10},"end":{"line":111,"column":24}},{"start":{"line":111,"column":28},"end":{"line":111,"column":45}}]},"5":{"loc":{"start":{"line":121,"column":31},"end":{"line":121,"column":71}},"type":"binary-expr","locations":[{"start":{"line":121,"column":31},"end":{"line":121,"column":43}},{"start":{"line":121,"column":47},"end":{"line":121,"column":71}}]},"6":{"loc":{"start":{"line":127,"column":6},"end":{"line":132,"column":7}},"type":"if","locations":[{"start":{"line":127,"column":6},"end":{"line":132,"column":7}}]},"7":{"loc":{"start":{"line":127,"column":10},"end":{"line":127,"column":70}},"type":"binary-expr","locations":[{"start":{"line":127,"column":10},"end":{"line":127,"column":39}},{"start":{"line":127,"column":43},"end":{"line":127,"column":70}}]},"8":{"loc":{"start":{"line":134,"column":27},"end":{"line":134,"column":92}},"type":"cond-expr","locations":[{"start":{"line":134,"column":52},"end":{"line":134,"column":65}},{"start":{"line":134,"column":68},"end":{"line":134,"column":92}}]},"9":{"loc":{"start":{"line":151,"column":4},"end":{"line":153,"column":5}},"type":"if","locations":[{"start":{"line":151,"column":4},"end":{"line":153,"column":5}}]},"10":{"loc":{"start":{"line":180,"column":6},"end":{"line":182,"column":7}},"type":"if","locations":[{"start":{"line":180,"column":6},"end":{"line":182,"column":7}}]},"11":{"loc":{"start":{"line":185,"column":6},"end":{"line":196,"column":7}},"type":"if","locations":[{"start":{"line":185,"column":6},"end":{"line":196,"column":7}}]},"12":{"loc":{"start":{"line":199,"column":6},"end":{"line":202,"column":7}},"type":"if","locations":[{"start":{"line":199,"column":6},"end":{"line":202,"column":7}}]},"13":{"loc":{"start":{"line":199,"column":10},"end":{"line":199,"column":39}},"type":"binary-expr","locations":[{"start":{"line":199,"column":10},"end":{"line":199,"column":24}},{"start":{"line":199,"column":28},"end":{"line":199,"column":39}}]},"14":{"loc":{"start":{"line":200,"column":22},"end":{"line":200,"column":51}},"type":"binary-expr","locations":[{"start":{"line":200,"column":22},"end":{"line":200,"column":46}},{"start":{"line":200,"column":50},"end":{"line":200,"column":51}}]},"15":{"loc":{"start":{"line":201,"column":23},"end":{"line":201,"column":56}},"type":"binary-expr","locations":[{"start":{"line":201,"column":23},"end":{"line":201,"column":51}},{"start":{"line":201,"column":55},"end":{"line":201,"column":56}}]},"16":{"loc":{"start":{"line":220,"column":4},"end":{"line":222,"column":5}},"type":"if","locations":[{"start":{"line":220,"column":4},"end":{"line":222,"column":5}}]},"17":{"loc":{"start":{"line":220,"column":8},"end":{"line":220,"column":45}},"type":"binary-expr","locations":[{"start":{"line":220,"column":8},"end":{"line":220,"column":28}},{"start":{"line":220,"column":32},"end":{"line":220,"column":45}}]},"18":{"loc":{"start":{"line":239,"column":4},"end":{"line":245,"column":5}},"type":"if","locations":[{"start":{"line":239,"column":4},"end":{"line":245,"column":5}}]}},"s":{"0":1,"1":71,"2":71,"3":71,"4":71,"5":71,"6":70,"7":10,"8":4,"9":42,"10":42,"11":36,"12":1,"13":35,"14":4,"15":4,"16":31,"17":31,"18":31,"19":31,"20":31,"21":31,"22":20,"23":19,"24":19,"25":19,"26":1,"27":20,"28":11,"29":6,"30":6,"31":6,"32":5,"33":5,"34":5,"35":31,"36":31,"37":31,"38":31,"39":31,"40":31,"41":31,"42":31,"43":31,"44":31,"45":31,"46":31,"47":31,"48":31,"49":52,"50":6,"51":46,"52":25,"53":25,"54":25,"55":25,"56":46,"57":20,"58":20,"59":20,"60":50,"61":6,"62":2,"63":2,"64":2,"65":2,"66":2,"67":1,"68":10,"69":10,"70":10,"71":166,"72":42,"73":42,"74":1},"f":{"0":71,"1":70,"2":10,"3":4,"4":42,"5":36,"6":31,"7":50,"8":2,"9":2,"10":10,"11":166,"12":42},"b":{"0":[1],"1":[4],"2":[35,32],"3":[19,1],"4":[20,20],"5":[1,1],"6":[6],"7":[11,6],"8":[5,0],"9":[31],"10":[6],"11":[25],"12":[20],"13":[46,20],"14":[20,0],"15":[20,1],"16":[6],"17":[50,6],"18":[1]}}
}
