{"/Users/jrosenbaum/Documents/Code/.obsidian/plugins/claudesidian-mcp/src/services/InlineEditService.ts": {"path":"/Users/jrosenbaum/Documents/Code/.obsidian/plugins/claudesidian-mcp/src/services/InlineEditService.ts","statementMap":{"0":{"start":{"line":24,"column":34},"end":{"line":36,"column":36}},"1":{"start":{"line":44,"column":22},"end":{"line":44,"column":44}},"2":{"start":{"line":39,"column":10},"end":{"line":39,"column":72}},"3":{"start":{"line":40,"column":10},"end":{"line":40,"column":57}},"4":{"start":{"line":41,"column":10},"end":{"line":41,"column":27}},"5":{"start":{"line":42,"column":10},"end":{"line":42,"column":46}},"6":{"start":{"line":50,"column":4},"end":{"line":50,"column":31}},"7":{"start":{"line":57,"column":4},"end":{"line":57,"column":22}},"8":{"start":{"line":64,"column":4},"end":{"line":64,"column":25}},"9":{"start":{"line":71,"column":4},"end":{"line":71,"column":50}},"10":{"start":{"line":72,"column":4},"end":{"line":72,"column":29}},"11":{"start":{"line":87,"column":4},"end":{"line":92,"column":5}},"12":{"start":{"line":88,"column":6},"end":{"line":91,"column":8}},"13":{"start":{"line":95,"column":4},"end":{"line":98,"column":5}},"14":{"start":{"line":96,"column":6},"end":{"line":96,"column":86}},"15":{"start":{"line":97,"column":6},"end":{"line":97,"column":60}},"16":{"start":{"line":101,"column":4},"end":{"line":101,"column":25}},"17":{"start":{"line":102,"column":4},"end":{"line":102,"column":83}},"18":{"start":{"line":103,"column":4},"end":{"line":103,"column":29}},"19":{"start":{"line":106,"column":4},"end":{"line":106,"column":49}},"20":{"start":{"line":108,"column":4},"end":{"line":140,"column":5}},"21":{"start":{"line":109,"column":21},"end":{"line":109,"column":58}},"22":{"start":{"line":111,"column":6},"end":{"line":122,"column":7}},"23":{"start":{"line":113,"column":8},"end":{"line":117,"column":10}},"24":{"start":{"line":118,"column":8},"end":{"line":118,"column":33}},"25":{"start":{"line":119,"column":8},"end":{"line":119,"column":44}},"26":{"start":{"line":121,"column":8},"end":{"line":121,"column":94}},"27":{"start":{"line":124,"column":6},"end":{"line":124,"column":20}},"28":{"start":{"line":127,"column":6},"end":{"line":132,"column":7}},"29":{"start":{"line":129,"column":8},"end":{"line":129,"column":76}},"30":{"start":{"line":130,"column":8},"end":{"line":130,"column":33}},"31":{"start":{"line":131,"column":8},"end":{"line":131,"column":62}},"32":{"start":{"line":134,"column":27},"end":{"line":134,"column":92}},"33":{"start":{"line":135,"column":6},"end":{"line":135,"column":64}},"34":{"start":{"line":136,"column":6},"end":{"line":136,"column":53}},"35":{"start":{"line":138,"column":6},"end":{"line":138,"column":28}},"36":{"start":{"line":139,"column":6},"end":{"line":139,"column":34}},"37":{"start":{"line":147,"column":64},"end":{"line":147,"column":71}},"38":{"start":{"line":150,"column":21},"end":{"line":150,"column":84}},"39":{"start":{"line":151,"column":4},"end":{"line":153,"column":5}},"40":{"start":{"line":152,"column":6},"end":{"line":152,"column":66}},"41":{"start":{"line":156,"column":21},"end":{"line":159,"column":6}},"42":{"start":{"line":162,"column":20},"end":{"line":167,"column":6}},"43":{"start":{"line":169,"column":26},"end":{"line":169,"column":28}},"44":{"start":{"line":170,"column":22},"end":{"line":170,"column":23}},"45":{"start":{"line":171,"column":23},"end":{"line":171,"column":24}},"46":{"start":{"line":174,"column":4},"end":{"line":174,"column":83}},"47":{"start":{"line":175,"column":4},"end":{"line":175,"column":29}},"48":{"start":{"line":178,"column":4},"end":{"line":203,"column":5}},"49":{"start":{"line":180,"column":6},"end":{"line":182,"column":7}},"50":{"start":{"line":181,"column":8},"end":{"line":181,"column":75}},"51":{"start":{"line":185,"column":6},"end":{"line":196,"column":7}},"52":{"start":{"line":186,"column":8},"end":{"line":186,"column":39}},"53":{"start":{"line":189,"column":8},"end":{"line":193,"column":10}},"54":{"start":{"line":194,"column":8},"end":{"line":194,"column":33}},"55":{"start":{"line":195,"column":8},"end":{"line":195,"column":52}},"56":{"start":{"line":199,"column":6},"end":{"line":202,"column":7}},"57":{"start":{"line":200,"column":8},"end":{"line":200,"column":52}},"58":{"start":{"line":201,"column":8},"end":{"line":201,"column":57}},"59":{"start":{"line":206,"column":4},"end":{"line":213,"column":6}},"60":{"start":{"line":220,"column":4},"end":{"line":222,"column":5}},"61":{"start":{"line":221,"column":6},"end":{"line":221,"column":35}},"62":{"start":{"line":229,"column":4},"end":{"line":229,"column":18}},"63":{"start":{"line":230,"column":4},"end":{"line":230,"column":26}},"64":{"start":{"line":231,"column":4},"end":{"line":231,"column":50}},"65":{"start":{"line":232,"column":4},"end":{"line":232,"column":29}},"66":{"start":{"line":239,"column":4},"end":{"line":245,"column":5}},"67":{"start":{"line":240,"column":6},"end":{"line":243,"column":8}},"68":{"start":{"line":252,"column":4},"end":{"line":252,"column":62}},"69":{"start":{"line":253,"column":4},"end":{"line":253,"column":29}},"70":{"start":{"line":254,"column":4},"end":{"line":254,"column":38}},"71":{"start":{"line":261,"column":4},"end":{"line":261,"column":47}},"72":{"start":{"line":268,"column":4},"end":{"line":268,"column":18}},"73":{"start":{"line":269,"column":4},"end":{"line":269,"column":24}},"74":{"start":{"line":38,"column":0},"end":{"line":38,"column":13}}},"fnMap":{"0":{"name":"(anonymous_0)","decl":{"start":{"line":44,"column":2},"end":{"line":44,"column":22}},"loc":{"start":{"line":44,"column":44},"end":{"line":44,"column":48}}},"1":{"name":"(anonymous_1)","decl":{"start":{"line":49,"column":2},"end":{"line":49,"column":14}},"loc":{"start":{"line":49,"column":45},"end":{"line":51,"column":3}}},"2":{"name":"(anonymous_2)","decl":{"start":{"line":56,"column":2},"end":{"line":56,"column":10}},"loc":{"start":{"line":56,"column":10},"end":{"line":58,"column":3}}},"3":{"name":"(anonymous_3)","decl":{"start":{"line":63,"column":2},"end":{"line":63,"column":14}},"loc":{"start":{"line":63,"column":14},"end":{"line":65,"column":3}}},"4":{"name":"(anonymous_4)","decl":{"start":{"line":70,"column":2},"end":{"line":70,"column":12}},"loc":{"start":{"line":70,"column":33},"end":{"line":73,"column":3}}},"5":{"name":"(anonymous_5)","decl":{"start":{"line":85,"column":2},"end":{"line":85,"column":7}},"loc":{"start":{"line":85,"column":43},"end":{"line":141,"column":3}}},"6":{"name":"(anonymous_6)","decl":{"start":{"line":146,"column":10},"end":{"line":146,"column":15}},"loc":{"start":{"line":146,"column":60},"end":{"line":214,"column":3}}},"7":{"name":"(anonymous_7)","decl":{"start":{"line":219,"column":2},"end":{"line":219,"column":8}},"loc":{"start":{"line":219,"column":8},"end":{"line":223,"column":3}}},"8":{"name":"(anonymous_8)","decl":{"start":{"line":228,"column":2},"end":{"line":228,"column":7}},"loc":{"start":{"line":228,"column":28},"end":{"line":233,"column":3}}},"9":{"name":"(anonymous_9)","decl":{"start":{"line":238,"column":2},"end":{"line":238,"column":18}},"loc":{"start":{"line":238,"column":34},"end":{"line":246,"column":3}}},"10":{"name":"(anonymous_10)","decl":{"start":{"line":251,"column":10},"end":{"line":251,"column":27}},"loc":{"start":{"line":251,"column":69},"end":{"line":255,"column":3}}},"11":{"name":"(anonymous_11)","decl":{"start":{"line":260,"column":10},"end":{"line":260,"column":27}},"loc":{"start":{"line":260,"column":27},"end":{"line":262,"column":3}}},"12":{"name":"(anonymous_12)","decl":{"start":{"line":267,"column":2},"end":{"line":267,"column":9}},"loc":{"start":{"line":267,"column":9},"end":{"line":270,"column":3}}}},"branchMap":{"0":{"loc":{"start":{"line":87,"column":4},"end":{"line":92,"column":5}},"type":"if","locations":[{"start":{"line":87,"column":4},"end":{"line":92,"column":5}}]},"1":{"loc":{"start":{"line":95,"column":4},"end":{"line":98,"column":5}},"type":"if","locations":[{"start":{"line":95,"column":4},"end":{"line":98,"column":5}}]},"2":{"loc":{"start":{"line":95,"column":8},"end":{"line":95,"column":71}},"type":"binary-expr","locations":[{"start":{"line":95,"column":8},"end":{"line":95,"column":28}},{"start":{"line":95,"column":32},"end":{"line":95,"column":71}}]},"3":{"loc":{"start":{"line":111,"column":6},"end":{"line":122,"column":7}},"type":"if","locations":[{"start":{"line":111,"column":6},"end":{"line":122,"column":7}},{"start":{"line":120,"column":13},"end":{"line":122,"column":7}}]},"4":{"loc":{"start":{"line":111,"column":10},"end":{"line":111,"column":45}},"type":"binary-expr","locations":[{"start":{"line":111,"column":10},"end":{"line":111,"column":24}},{"start":{"line":111,"column":28},"end":{"line":111,"column":45}}]},"5":{"loc":{"start":{"line":121,"column":31},"end":{"line":121,"column":71}},"type":"binary-expr","locations":[{"start":{"line":121,"column":31},"end":{"line":121,"column":43}},{"start":{"line":121,"column":47},"end":{"line":121,"column":71}}]},"6":{"loc":{"start":{"line":127,"column":6},"end":{"line":132,"column":7}},"type":"if","locations":[{"start":{"line":127,"column":6},"end":{"line":132,"column":7}}]},"7":{"loc":{"start":{"line":127,"column":10},"end":{"line":127,"column":70}},"type":"binary-expr","locations":[{"start":{"line":127,"column":10},"end":{"line":127,"column":39}},{"start":{"line":127,"column":43},"end":{"line":127,"column":70}}]},"8":{"loc":{"start":{"line":134,"column":27},"end":{"line":134,"column":92}},"type":"cond-expr","locations":[{"start":{"line":134,"column":52},"end":{"line":134,"column":65}},{"start":{"line":134,"column":68},"end":{"line":134,"column":92}}]},"9":{"loc":{"start":{"line":151,"column":4},"end":{"line":153,"column":5}},"type":"if","locations":[{"start":{"line":151,"column":4},"end":{"line":153,"column":5}}]},"10":{"loc":{"start":{"line":180,"column":6},"end":{"line":182,"column":7}},"type":"if","locations":[{"start":{"line":180,"column":6},"end":{"line":182,"column":7}}]},"11":{"loc":{"start":{"line":185,"column":6},"end":{"line":196,"column":7}},"type":"if","locations":[{"start":{"line":185,"column":6},"end":{"line":196,"column":7}}]},"12":{"loc":{"start":{"line":199,"column":6},"end":{"line":202,"column":7}},"type":"if","locations":[{"start":{"line":199,"column":6},"end":{"line":202,"column":7}}]},"13":{"loc":{"start":{"line":199,"column":10},"end":{"line":199,"column":39}},"type":"binary-expr","locations":[{"start":{"line":199,"column":10},"end":{"line":199,"column":24}},{"start":{"line":199,"column":28},"end":{"line":199,"column":39}}]},"14":{"loc":{"start":{"line":200,"column":22},"end":{"line":200,"column":51}},"type":"binary-expr","locations":[{"start":{"line":200,"column":22},"end":{"line":200,"column":46}},{"start":{"line":200,"column":50},"end":{"line":200,"column":51}}]},"15":{"loc":{"start":{"line":201,"column":23},"end":{"line":201,"column":56}},"type":"binary-expr","locations":[{"start":{"line":201,"column":23},"end":{"line":201,"column":51}},{"start":{"line":201,"column":55},"end":{"line":201,"column":56}}]},"16":{"loc":{"start":{"line":220,"column":4},"end":{"line":222,"column":5}},"type":"if","locations":[{"start":{"line":220,"column":4},"end":{"line":222,"column":5}}]},"17":{"loc":{"start":{"line":220,"column":8},"end":{"line":220,"column":45}},"type":"binary-expr","locations":[{"start":{"line":220,"column":8},"end":{"line":220,"column":28}},{"start":{"line":220,"column":32},"end":{"line":220,"column":45}}]},"18":{"loc":{"start":{"line":239,"column":4},"end":{"line":245,"column":5}},"type":"if","locations":[{"start":{"line":239,"column":4},"end":{"line":245,"column":5}}]}},"s":{"0":1,"1":73,"2":73,"3":73,"4":73,"5":73,"6":72,"7":11,"8":5,"9":43,"10":43,"11":37,"12":1,"13":36,"14":4,"15":4,"16":32,"17":32,"18":32,"19":32,"20":32,"21":32,"22":20,"23":19,"24":19,"25":19,"26":1,"27":20,"28":12,"29":6,"30":6,"31":6,"32":6,"33":6,"34":6,"35":32,"36":32,"37":32,"38":32,"39":32,"40":32,"41":32,"42":32,"43":32,"44":32,"45":32,"46":32,"47":32,"48":32,"49":53,"50":6,"51":47,"52":26,"53":26,"54":26,"55":26,"56":47,"57":20,"58":20,"59":20,"60":51,"61":6,"62":2,"63":2,"64":2,"65":2,"66":2,"67":1,"68":11,"69":11,"70":11,"71":171,"72":43,"73":43,"74":1},"f":{"0":73,"1":72,"2":11,"3":5,"4":43,"5":37,"6":32,"7":51,"8":2,"9":2,"10":11,"11":171,"12":43},"b":{"0":[1],"1":[4],"2":[36,33],"3":[19,1],"4":[20,20],"5":[1,1],"6":[6],"7":[12,6],"8":[6,0],"9":[32],"10":[6],"11":[26],"12":[20],"13":[47,20],"14":[20,0],"15":[20,1],"16":[6],"17":[51,6],"18":[1]}}
,"/Users/jrosenbaum/Documents/Code/.obsidian/plugins/claudesidian-mcp/src/ui/chat/components/MessageBranchNavigator.ts": {"path":"/Users/jrosenbaum/Documents/Code/.obsidian/plugins/claudesidian-mcp/src/ui/chat/components/MessageBranchNavigator.ts","statementMap":{"0":{"start":{"line":9,"column":0},"end":{"line":9,"column":46}},"1":{"start":{"line":25,"column":12},"end":{"line":25,"column":48}},"2":{"start":{"line":26,"column":12},"end":{"line":26,"column":33}},"3":{"start":{"line":21,"column":10},"end":{"line":21,"column":60}},"4":{"start":{"line":28,"column":4},"end":{"line":28,"column":31}},"5":{"start":{"line":29,"column":4},"end":{"line":29,"column":33}},"6":{"start":{"line":30,"column":4},"end":{"line":30,"column":16}},"7":{"start":{"line":37,"column":4},"end":{"line":37,"column":56}},"8":{"start":{"line":39,"column":4},"end":{"line":45,"column":7}},"9":{"start":{"line":46,"column":4},"end":{"line":46,"column":45}},"10":{"start":{"line":49,"column":4},"end":{"line":49,"column":80}},"11":{"start":{"line":50,"column":4},"end":{"line":50,"column":45}},"12":{"start":{"line":52,"column":4},"end":{"line":58,"column":7}},"13":{"start":{"line":59,"column":4},"end":{"line":59,"column":46}},"14":{"start":{"line":62,"column":24},"end":{"line":62,"column":62}},"15":{"start":{"line":62,"column":30},"end":{"line":62,"column":62}},"16":{"start":{"line":63,"column":24},"end":{"line":63,"column":58}},"17":{"start":{"line":63,"column":30},"end":{"line":63,"column":58}},"18":{"start":{"line":64,"column":4},"end":{"line":64,"column":76}},"19":{"start":{"line":65,"column":4},"end":{"line":65,"column":76}},"20":{"start":{"line":72,"column":4},"end":{"line":72,"column":34}},"21":{"start":{"line":73,"column":4},"end":{"line":73,"column":25}},"22":{"start":{"line":80,"column":4},"end":{"line":83,"column":5}},"23":{"start":{"line":81,"column":6},"end":{"line":81,"column":18}},"24":{"start":{"line":82,"column":6},"end":{"line":82,"column":13}},"25":{"start":{"line":85,"column":29},"end":{"line":85,"column":55}},"26":{"start":{"line":86,"column":25},"end":{"line":86,"column":72}},"27":{"start":{"line":89,"column":4},"end":{"line":89,"column":16}},"28":{"start":{"line":90,"column":4},"end":{"line":90,"column":81}},"29":{"start":{"line":93,"column":4},"end":{"line":93,"column":60}},"30":{"start":{"line":100,"column":20},"end":{"line":100,"column":38}},"31":{"start":{"line":101,"column":19},"end":{"line":101,"column":50}},"32":{"start":{"line":103,"column":4},"end":{"line":103,"column":39}},"33":{"start":{"line":104,"column":4},"end":{"line":104,"column":38}},"34":{"start":{"line":107,"column":4},"end":{"line":107,"column":53}},"35":{"start":{"line":108,"column":4},"end":{"line":108,"column":52}},"36":{"start":{"line":115,"column":4},"end":{"line":115,"column":37}},"37":{"start":{"line":115,"column":30},"end":{"line":115,"column":37}},"38":{"start":{"line":117,"column":25},"end":{"line":117,"column":72}},"39":{"start":{"line":118,"column":4},"end":{"line":118,"column":34}},"40":{"start":{"line":118,"column":27},"end":{"line":118,"column":34}},"41":{"start":{"line":120,"column":21},"end":{"line":120,"column":37}},"42":{"start":{"line":121,"column":4},"end":{"line":121,"column":71}},"43":{"start":{"line":122,"column":4},"end":{"line":122,"column":25}},"44":{"start":{"line":129,"column":4},"end":{"line":129,"column":37}},"45":{"start":{"line":129,"column":30},"end":{"line":129,"column":37}},"46":{"start":{"line":131,"column":25},"end":{"line":131,"column":72}},"47":{"start":{"line":132,"column":23},"end":{"line":132,"column":49}},"48":{"start":{"line":133,"column":4},"end":{"line":133,"column":47}},"49":{"start":{"line":133,"column":40},"end":{"line":133,"column":47}},"50":{"start":{"line":135,"column":21},"end":{"line":135,"column":37}},"51":{"start":{"line":136,"column":4},"end":{"line":136,"column":71}},"52":{"start":{"line":137,"column":4},"end":{"line":137,"column":25}},"53":{"start":{"line":144,"column":4},"end":{"line":144,"column":88}},"54":{"start":{"line":151,"column":4},"end":{"line":151,"column":42}},"55":{"start":{"line":151,"column":33},"end":{"line":151,"column":42}},"56":{"start":{"line":152,"column":4},"end":{"line":152,"column":55}},"57":{"start":{"line":159,"column":4},"end":{"line":159,"column":66}},"58":{"start":{"line":160,"column":4},"end":{"line":160,"column":64}},"59":{"start":{"line":167,"column":4},"end":{"line":167,"column":67}},"60":{"start":{"line":168,"column":4},"end":{"line":168,"column":63}},"61":{"start":{"line":175,"column":4},"end":{"line":175,"column":42}},"62":{"start":{"line":175,"column":30},"end":{"line":175,"column":42}},"63":{"start":{"line":177,"column":25},"end":{"line":177,"column":72}},"64":{"start":{"line":178,"column":23},"end":{"line":178,"column":49}},"65":{"start":{"line":180,"column":4},"end":{"line":184,"column":6}},"66":{"start":{"line":191,"column":4},"end":{"line":191,"column":71}},"67":{"start":{"line":201,"column":4},"end":{"line":201,"column":27}},"68":{"start":{"line":202,"column":4},"end":{"line":202,"column":31}},"69":{"start":{"line":16,"column":0},"end":{"line":16,"column":13}}},"fnMap":{"0":{"name":"(anonymous_0)","decl":{"start":{"line":23,"column":2},"end":{"line":23,"column":null}},"loc":{"start":{"line":26,"column":33},"end":{"line":31,"column":3}}},"1":{"name":"(anonymous_1)","decl":{"start":{"line":36,"column":10},"end":{"line":36,"column":31}},"loc":{"start":{"line":36,"column":31},"end":{"line":66,"column":3}}},"2":{"name":"(anonymous_2)","decl":{"start":{"line":62,"column":24},"end":{"line":62,"column":27}},"loc":{"start":{"line":62,"column":30},"end":{"line":62,"column":62}}},"3":{"name":"(anonymous_3)","decl":{"start":{"line":63,"column":24},"end":{"line":63,"column":27}},"loc":{"start":{"line":63,"column":30},"end":{"line":63,"column":58}}},"4":{"name":"(anonymous_4)","decl":{"start":{"line":71,"column":2},"end":{"line":71,"column":15}},"loc":{"start":{"line":71,"column":44},"end":{"line":74,"column":3}}},"5":{"name":"(anonymous_5)","decl":{"start":{"line":79,"column":10},"end":{"line":79,"column":23}},"loc":{"start":{"line":79,"column":23},"end":{"line":94,"column":3}}},"6":{"name":"(anonymous_6)","decl":{"start":{"line":99,"column":10},"end":{"line":99,"column":28}},"loc":{"start":{"line":99,"column":69},"end":{"line":109,"column":3}}},"7":{"name":"(anonymous_7)","decl":{"start":{"line":114,"column":10},"end":{"line":114,"column":15}},"loc":{"start":{"line":114,"column":41},"end":{"line":123,"column":3}}},"8":{"name":"(anonymous_8)","decl":{"start":{"line":128,"column":10},"end":{"line":128,"column":15}},"loc":{"start":{"line":128,"column":37},"end":{"line":138,"column":3}}},"9":{"name":"(anonymous_9)","decl":{"start":{"line":143,"column":10},"end":{"line":143,"column":25}},"loc":{"start":{"line":143,"column":25},"end":{"line":145,"column":3}}},"10":{"name":"(anonymous_10)","decl":{"start":{"line":150,"column":10},"end":{"line":150,"column":29}},"loc":{"start":{"line":150,"column":29},"end":{"line":153,"column":3}}},"11":{"name":"(anonymous_11)","decl":{"start":{"line":158,"column":10},"end":{"line":158,"column":14}},"loc":{"start":{"line":158,"column":14},"end":{"line":161,"column":3}}},"12":{"name":"(anonymous_12)","decl":{"start":{"line":166,"column":10},"end":{"line":166,"column":14}},"loc":{"start":{"line":166,"column":14},"end":{"line":169,"column":3}}},"13":{"name":"(anonymous_13)","decl":{"start":{"line":174,"column":2},"end":{"line":174,"column":27}},"loc":{"start":{"line":174,"column":27},"end":{"line":185,"column":3}}},"14":{"name":"(anonymous_14)","decl":{"start":{"line":190,"column":2},"end":{"line":190,"column":11}},"loc":{"start":{"line":190,"column":11},"end":{"line":192,"column":3}}},"15":{"name":"(anonymous_15)","decl":{"start":{"line":200,"column":2},"end":{"line":200,"column":9}},"loc":{"start":{"line":200,"column":9},"end":{"line":203,"column":3}}}},"branchMap":{"0":{"loc":{"start":{"line":80,"column":4},"end":{"line":83,"column":5}},"type":"if","locations":[{"start":{"line":80,"column":4},"end":{"line":83,"column":5}}]},"1":{"loc":{"start":{"line":80,"column":8},"end":{"line":80,"column":55}},"type":"binary-expr","locations":[{"start":{"line":80,"column":8},"end":{"line":80,"column":28}},{"start":{"line":80,"column":32},"end":{"line":80,"column":55}}]},"2":{"loc":{"start":{"line":86,"column":25},"end":{"line":86,"column":72}},"type":"binary-expr","locations":[{"start":{"line":86,"column":25},"end":{"line":86,"column":67}},{"start":{"line":86,"column":71},"end":{"line":86,"column":72}}]},"3":{"loc":{"start":{"line":115,"column":4},"end":{"line":115,"column":37}},"type":"if","locations":[{"start":{"line":115,"column":4},"end":{"line":115,"column":37}}]},"4":{"loc":{"start":{"line":117,"column":25},"end":{"line":117,"column":72}},"type":"binary-expr","locations":[{"start":{"line":117,"column":25},"end":{"line":117,"column":67}},{"start":{"line":117,"column":71},"end":{"line":117,"column":72}}]},"5":{"loc":{"start":{"line":118,"column":4},"end":{"line":118,"column":34}},"type":"if","locations":[{"start":{"line":118,"column":4},"end":{"line":118,"column":34}}]},"6":{"loc":{"start":{"line":129,"column":4},"end":{"line":129,"column":37}},"type":"if","locations":[{"start":{"line":129,"column":4},"end":{"line":129,"column":37}}]},"7":{"loc":{"start":{"line":131,"column":25},"end":{"line":131,"column":72}},"type":"binary-expr","locations":[{"start":{"line":131,"column":25},"end":{"line":131,"column":67}},{"start":{"line":131,"column":71},"end":{"line":131,"column":72}}]},"8":{"loc":{"start":{"line":133,"column":4},"end":{"line":133,"column":47}},"type":"if","locations":[{"start":{"line":133,"column":4},"end":{"line":133,"column":47}}]},"9":{"loc":{"start":{"line":144,"column":14},"end":{"line":144,"column":86}},"type":"binary-expr","locations":[{"start":{"line":144,"column":14},"end":{"line":144,"column":43}},{"start":{"line":144,"column":47},"end":{"line":144,"column":86}}]},"10":{"loc":{"start":{"line":151,"column":4},"end":{"line":151,"column":42}},"type":"if","locations":[{"start":{"line":151,"column":4},"end":{"line":151,"column":42}}]},"11":{"loc":{"start":{"line":175,"column":4},"end":{"line":175,"column":42}},"type":"if","locations":[{"start":{"line":175,"column":4},"end":{"line":175,"column":42}}]},"12":{"loc":{"start":{"line":177,"column":25},"end":{"line":177,"column":72}},"type":"binary-expr","locations":[{"start":{"line":177,"column":25},"end":{"line":177,"column":67}},{"start":{"line":177,"column":71},"end":{"line":177,"column":72}}]}},"s":{"0":1,"1":9,"2":9,"3":9,"4":9,"5":9,"6":9,"7":9,"8":9,"9":9,"10":9,"11":9,"12":9,"13":9,"14":9,"15":0,"16":9,"17":0,"18":9,"19":9,"20":5,"21":5,"22":5,"23":2,"24":2,"25":3,"26":3,"27":3,"28":3,"29":3,"30":3,"31":3,"32":3,"33":3,"34":3,"35":3,"36":0,"37":0,"38":0,"39":0,"40":0,"41":0,"42":0,"43":0,"44":0,"45":0,"46":0,"47":0,"48":0,"49":0,"50":0,"51":0,"52":0,"53":12,"54":5,"55":1,"56":4,"57":3,"58":3,"59":11,"60":11,"61":4,"62":2,"63":2,"64":2,"65":2,"66":0,"67":2,"68":2,"69":1},"f":{"0":9,"1":9,"2":0,"3":0,"4":5,"5":5,"6":3,"7":0,"8":0,"9":12,"10":5,"11":3,"12":11,"13":4,"14":0,"15":2},"b":{"0":[2],"1":[5,5],"2":[3,2],"3":[0],"4":[0,0],"5":[0],"6":[0],"7":[0,0],"8":[0],"9":[12,8],"10":[1],"11":[2],"12":[2,1]}}
,"/Users/jrosenbaum/Documents/Code/.obsidian/plugins/claudesidian-mcp/src/ui/chat/components/MessageDisplay.ts": {"path":"/Users/jrosenbaum/Documents/Code/.obsidian/plugins/claudesidian-mcp/src/ui/chat/components/MessageDisplay.ts","statementMap":{"0":{"start":{"line":8,"column":0},"end":{"line":8,"column":48}},"1":{"start":{"line":10,"column":0},"end":{"line":10,"column":57}},"2":{"start":{"line":18,"column":12},"end":{"line":18,"column":34}},"3":{"start":{"line":19,"column":12},"end":{"line":19,"column":20}},"4":{"start":{"line":20,"column":12},"end":{"line":20,"column":40}},"5":{"start":{"line":21,"column":12},"end":{"line":21,"column":56}},"6":{"start":{"line":22,"column":12},"end":{"line":22,"column":75}},"7":{"start":{"line":23,"column":12},"end":{"line":23,"column":121}},"8":{"start":{"line":24,"column":12},"end":{"line":24,"column":95}},"9":{"start":{"line":25,"column":12},"end":{"line":25,"column":53}},"10":{"start":{"line":13,"column":10},"end":{"line":13,"column":55}},"11":{"start":{"line":14,"column":10},"end":{"line":14,"column":54}},"12":{"start":{"line":15,"column":10},"end":{"line":15,"column":65}},"13":{"start":{"line":27,"column":4},"end":{"line":27,"column":18}},"14":{"start":{"line":37,"column":35},"end":{"line":37,"column":61}},"15":{"start":{"line":38,"column":4},"end":{"line":38,"column":37}},"16":{"start":{"line":39,"column":4},"end":{"line":39,"column":49}},"17":{"start":{"line":42,"column":4},"end":{"line":46,"column":5}},"18":{"start":{"line":43,"column":6},"end":{"line":43,"column":20}},"19":{"start":{"line":44,"column":6},"end":{"line":44,"column":28}},"20":{"start":{"line":45,"column":6},"end":{"line":45,"column":13}},"21":{"start":{"line":49,"column":4},"end":{"line":49,"column":33}},"22":{"start":{"line":50,"column":4},"end":{"line":50,"column":26}},"23":{"start":{"line":59,"column":30},"end":{"line":59,"column":81}},"24":{"start":{"line":60,"column":4},"end":{"line":64,"column":5}},"25":{"start":{"line":62,"column":6},"end":{"line":62,"column":20}},"26":{"start":{"line":63,"column":6},"end":{"line":63,"column":13}},"27":{"start":{"line":66,"column":24},"end":{"line":66,"column":45}},"28":{"start":{"line":67,"column":26},"end":{"line":67,"column":61}},"29":{"start":{"line":67,"column":55},"end":{"line":67,"column":59}},"30":{"start":{"line":70,"column":4},"end":{"line":79,"column":5}},"31":{"start":{"line":71,"column":6},"end":{"line":78,"column":7}},"32":{"start":{"line":72,"column":24},"end":{"line":72,"column":43}},"33":{"start":{"line":73,"column":8},"end":{"line":75,"column":9}},"34":{"start":{"line":74,"column":10},"end":{"line":74,"column":27}},"35":{"start":{"line":76,"column":8},"end":{"line":76,"column":25}},"36":{"start":{"line":77,"column":8},"end":{"line":77,"column":39}},"37":{"start":{"line":82,"column":42},"end":{"line":82,"column":46}},"38":{"start":{"line":83,"column":4},"end":{"line":115,"column":5}},"39":{"start":{"line":84,"column":29},"end":{"line":84,"column":64}},"40":{"start":{"line":86,"column":6},"end":{"line":114,"column":7}},"41":{"start":{"line":88,"column":8},"end":{"line":88,"column":53}},"42":{"start":{"line":89,"column":24},"end":{"line":89,"column":51}},"43":{"start":{"line":92,"column":8},"end":{"line":102,"column":9}},"44":{"start":{"line":93,"column":47},"end":{"line":93,"column":137}},"45":{"start":{"line":94,"column":10},"end":{"line":100,"column":11}},"46":{"start":{"line":95,"column":12},"end":{"line":99,"column":13}},"47":{"start":{"line":96,"column":14},"end":{"line":96,"column":45}},"48":{"start":{"line":98,"column":14},"end":{"line":98,"column":49}},"49":{"start":{"line":101,"column":10},"end":{"line":101,"column":36}},"50":{"start":{"line":105,"column":25},"end":{"line":105,"column":58}},"51":{"start":{"line":108,"column":8},"end":{"line":112,"column":9}},"52":{"start":{"line":109,"column":10},"end":{"line":109,"column":42}},"53":{"start":{"line":111,"column":10},"end":{"line":111,"column":46}},"54":{"start":{"line":113,"column":8},"end":{"line":113,"column":35}},"55":{"start":{"line":122,"column":41},"end":{"line":128,"column":6}},"56":{"start":{"line":130,"column":19},"end":{"line":130,"column":52}},"57":{"start":{"line":131,"column":30},"end":{"line":131,"column":81}},"58":{"start":{"line":132,"column":4},"end":{"line":134,"column":5}},"59":{"start":{"line":133,"column":6},"end":{"line":133,"column":44}},"60":{"start":{"line":135,"column":4},"end":{"line":135,"column":26}},"61":{"start":{"line":142,"column":19},"end":{"line":142,"column":52}},"62":{"start":{"line":143,"column":4},"end":{"line":143,"column":77}},"63":{"start":{"line":144,"column":4},"end":{"line":144,"column":26}},"64":{"start":{"line":151,"column":19},"end":{"line":151,"column":52}},"65":{"start":{"line":152,"column":4},"end":{"line":152,"column":77}},"66":{"start":{"line":153,"column":4},"end":{"line":153,"column":26}},"67":{"start":{"line":160,"column":26},"end":{"line":160,"column":60}},"68":{"start":{"line":161,"column":4},"end":{"line":163,"column":5}},"69":{"start":{"line":162,"column":6},"end":{"line":162,"column":43}},"70":{"start":{"line":170,"column":4},"end":{"line":172,"column":5}},"71":{"start":{"line":171,"column":6},"end":{"line":171,"column":13}},"72":{"start":{"line":175,"column":25},"end":{"line":175,"column":90}},"73":{"start":{"line":175,"column":69},"end":{"line":175,"column":89}},"74":{"start":{"line":176,"column":4},"end":{"line":178,"column":5}},"75":{"start":{"line":177,"column":6},"end":{"line":177,"column":64}},"76":{"start":{"line":181,"column":26},"end":{"line":181,"column":60}},"77":{"start":{"line":182,"column":4},"end":{"line":184,"column":5}},"78":{"start":{"line":183,"column":6},"end":{"line":183,"column":57}},"79":{"start":{"line":191,"column":16},"end":{"line":191,"column":45}},"80":{"start":{"line":192,"column":4},"end":{"line":192,"column":27}},"81":{"start":{"line":193,"column":4},"end":{"line":193,"column":25}},"82":{"start":{"line":201,"column":4},"end":{"line":201,"column":27}},"83":{"start":{"line":202,"column":4},"end":{"line":202,"column":47}},"84":{"start":{"line":204,"column":20},"end":{"line":204,"column":60}},"85":{"start":{"line":205,"column":27},"end":{"line":205,"column":68}},"86":{"start":{"line":207,"column":24},"end":{"line":207,"column":69}},"87":{"start":{"line":208,"column":4},"end":{"line":208,"column":43}},"88":{"start":{"line":211,"column":4},"end":{"line":214,"column":39}},"89":{"start":{"line":223,"column":4},"end":{"line":225,"column":5}},"90":{"start":{"line":224,"column":6},"end":{"line":224,"column":23}},"91":{"start":{"line":226,"column":4},"end":{"line":226,"column":32}},"92":{"start":{"line":228,"column":4},"end":{"line":228,"column":27}},"93":{"start":{"line":229,"column":4},"end":{"line":229,"column":47}},"94":{"start":{"line":231,"column":4},"end":{"line":234,"column":5}},"95":{"start":{"line":232,"column":6},"end":{"line":232,"column":25}},"96":{"start":{"line":233,"column":6},"end":{"line":233,"column":13}},"97":{"start":{"line":237,"column":30},"end":{"line":237,"column":76}},"98":{"start":{"line":240,"column":4},"end":{"line":243,"column":7}},"99":{"start":{"line":241,"column":24},"end":{"line":241,"column":57}},"100":{"start":{"line":242,"column":6},"end":{"line":242,"column":47}},"101":{"start":{"line":245,"column":4},"end":{"line":245,"column":26}},"102":{"start":{"line":253,"column":27},"end":{"line":259,"column":15}},"103":{"start":{"line":261,"column":19},"end":{"line":269,"column":null}},"104":{"start":{"line":264,"column":29},"end":{"line":264,"column":58}},"105":{"start":{"line":265,"column":29},"end":{"line":265,"column":63}},"106":{"start":{"line":266,"column":49},"end":{"line":266,"column":94}},"107":{"start":{"line":268,"column":90},"end":{"line":268,"column":155}},"108":{"start":{"line":272,"column":4},"end":{"line":272,"column":48}},"109":{"start":{"line":274,"column":21},"end":{"line":274,"column":43}},"110":{"start":{"line":278,"column":4},"end":{"line":278,"column":20}},"111":{"start":{"line":285,"column":20},"end":{"line":285,"column":47}},"112":{"start":{"line":286,"column":4},"end":{"line":292,"column":5}},"113":{"start":{"line":287,"column":6},"end":{"line":291,"column":9}},"114":{"start":{"line":299,"column":4},"end":{"line":301,"column":5}},"115":{"start":{"line":300,"column":6},"end":{"line":300,"column":37}},"116":{"start":{"line":308,"column":4},"end":{"line":310,"column":5}},"117":{"start":{"line":309,"column":6},"end":{"line":309,"column":48}},"118":{"start":{"line":317,"column":4},"end":{"line":319,"column":5}},"119":{"start":{"line":318,"column":6},"end":{"line":318,"column":68}},"120":{"start":{"line":326,"column":4},"end":{"line":326,"column":73}},"121":{"start":{"line":326,"column":51},"end":{"line":326,"column":71}},"122":{"start":{"line":333,"column":4},"end":{"line":333,"column":46}},"123":{"start":{"line":340,"column":26},"end":{"line":340,"column":56}},"124":{"start":{"line":341,"column":4},"end":{"line":353,"column":5}},"125":{"start":{"line":343,"column":6},"end":{"line":343,"column":40}},"126":{"start":{"line":344,"column":6},"end":{"line":344,"column":52}},"127":{"start":{"line":347,"column":6},"end":{"line":347,"column":57}},"128":{"start":{"line":349,"column":22},"end":{"line":349,"column":48}},"129":{"start":{"line":350,"column":6},"end":{"line":352,"column":7}},"130":{"start":{"line":351,"column":8},"end":{"line":351,"column":55}},"131":{"start":{"line":360,"column":4},"end":{"line":364,"column":5}},"132":{"start":{"line":361,"column":6},"end":{"line":363,"column":7}},"133":{"start":{"line":362,"column":8},"end":{"line":362,"column":20}},"134":{"start":{"line":365,"column":4},"end":{"line":365,"column":17}},"135":{"start":{"line":372,"column":30},"end":{"line":372,"column":81}},"136":{"start":{"line":373,"column":4},"end":{"line":375,"column":5}},"137":{"start":{"line":374,"column":6},"end":{"line":374,"column":67}},"138":{"start":{"line":382,"column":30},"end":{"line":382,"column":81}},"139":{"start":{"line":383,"column":4},"end":{"line":383,"column":45}},"140":{"start":{"line":390,"column":30},"end":{"line":390,"column":81}},"141":{"start":{"line":391,"column":4},"end":{"line":393,"column":5}},"142":{"start":{"line":392,"column":6},"end":{"line":392,"column":45}},"143":{"start":{"line":400,"column":4},"end":{"line":402,"column":5}},"144":{"start":{"line":401,"column":6},"end":{"line":401,"column":23}},"145":{"start":{"line":403,"column":4},"end":{"line":403,"column":32}},"146":{"start":{"line":404,"column":4},"end":{"line":404,"column":38}},"147":{"start":{"line":12,"column":0},"end":{"line":12,"column":13}}},"fnMap":{"0":{"name":"(anonymous_0)","decl":{"start":{"line":17,"column":2},"end":{"line":17,"column":null}},"loc":{"start":{"line":25,"column":53},"end":{"line":28,"column":3}}},"1":{"name":"(anonymous_1)","decl":{"start":{"line":36,"column":2},"end":{"line":36,"column":17}},"loc":{"start":{"line":36,"column":48},"end":{"line":51,"column":3}}},"2":{"name":"(anonymous_2)","decl":{"start":{"line":58,"column":10},"end":{"line":58,"column":19}},"loc":{"start":{"line":58,"column":50},"end":{"line":116,"column":3}}},"3":{"name":"(anonymous_3)","decl":{"start":{"line":67,"column":50},"end":{"line":67,"column":51}},"loc":{"start":{"line":67,"column":55},"end":{"line":67,"column":59}}},"4":{"name":"(anonymous_4)","decl":{"start":{"line":121,"column":2},"end":{"line":121,"column":16}},"loc":{"start":{"line":121,"column":32},"end":{"line":136,"column":3}}},"5":{"name":"(anonymous_5)","decl":{"start":{"line":141,"column":2},"end":{"line":141,"column":12}},"loc":{"start":{"line":141,"column":41},"end":{"line":145,"column":3}}},"6":{"name":"(anonymous_6)","decl":{"start":{"line":150,"column":2},"end":{"line":150,"column":14}},"loc":{"start":{"line":150,"column":43},"end":{"line":154,"column":3}}},"7":{"name":"(anonymous_7)","decl":{"start":{"line":159,"column":2},"end":{"line":159,"column":22}},"loc":{"start":{"line":159,"column":57},"end":{"line":164,"column":3}}},"8":{"name":"(anonymous_8)","decl":{"start":{"line":169,"column":2},"end":{"line":169,"column":15}},"loc":{"start":{"line":169,"column":70},"end":{"line":185,"column":3}}},"9":{"name":"(anonymous_9)","decl":{"start":{"line":175,"column":62},"end":{"line":175,"column":65}},"loc":{"start":{"line":175,"column":69},"end":{"line":175,"column":89}}},"10":{"name":"(anonymous_10)","decl":{"start":{"line":190,"column":10},"end":{"line":190,"column":20}},"loc":{"start":{"line":190,"column":33},"end":{"line":194,"column":3}}},"11":{"name":"(anonymous_11)","decl":{"start":{"line":200,"column":2},"end":{"line":200,"column":13}},"loc":{"start":{"line":200,"column":13},"end":{"line":215,"column":3}}},"12":{"name":"(anonymous_12)","decl":{"start":{"line":221,"column":10},"end":{"line":221,"column":16}},"loc":{"start":{"line":221,"column":16},"end":{"line":246,"column":3}}},"13":{"name":"(anonymous_13)","decl":{"start":{"line":240,"column":39},"end":{"line":240,"column":40}},"loc":{"start":{"line":240,"column":51},"end":{"line":243,"column":5}}},"14":{"name":"(anonymous_14)","decl":{"start":{"line":251,"column":10},"end":{"line":251,"column":29}},"loc":{"start":{"line":251,"column":58},"end":{"line":279,"column":3}}},"15":{"name":"(anonymous_15)","decl":{"start":{"line":264,"column":6},"end":{"line":264,"column":7}},"loc":{"start":{"line":264,"column":29},"end":{"line":264,"column":58}}},"16":{"name":"(anonymous_16)","decl":{"start":{"line":265,"column":6},"end":{"line":265,"column":7}},"loc":{"start":{"line":265,"column":29},"end":{"line":265,"column":63}}},"17":{"name":"(anonymous_17)","decl":{"start":{"line":266,"column":6},"end":{"line":266,"column":7}},"loc":{"start":{"line":266,"column":49},"end":{"line":266,"column":94}}},"18":{"name":"(anonymous_18)","decl":{"start":{"line":268,"column":41},"end":{"line":268,"column":42}},"loc":{"start":{"line":268,"column":90},"end":{"line":268,"column":155}}},"19":{"name":"(anonymous_19)","decl":{"start":{"line":284,"column":10},"end":{"line":284,"column":23}},"loc":{"start":{"line":284,"column":41},"end":{"line":293,"column":3}}},"20":{"name":"(anonymous_20)","decl":{"start":{"line":287,"column":58},"end":{"line":287,"column":61}},"loc":{"start":{"line":287,"column":63},"end":{"line":289,"column":7}}},"21":{"name":"(anonymous_21)","decl":{"start":{"line":289,"column":15},"end":{"line":289,"column":18}},"loc":{"start":{"line":289,"column":21},"end":{"line":291,"column":7}}},"22":{"name":"(anonymous_22)","decl":{"start":{"line":298,"column":10},"end":{"line":298,"column":28}},"loc":{"start":{"line":298,"column":46},"end":{"line":302,"column":3}}},"23":{"name":"(anonymous_23)","decl":{"start":{"line":307,"column":10},"end":{"line":307,"column":27}},"loc":{"start":{"line":307,"column":65},"end":{"line":311,"column":3}}},"24":{"name":"(anonymous_24)","decl":{"start":{"line":316,"column":10},"end":{"line":316,"column":41}},"loc":{"start":{"line":316,"column":85},"end":{"line":320,"column":3}}},"25":{"name":"(anonymous_25)","decl":{"start":{"line":325,"column":10},"end":{"line":325,"column":21}},"loc":{"start":{"line":325,"column":39},"end":{"line":327,"column":3}}},"26":{"name":"(anonymous_26)","decl":{"start":{"line":326,"column":44},"end":{"line":326,"column":47}},"loc":{"start":{"line":326,"column":51},"end":{"line":326,"column":71}}},"27":{"name":"(anonymous_27)","decl":{"start":{"line":332,"column":2},"end":{"line":332,"column":19}},"loc":{"start":{"line":332,"column":37},"end":{"line":334,"column":3}}},"28":{"name":"(anonymous_28)","decl":{"start":{"line":339,"column":2},"end":{"line":339,"column":17}},"loc":{"start":{"line":339,"column":83},"end":{"line":354,"column":3}}},"29":{"name":"(anonymous_29)","decl":{"start":{"line":359,"column":2},"end":{"line":359,"column":30}},"loc":{"start":{"line":359,"column":30},"end":{"line":366,"column":3}}},"30":{"name":"(anonymous_30)","decl":{"start":{"line":371,"column":10},"end":{"line":371,"column":24}},"loc":{"start":{"line":371,"column":24},"end":{"line":376,"column":3}}},"31":{"name":"(anonymous_31)","decl":{"start":{"line":381,"column":2},"end":{"line":381,"column":19}},"loc":{"start":{"line":381,"column":19},"end":{"line":384,"column":3}}},"32":{"name":"(anonymous_32)","decl":{"start":{"line":389,"column":2},"end":{"line":389,"column":19}},"loc":{"start":{"line":389,"column":36},"end":{"line":394,"column":3}}},"33":{"name":"(anonymous_33)","decl":{"start":{"line":399,"column":2},"end":{"line":399,"column":9}},"loc":{"start":{"line":399,"column":9},"end":{"line":405,"column":3}}}},"branchMap":{"0":{"loc":{"start":{"line":42,"column":4},"end":{"line":46,"column":5}},"type":"if","locations":[{"start":{"line":42,"column":4},"end":{"line":46,"column":5}}]},"1":{"loc":{"start":{"line":60,"column":4},"end":{"line":64,"column":5}},"type":"if","locations":[{"start":{"line":60,"column":4},"end":{"line":64,"column":5}}]},"2":{"loc":{"start":{"line":71,"column":6},"end":{"line":78,"column":7}},"type":"if","locations":[{"start":{"line":71,"column":6},"end":{"line":78,"column":7}}]},"3":{"loc":{"start":{"line":73,"column":8},"end":{"line":75,"column":9}},"type":"if","locations":[{"start":{"line":73,"column":8},"end":{"line":75,"column":9}}]},"4":{"loc":{"start":{"line":86,"column":6},"end":{"line":114,"column":7}},"type":"if","locations":[{"start":{"line":86,"column":6},"end":{"line":114,"column":7}},{"start":{"line":103,"column":13},"end":{"line":114,"column":7}}]},"5":{"loc":{"start":{"line":92,"column":8},"end":{"line":102,"column":9}},"type":"if","locations":[{"start":{"line":92,"column":8},"end":{"line":102,"column":9}}]},"6":{"loc":{"start":{"line":93,"column":47},"end":{"line":93,"column":137}},"type":"cond-expr","locations":[{"start":{"line":93,"column":65},"end":{"line":93,"column":99}},{"start":{"line":93,"column":102},"end":{"line":93,"column":137}}]},"7":{"loc":{"start":{"line":94,"column":10},"end":{"line":100,"column":11}},"type":"if","locations":[{"start":{"line":94,"column":10},"end":{"line":100,"column":11}}]},"8":{"loc":{"start":{"line":95,"column":12},"end":{"line":99,"column":13}},"type":"if","locations":[{"start":{"line":95,"column":12},"end":{"line":99,"column":13}},{"start":{"line":97,"column":19},"end":{"line":99,"column":13}}]},"9":{"loc":{"start":{"line":108,"column":8},"end":{"line":112,"column":9}},"type":"if","locations":[{"start":{"line":108,"column":8},"end":{"line":112,"column":9}},{"start":{"line":110,"column":15},"end":{"line":112,"column":9}}]},"10":{"loc":{"start":{"line":127,"column":22},"end":{"line":127,"column":56}},"type":"binary-expr","locations":[{"start":{"line":127,"column":22},"end":{"line":127,"column":43}},{"start":{"line":127,"column":47},"end":{"line":127,"column":56}}]},"11":{"loc":{"start":{"line":132,"column":4},"end":{"line":134,"column":5}},"type":"if","locations":[{"start":{"line":132,"column":4},"end":{"line":134,"column":5}}]},"12":{"loc":{"start":{"line":161,"column":4},"end":{"line":163,"column":5}},"type":"if","locations":[{"start":{"line":161,"column":4},"end":{"line":163,"column":5}}]},"13":{"loc":{"start":{"line":170,"column":4},"end":{"line":172,"column":5}},"type":"if","locations":[{"start":{"line":170,"column":4},"end":{"line":172,"column":5}}]},"14":{"loc":{"start":{"line":176,"column":4},"end":{"line":178,"column":5}},"type":"if","locations":[{"start":{"line":176,"column":4},"end":{"line":178,"column":5}}]},"15":{"loc":{"start":{"line":182,"column":4},"end":{"line":184,"column":5}},"type":"if","locations":[{"start":{"line":182,"column":4},"end":{"line":184,"column":5}}]},"16":{"loc":{"start":{"line":231,"column":4},"end":{"line":234,"column":5}},"type":"if","locations":[{"start":{"line":231,"column":4},"end":{"line":234,"column":5}}]},"17":{"loc":{"start":{"line":253,"column":27},"end":{"line":259,"column":15}},"type":"cond-expr","locations":[{"start":{"line":254,"column":8},"end":{"line":258,"column":null}},{"start":{"line":259,"column":8},"end":{"line":259,"column":15}}]},"18":{"loc":{"start":{"line":268,"column":6},"end":{"line":268,"column":167}},"type":"cond-expr","locations":[{"start":{"line":268,"column":41},"end":{"line":268,"column":155}},{"start":{"line":268,"column":158},"end":{"line":268,"column":167}}]},"19":{"loc":{"start":{"line":286,"column":4},"end":{"line":292,"column":5}},"type":"if","locations":[{"start":{"line":286,"column":4},"end":{"line":292,"column":5}}]},"20":{"loc":{"start":{"line":299,"column":4},"end":{"line":301,"column":5}},"type":"if","locations":[{"start":{"line":299,"column":4},"end":{"line":301,"column":5}}]},"21":{"loc":{"start":{"line":308,"column":4},"end":{"line":310,"column":5}},"type":"if","locations":[{"start":{"line":308,"column":4},"end":{"line":310,"column":5}}]},"22":{"loc":{"start":{"line":317,"column":4},"end":{"line":319,"column":5}},"type":"if","locations":[{"start":{"line":317,"column":4},"end":{"line":319,"column":5}}]},"23":{"loc":{"start":{"line":341,"column":4},"end":{"line":353,"column":5}},"type":"if","locations":[{"start":{"line":341,"column":4},"end":{"line":353,"column":5}}]},"24":{"loc":{"start":{"line":350,"column":6},"end":{"line":352,"column":7}},"type":"if","locations":[{"start":{"line":350,"column":6},"end":{"line":352,"column":7}}]},"25":{"loc":{"start":{"line":361,"column":6},"end":{"line":363,"column":7}},"type":"if","locations":[{"start":{"line":361,"column":6},"end":{"line":363,"column":7}}]},"26":{"loc":{"start":{"line":373,"column":4},"end":{"line":375,"column":5}},"type":"if","locations":[{"start":{"line":373,"column":4},"end":{"line":375,"column":5}}]},"27":{"loc":{"start":{"line":383,"column":11},"end":{"line":383,"column":44}},"type":"binary-expr","locations":[{"start":{"line":383,"column":11},"end":{"line":383,"column":39}},{"start":{"line":383,"column":43},"end":{"line":383,"column":44}}]},"28":{"loc":{"start":{"line":391,"column":4},"end":{"line":393,"column":5}},"type":"if","locations":[{"start":{"line":391,"column":4},"end":{"line":393,"column":5}}]}},"s":{"0":1,"1":1,"2":6,"3":6,"4":6,"5":6,"6":6,"7":6,"8":6,"9":6,"10":6,"11":6,"12":6,"13":6,"14":7,"15":7,"16":7,"17":7,"18":7,"19":7,"20":7,"21":0,"22":0,"23":0,"24":0,"25":0,"26":0,"27":0,"28":0,"29":0,"30":0,"31":0,"32":0,"33":0,"34":0,"35":0,"36":0,"37":0,"38":0,"39":0,"40":0,"41":0,"42":0,"43":0,"44":0,"45":0,"46":0,"47":0,"48":0,"49":0,"50":0,"51":0,"52":0,"53":0,"54":0,"55":0,"56":0,"57":0,"58":0,"59":0,"60":0,"61":0,"62":0,"63":0,"64":0,"65":0,"66":0,"67":0,"68":0,"69":0,"70":0,"71":0,"72":0,"73":0,"74":0,"75":0,"76":0,"77":0,"78":0,"79":0,"80":0,"81":0,"82":6,"83":6,"84":6,"85":6,"86":6,"87":6,"88":6,"89":13,"90":2,"91":13,"92":13,"93":13,"94":13,"95":6,"96":6,"97":7,"98":7,"99":13,"100":13,"101":7,"102":13,"103":13,"104":0,"105":0,"106":0,"107":0,"108":13,"109":13,"110":13,"111":0,"112":0,"113":0,"114":0,"115":0,"116":0,"117":0,"118":0,"119":0,"120":0,"121":0,"122":4,"123":1,"124":1,"125":1,"126":1,"127":1,"128":1,"129":1,"130":1,"131":0,"132":0,"133":0,"134":0,"135":14,"136":14,"137":14,"138":0,"139":0,"140":0,"141":0,"142":0,"143":1,"144":2,"145":1,"146":1,"147":1},"f":{"0":6,"1":7,"2":0,"3":0,"4":0,"5":0,"6":0,"7":0,"8":0,"9":0,"10":0,"11":6,"12":13,"13":13,"14":13,"15":0,"16":0,"17":0,"18":0,"19":0,"20":0,"21":0,"22":0,"23":0,"24":0,"25":0,"26":0,"27":4,"28":1,"29":0,"30":14,"31":0,"32":0,"33":1},"b":{"0":[7],"1":[0],"2":[0],"3":[0],"4":[0,0],"5":[0],"6":[0,0],"7":[0],"8":[0,0],"9":[0,0],"10":[0,0],"11":[0],"12":[0],"13":[0],"14":[0],"15":[0],"16":[6],"17":[13,0],"18":[0,13],"19":[0],"20":[0],"21":[0],"22":[0],"23":[1],"24":[1],"25":[0],"26":[14],"27":[0,0],"28":[0]}}
,"/Users/jrosenbaum/Documents/Code/.obsidian/plugins/claudesidian-mcp/src/ui/chat/services/BranchManager.ts": {"path":"/Users/jrosenbaum/Documents/Code/.obsidian/plugins/claudesidian-mcp/src/ui/chat/services/BranchManager.ts","statementMap":{"0":{"start":{"line":25,"column":12},"end":{"line":25,"column":52}},"1":{"start":{"line":26,"column":12},"end":{"line":26,"column":39}},"2":{"start":{"line":38,"column":4},"end":{"line":89,"column":5}},"3":{"start":{"line":40,"column":27},"end":{"line":40,"column":89}},"4":{"start":{"line":40,"column":68},"end":{"line":40,"column":88}},"5":{"start":{"line":41,"column":6},"end":{"line":44,"column":7}},"6":{"start":{"line":42,"column":8},"end":{"line":42,"column":71}},"7":{"start":{"line":43,"column":8},"end":{"line":43,"column":20}},"8":{"start":{"line":46,"column":22},"end":{"line":46,"column":57}},"9":{"start":{"line":49,"column":6},"end":{"line":51,"column":7}},"10":{"start":{"line":50,"column":8},"end":{"line":50,"column":30}},"11":{"start":{"line":54,"column":18},"end":{"line":54,"column":28}},"12":{"start":{"line":55,"column":23},"end":{"line":55,"column":84}},"13":{"start":{"line":57,"column":44},"end":{"line":59,"column":8}},"14":{"start":{"line":61,"column":44},"end":{"line":69,"column":8}},"15":{"start":{"line":72,"column":6},"end":{"line":72,"column":39}},"16":{"start":{"line":75,"column":6},"end":{"line":75,"column":63}},"17":{"start":{"line":78,"column":6},"end":{"line":80,"column":9}},"18":{"start":{"line":82,"column":6},"end":{"line":82,"column":55}},"19":{"start":{"line":84,"column":6},"end":{"line":84,"column":22}},"20":{"start":{"line":86,"column":6},"end":{"line":86,"column":71}},"21":{"start":{"line":87,"column":6},"end":{"line":87,"column":67}},"22":{"start":{"line":88,"column":6},"end":{"line":88,"column":18}},"23":{"start":{"line":100,"column":4},"end":{"line":138,"column":5}},"24":{"start":{"line":102,"column":27},"end":{"line":102,"column":89}},"25":{"start":{"line":102,"column":68},"end":{"line":102,"column":88}},"26":{"start":{"line":103,"column":6},"end":{"line":106,"column":7}},"27":{"start":{"line":104,"column":8},"end":{"line":104,"column":71}},"28":{"start":{"line":105,"column":8},"end":{"line":105,"column":21}},"29":{"start":{"line":108,"column":22},"end":{"line":108,"column":57}},"30":{"start":{"line":111,"column":6},"end":{"line":114,"column":7}},"31":{"start":{"line":112,"column":8},"end":{"line":112,"column":76}},"32":{"start":{"line":113,"column":8},"end":{"line":113,"column":21}},"33":{"start":{"line":116,"column":26},"end":{"line":116,"column":78}},"34":{"start":{"line":116,"column":60},"end":{"line":116,"column":77}},"35":{"start":{"line":117,"column":6},"end":{"line":120,"column":7}},"36":{"start":{"line":118,"column":8},"end":{"line":118,"column":69}},"37":{"start":{"line":119,"column":8},"end":{"line":119,"column":21}},"38":{"start":{"line":124,"column":6},"end":{"line":124,"column":55}},"39":{"start":{"line":127,"column":6},"end":{"line":129,"column":9}},"40":{"start":{"line":131,"column":6},"end":{"line":131,"column":56}},"41":{"start":{"line":133,"column":6},"end":{"line":133,"column":18}},"42":{"start":{"line":135,"column":6},"end":{"line":135,"column":71}},"43":{"start":{"line":136,"column":6},"end":{"line":136,"column":56}},"44":{"start":{"line":137,"column":6},"end":{"line":137,"column":19}},"45":{"start":{"line":148,"column":4},"end":{"line":166,"column":5}},"46":{"start":{"line":149,"column":27},"end":{"line":149,"column":89}},"47":{"start":{"line":149,"column":68},"end":{"line":149,"column":88}},"48":{"start":{"line":150,"column":6},"end":{"line":152,"column":7}},"49":{"start":{"line":151,"column":8},"end":{"line":151,"column":21}},"50":{"start":{"line":154,"column":22},"end":{"line":154,"column":57}},"51":{"start":{"line":155,"column":6},"end":{"line":155,"column":41}},"52":{"start":{"line":157,"column":6},"end":{"line":159,"column":9}},"53":{"start":{"line":161,"column":6},"end":{"line":161,"column":58}},"54":{"start":{"line":162,"column":6},"end":{"line":162,"column":18}},"55":{"start":{"line":164,"column":6},"end":{"line":164,"column":76}},"56":{"start":{"line":165,"column":6},"end":{"line":165,"column":19}},"57":{"start":{"line":177,"column":4},"end":{"line":179,"column":5}},"58":{"start":{"line":178,"column":6},"end":{"line":178,"column":60}},"59":{"start":{"line":181,"column":20},"end":{"line":181,"column":77}},"60":{"start":{"line":181,"column":56},"end":{"line":181,"column":76}},"61":{"start":{"line":182,"column":4},"end":{"line":184,"column":5}},"62":{"start":{"line":183,"column":6},"end":{"line":183,"column":19}},"63":{"start":{"line":186,"column":24},"end":{"line":186,"column":33}},"64":{"start":{"line":187,"column":4},"end":{"line":189,"column":5}},"65":{"start":{"line":188,"column":6},"end":{"line":188,"column":19}},"66":{"start":{"line":191,"column":4},"end":{"line":191,"column":90}},"67":{"start":{"line":198,"column":24},"end":{"line":198,"column":59}},"68":{"start":{"line":201,"column":4},"end":{"line":203,"column":5}},"69":{"start":{"line":202,"column":6},"end":{"line":202,"column":18}},"70":{"start":{"line":205,"column":24},"end":{"line":205,"column":39}},"71":{"start":{"line":206,"column":4},"end":{"line":208,"column":5}},"72":{"start":{"line":207,"column":6},"end":{"line":207,"column":43}},"73":{"start":{"line":210,"column":4},"end":{"line":210,"column":16}},"74":{"start":{"line":217,"column":19},"end":{"line":217,"column":48}},"75":{"start":{"line":218,"column":4},"end":{"line":226,"column":5}},"76":{"start":{"line":219,"column":6},"end":{"line":221,"column":7}},"77":{"start":{"line":220,"column":8},"end":{"line":220,"column":67}},"78":{"start":{"line":225,"column":6},"end":{"line":225,"column":16}},"79":{"start":{"line":227,"column":4},"end":{"line":227,"column":27}},"80":{"start":{"line":234,"column":19},"end":{"line":234,"column":48}},"81":{"start":{"line":235,"column":4},"end":{"line":243,"column":5}},"82":{"start":{"line":236,"column":6},"end":{"line":238,"column":7}},"83":{"start":{"line":237,"column":8},"end":{"line":237,"column":69}},"84":{"start":{"line":242,"column":6},"end":{"line":242,"column":23}},"85":{"start":{"line":244,"column":4},"end":{"line":244,"column":29}},"86":{"start":{"line":251,"column":19},"end":{"line":251,"column":48}},"87":{"start":{"line":252,"column":4},"end":{"line":258,"column":5}},"88":{"start":{"line":253,"column":6},"end":{"line":255,"column":7}},"89":{"start":{"line":254,"column":8},"end":{"line":254,"column":69}},"90":{"start":{"line":257,"column":6},"end":{"line":257,"column":23}},"91":{"start":{"line":259,"column":4},"end":{"line":259,"column":29}},"92":{"start":{"line":272,"column":24},"end":{"line":272,"column":59}},"93":{"start":{"line":273,"column":24},"end":{"line":273,"column":53}},"94":{"start":{"line":274,"column":18},"end":{"line":274,"column":33}},"95":{"start":{"line":276,"column":19},"end":{"line":276,"column":48}},"96":{"start":{"line":278,"column":4},"end":{"line":284,"column":6}},"97":{"start":{"line":291,"column":4},"end":{"line":291,"column":47}},"98":{"start":{"line":298,"column":4},"end":{"line":298,"column":34}},"99":{"start":{"line":305,"column":4},"end":{"line":307,"column":5}},"100":{"start":{"line":306,"column":6},"end":{"line":306,"column":18}},"101":{"start":{"line":308,"column":4},"end":{"line":308,"column":67}},"102":{"start":{"line":308,"column":40},"end":{"line":308,"column":57}},"103":{"start":{"line":315,"column":4},"end":{"line":317,"column":5}},"104":{"start":{"line":316,"column":6},"end":{"line":316,"column":19}},"105":{"start":{"line":318,"column":4},"end":{"line":318,"column":63}},"106":{"start":{"line":318,"column":40},"end":{"line":318,"column":61}},"107":{"start":{"line":325,"column":4},"end":{"line":327,"column":5}},"108":{"start":{"line":326,"column":6},"end":{"line":326,"column":16}},"109":{"start":{"line":328,"column":4},"end":{"line":328,"column":65}},"110":{"start":{"line":328,"column":42},"end":{"line":328,"column":63}},"111":{"start":{"line":335,"column":4},"end":{"line":337,"column":5}},"112":{"start":{"line":336,"column":6},"end":{"line":336,"column":16}},"113":{"start":{"line":338,"column":4},"end":{"line":338,"column":62}},"114":{"start":{"line":338,"column":42},"end":{"line":338,"column":60}},"115":{"start":{"line":345,"column":25},"end":{"line":345,"column":60}},"116":{"start":{"line":346,"column":4},"end":{"line":346,"column":54}},"117":{"start":{"line":353,"column":25},"end":{"line":353,"column":60}},"118":{"start":{"line":354,"column":18},"end":{"line":354,"column":53}},"119":{"start":{"line":355,"column":4},"end":{"line":355,"column":62}},"120":{"start":{"line":23,"column":0},"end":{"line":23,"column":13}}},"fnMap":{"0":{"name":"(anonymous_0)","decl":{"start":{"line":24,"column":2},"end":{"line":24,"column":null}},"loc":{"start":{"line":26,"column":39},"end":{"line":27,"column":6}}},"1":{"name":"(anonymous_1)","decl":{"start":{"line":32,"column":2},"end":{"line":32,"column":7}},"loc":{"start":{"line":36,"column":24},"end":{"line":90,"column":3}}},"2":{"name":"(anonymous_2)","decl":{"start":{"line":40,"column":59},"end":{"line":40,"column":60}},"loc":{"start":{"line":40,"column":68},"end":{"line":40,"column":88}}},"3":{"name":"(anonymous_3)","decl":{"start":{"line":95,"column":2},"end":{"line":95,"column":7}},"loc":{"start":{"line":98,"column":20},"end":{"line":139,"column":3}}},"4":{"name":"(anonymous_4)","decl":{"start":{"line":102,"column":59},"end":{"line":102,"column":60}},"loc":{"start":{"line":102,"column":68},"end":{"line":102,"column":88}}},"5":{"name":"(anonymous_5)","decl":{"start":{"line":116,"column":53},"end":{"line":116,"column":54}},"loc":{"start":{"line":116,"column":60},"end":{"line":116,"column":77}}},"6":{"name":"(anonymous_6)","decl":{"start":{"line":144,"column":2},"end":{"line":144,"column":7}},"loc":{"start":{"line":146,"column":21},"end":{"line":167,"column":3}}},"7":{"name":"(anonymous_7)","decl":{"start":{"line":149,"column":59},"end":{"line":149,"column":60}},"loc":{"start":{"line":149,"column":68},"end":{"line":149,"column":88}}},"8":{"name":"(anonymous_8)","decl":{"start":{"line":172,"column":2},"end":{"line":172,"column":7}},"loc":{"start":{"line":175,"column":17},"end":{"line":192,"column":3}}},"9":{"name":"(anonymous_9)","decl":{"start":{"line":181,"column":47},"end":{"line":181,"column":48}},"loc":{"start":{"line":181,"column":56},"end":{"line":181,"column":76}}},"10":{"name":"(anonymous_10)","decl":{"start":{"line":197,"column":2},"end":{"line":197,"column":17}},"loc":{"start":{"line":197,"column":46},"end":{"line":211,"column":3}}},"11":{"name":"(anonymous_11)","decl":{"start":{"line":216,"column":2},"end":{"line":216,"column":25}},"loc":{"start":{"line":216,"column":54},"end":{"line":228,"column":3}}},"12":{"name":"(anonymous_12)","decl":{"start":{"line":233,"column":2},"end":{"line":233,"column":27}},"loc":{"start":{"line":233,"column":56},"end":{"line":245,"column":3}}},"13":{"name":"(anonymous_13)","decl":{"start":{"line":250,"column":2},"end":{"line":250,"column":27}},"loc":{"start":{"line":250,"column":56},"end":{"line":260,"column":3}}},"14":{"name":"(anonymous_14)","decl":{"start":{"line":265,"column":2},"end":{"line":265,"column":15}},"loc":{"start":{"line":265,"column":44},"end":{"line":285,"column":3}}},"15":{"name":"(anonymous_15)","decl":{"start":{"line":290,"column":2},"end":{"line":290,"column":13}},"loc":{"start":{"line":290,"column":42},"end":{"line":292,"column":3}}},"16":{"name":"(anonymous_16)","decl":{"start":{"line":297,"column":2},"end":{"line":297,"column":13}},"loc":{"start":{"line":297,"column":42},"end":{"line":299,"column":3}}},"17":{"name":"(anonymous_17)","decl":{"start":{"line":304,"column":2},"end":{"line":304,"column":15}},"loc":{"start":{"line":304,"column":62},"end":{"line":309,"column":3}}},"18":{"name":"(anonymous_18)","decl":{"start":{"line":308,"column":33},"end":{"line":308,"column":34}},"loc":{"start":{"line":308,"column":40},"end":{"line":308,"column":57}}},"19":{"name":"(anonymous_19)","decl":{"start":{"line":314,"column":2},"end":{"line":314,"column":21}},"loc":{"start":{"line":314,"column":50},"end":{"line":319,"column":3}}},"20":{"name":"(anonymous_20)","decl":{"start":{"line":318,"column":33},"end":{"line":318,"column":34}},"loc":{"start":{"line":318,"column":40},"end":{"line":318,"column":61}}},"21":{"name":"(anonymous_21)","decl":{"start":{"line":324,"column":2},"end":{"line":324,"column":21}},"loc":{"start":{"line":324,"column":50},"end":{"line":329,"column":3}}},"22":{"name":"(anonymous_22)","decl":{"start":{"line":328,"column":35},"end":{"line":328,"column":36}},"loc":{"start":{"line":328,"column":42},"end":{"line":328,"column":63}}},"23":{"name":"(anonymous_23)","decl":{"start":{"line":334,"column":2},"end":{"line":334,"column":18}},"loc":{"start":{"line":334,"column":47},"end":{"line":339,"column":3}}},"24":{"name":"(anonymous_24)","decl":{"start":{"line":338,"column":35},"end":{"line":338,"column":36}},"loc":{"start":{"line":338,"column":42},"end":{"line":338,"column":60}}},"25":{"name":"(anonymous_25)","decl":{"start":{"line":344,"column":2},"end":{"line":344,"column":18}},"loc":{"start":{"line":344,"column":47},"end":{"line":347,"column":3}}},"26":{"name":"(anonymous_26)","decl":{"start":{"line":352,"column":2},"end":{"line":352,"column":14}},"loc":{"start":{"line":352,"column":43},"end":{"line":356,"column":3}}}},"branchMap":{"0":{"loc":{"start":{"line":41,"column":6},"end":{"line":44,"column":7}},"type":"if","locations":[{"start":{"line":41,"column":6},"end":{"line":44,"column":7}}]},"1":{"loc":{"start":{"line":49,"column":6},"end":{"line":51,"column":7}},"type":"if","locations":[{"start":{"line":49,"column":6},"end":{"line":51,"column":7}}]},"2":{"loc":{"start":{"line":58,"column":21},"end":{"line":58,"column":89}},"type":"binary-expr","locations":[{"start":{"line":58,"column":21},"end":{"line":58,"column":32}},{"start":{"line":58,"column":36},"end":{"line":58,"column":89}}]},"3":{"loc":{"start":{"line":103,"column":6},"end":{"line":106,"column":7}},"type":"if","locations":[{"start":{"line":103,"column":6},"end":{"line":106,"column":7}}]},"4":{"loc":{"start":{"line":111,"column":6},"end":{"line":114,"column":7}},"type":"if","locations":[{"start":{"line":111,"column":6},"end":{"line":114,"column":7}}]},"5":{"loc":{"start":{"line":117,"column":6},"end":{"line":120,"column":7}},"type":"if","locations":[{"start":{"line":117,"column":6},"end":{"line":120,"column":7}}]},"6":{"loc":{"start":{"line":150,"column":6},"end":{"line":152,"column":7}},"type":"if","locations":[{"start":{"line":150,"column":6},"end":{"line":152,"column":7}}]},"7":{"loc":{"start":{"line":177,"column":4},"end":{"line":179,"column":5}},"type":"if","locations":[{"start":{"line":177,"column":4},"end":{"line":179,"column":5}}]},"8":{"loc":{"start":{"line":182,"column":4},"end":{"line":184,"column":5}},"type":"if","locations":[{"start":{"line":182,"column":4},"end":{"line":184,"column":5}}]},"9":{"loc":{"start":{"line":187,"column":4},"end":{"line":189,"column":5}},"type":"if","locations":[{"start":{"line":187,"column":4},"end":{"line":189,"column":5}}]},"10":{"loc":{"start":{"line":187,"column":8},"end":{"line":187,"column":65}},"type":"binary-expr","locations":[{"start":{"line":187,"column":8},"end":{"line":187,"column":23}},{"start":{"line":187,"column":27},"end":{"line":187,"column":65}}]},"11":{"loc":{"start":{"line":198,"column":24},"end":{"line":198,"column":59}},"type":"binary-expr","locations":[{"start":{"line":198,"column":24},"end":{"line":198,"column":54}},{"start":{"line":198,"column":58},"end":{"line":198,"column":59}}]},"12":{"loc":{"start":{"line":201,"column":4},"end":{"line":203,"column":5}},"type":"if","locations":[{"start":{"line":201,"column":4},"end":{"line":203,"column":5}}]},"13":{"loc":{"start":{"line":201,"column":8},"end":{"line":201,"column":46}},"type":"binary-expr","locations":[{"start":{"line":201,"column":8},"end":{"line":201,"column":25}},{"start":{"line":201,"column":29},"end":{"line":201,"column":46}}]},"14":{"loc":{"start":{"line":206,"column":4},"end":{"line":208,"column":5}},"type":"if","locations":[{"start":{"line":206,"column":4},"end":{"line":208,"column":5}}]},"15":{"loc":{"start":{"line":206,"column":8},"end":{"line":206,"column":65}},"type":"binary-expr","locations":[{"start":{"line":206,"column":8},"end":{"line":206,"column":24}},{"start":{"line":206,"column":28},"end":{"line":206,"column":65}}]},"16":{"loc":{"start":{"line":218,"column":4},"end":{"line":226,"column":5}},"type":"if","locations":[{"start":{"line":218,"column":4},"end":{"line":226,"column":5}}]},"17":{"loc":{"start":{"line":219,"column":6},"end":{"line":221,"column":7}},"type":"if","locations":[{"start":{"line":219,"column":6},"end":{"line":221,"column":7}}]},"18":{"loc":{"start":{"line":235,"column":4},"end":{"line":243,"column":5}},"type":"if","locations":[{"start":{"line":235,"column":4},"end":{"line":243,"column":5}}]},"19":{"loc":{"start":{"line":236,"column":6},"end":{"line":238,"column":7}},"type":"if","locations":[{"start":{"line":236,"column":6},"end":{"line":238,"column":7}}]},"20":{"loc":{"start":{"line":252,"column":4},"end":{"line":258,"column":5}},"type":"if","locations":[{"start":{"line":252,"column":4},"end":{"line":258,"column":5}}]},"21":{"loc":{"start":{"line":253,"column":6},"end":{"line":255,"column":7}},"type":"if","locations":[{"start":{"line":253,"column":6},"end":{"line":255,"column":7}}]},"22":{"loc":{"start":{"line":272,"column":24},"end":{"line":272,"column":59}},"type":"binary-expr","locations":[{"start":{"line":272,"column":24},"end":{"line":272,"column":54}},{"start":{"line":272,"column":58},"end":{"line":272,"column":59}}]},"23":{"loc":{"start":{"line":273,"column":24},"end":{"line":273,"column":53}},"type":"binary-expr","locations":[{"start":{"line":273,"column":24},"end":{"line":273,"column":48}},{"start":{"line":273,"column":52},"end":{"line":273,"column":53}}]},"24":{"loc":{"start":{"line":291,"column":12},"end":{"line":291,"column":41}},"type":"binary-expr","locations":[{"start":{"line":291,"column":12},"end":{"line":291,"column":36}},{"start":{"line":291,"column":40},"end":{"line":291,"column":41}}]},"25":{"loc":{"start":{"line":298,"column":11},"end":{"line":298,"column":33}},"type":"binary-expr","locations":[{"start":{"line":298,"column":11},"end":{"line":298,"column":27}},{"start":{"line":298,"column":31},"end":{"line":298,"column":33}}]},"26":{"loc":{"start":{"line":305,"column":4},"end":{"line":307,"column":5}},"type":"if","locations":[{"start":{"line":305,"column":4},"end":{"line":307,"column":5}}]},"27":{"loc":{"start":{"line":308,"column":11},"end":{"line":308,"column":66}},"type":"binary-expr","locations":[{"start":{"line":308,"column":11},"end":{"line":308,"column":58}},{"start":{"line":308,"column":62},"end":{"line":308,"column":66}}]},"28":{"loc":{"start":{"line":315,"column":4},"end":{"line":317,"column":5}},"type":"if","locations":[{"start":{"line":315,"column":4},"end":{"line":317,"column":5}}]},"29":{"loc":{"start":{"line":325,"column":4},"end":{"line":327,"column":5}},"type":"if","locations":[{"start":{"line":325,"column":4},"end":{"line":327,"column":5}}]},"30":{"loc":{"start":{"line":335,"column":4},"end":{"line":337,"column":5}},"type":"if","locations":[{"start":{"line":335,"column":4},"end":{"line":337,"column":5}}]},"31":{"loc":{"start":{"line":345,"column":25},"end":{"line":345,"column":60}},"type":"binary-expr","locations":[{"start":{"line":345,"column":25},"end":{"line":345,"column":55}},{"start":{"line":345,"column":59},"end":{"line":345,"column":60}}]},"32":{"loc":{"start":{"line":346,"column":11},"end":{"line":346,"column":53}},"type":"cond-expr","locations":[{"start":{"line":346,"column":30},"end":{"line":346,"column":46}},{"start":{"line":346,"column":49},"end":{"line":346,"column":53}}]},"33":{"loc":{"start":{"line":353,"column":25},"end":{"line":353,"column":60}},"type":"binary-expr","locations":[{"start":{"line":353,"column":25},"end":{"line":353,"column":55}},{"start":{"line":353,"column":59},"end":{"line":353,"column":60}}]},"34":{"loc":{"start":{"line":354,"column":19},"end":{"line":354,"column":48}},"type":"binary-expr","locations":[{"start":{"line":354,"column":19},"end":{"line":354,"column":43}},{"start":{"line":354,"column":47},"end":{"line":354,"column":48}}]},"35":{"loc":{"start":{"line":355,"column":11},"end":{"line":355,"column":61}},"type":"cond-expr","locations":[{"start":{"line":355,"column":38},"end":{"line":355,"column":54}},{"start":{"line":355,"column":57},"end":{"line":355,"column":61}}]}},"s":{"0":26,"1":26,"2":4,"3":4,"4":8,"5":4,"6":1,"7":1,"8":3,"9":3,"10":3,"11":3,"12":3,"13":3,"14":3,"15":3,"16":3,"17":3,"18":3,"19":3,"20":0,"21":0,"22":0,"23":0,"24":0,"25":0,"26":0,"27":0,"28":0,"29":0,"30":0,"31":0,"32":0,"33":0,"34":0,"35":0,"36":0,"37":0,"38":0,"39":0,"40":0,"41":0,"42":0,"43":0,"44":0,"45":1,"46":1,"47":2,"48":1,"49":0,"50":1,"51":1,"52":1,"53":1,"54":1,"55":0,"56":0,"57":3,"58":1,"59":2,"60":4,"61":2,"62":1,"63":1,"64":1,"65":1,"66":0,"67":15,"68":15,"69":6,"70":9,"71":9,"72":8,"73":1,"74":3,"75":3,"76":2,"77":1,"78":1,"79":1,"80":4,"81":4,"82":2,"83":1,"84":1,"85":2,"86":2,"87":2,"88":2,"89":1,"90":1,"91":0,"92":2,"93":2,"94":2,"95":2,"96":2,"97":0,"98":0,"99":0,"100":0,"101":0,"102":0,"103":0,"104":0,"105":0,"106":0,"107":0,"108":0,"109":0,"110":0,"111":0,"112":0,"113":0,"114":0,"115":2,"116":2,"117":2,"118":2,"119":2,"120":1},"f":{"0":26,"1":4,"2":8,"3":0,"4":0,"5":0,"6":1,"7":2,"8":3,"9":4,"10":15,"11":3,"12":4,"13":2,"14":2,"15":0,"16":0,"17":0,"18":0,"19":0,"20":0,"21":0,"22":0,"23":0,"24":0,"25":2,"26":2},"b":{"0":[1],"1":[3],"2":[3,3],"3":[0],"4":[0],"5":[0],"6":[0],"7":[1],"8":[1],"9":[1],"10":[1,1],"11":[15,6],"12":[6],"13":[15,9],"14":[8],"15":[9,9],"16":[2],"17":[1],"18":[2],"19":[1],"20":[2],"21":[1],"22":[2,1],"23":[2,1],"24":[0,0],"25":[0,0],"26":[0],"27":[0,0],"28":[0],"29":[0],"30":[0],"31":[2,1],"32":[1,1],"33":[2,1],"34":[2,0],"35":[1,1]}}
,"/Users/jrosenbaum/Documents/Code/.obsidian/plugins/claudesidian-mcp/src/ui/chat/services/MessageAlternativeService.ts": {"path":"/Users/jrosenbaum/Documents/Code/.obsidian/plugins/claudesidian-mcp/src/ui/chat/services/MessageAlternativeService.ts","statementMap":{"0":{"start":{"line":25,"column":0},"end":{"line":25,"column":66}},"1":{"start":{"line":53,"column":12},"end":{"line":53,"column":36}},"2":{"start":{"line":54,"column":12},"end":{"line":54,"column":40}},"3":{"start":{"line":55,"column":12},"end":{"line":55,"column":47}},"4":{"start":{"line":56,"column":12},"end":{"line":56,"column":38}},"5":{"start":{"line":57,"column":12},"end":{"line":57,"column":51}},"6":{"start":{"line":46,"column":10},"end":{"line":46,"column":64}},"7":{"start":{"line":47,"column":10},"end":{"line":47,"column":58}},"8":{"start":{"line":50,"column":10},"end":{"line":50,"column":51}},"9":{"start":{"line":78,"column":4},"end":{"line":80,"column":5}},"10":{"start":{"line":79,"column":6},"end":{"line":79,"column":13}},"11":{"start":{"line":82,"column":27},"end":{"line":82,"column":89}},"12":{"start":{"line":82,"column":66},"end":{"line":82,"column":88}},"13":{"start":{"line":83,"column":4},"end":{"line":83,"column":38}},"14":{"start":{"line":83,"column":31},"end":{"line":83,"column":38}},"15":{"start":{"line":85,"column":22},"end":{"line":85,"column":59}},"16":{"start":{"line":86,"column":4},"end":{"line":86,"column":61}},"17":{"start":{"line":86,"column":54},"end":{"line":86,"column":61}},"18":{"start":{"line":89,"column":4},"end":{"line":89,"column":37}},"19":{"start":{"line":89,"column":30},"end":{"line":89,"column":37}},"20":{"start":{"line":90,"column":24},"end":{"line":90,"column":65}},"21":{"start":{"line":91,"column":4},"end":{"line":91,"column":60}},"22":{"start":{"line":91,"column":53},"end":{"line":91,"column":60}},"23":{"start":{"line":94,"column":4},"end":{"line":94,"column":42}},"24":{"start":{"line":96,"column":4},"end":{"line":211,"column":5}},"25":{"start":{"line":97,"column":6},"end":{"line":97,"column":46}},"26":{"start":{"line":100,"column":30},"end":{"line":100,"column":47}},"27":{"start":{"line":101,"column":32},"end":{"line":101,"column":90}},"28":{"start":{"line":102,"column":32},"end":{"line":102,"column":51}},"29":{"start":{"line":104,"column":49},"end":{"line":113,"column":8}},"30":{"start":{"line":115,"column":23},"end":{"line":118,"column":null}},"31":{"start":{"line":124,"column":35},"end":{"line":124,"column":83}},"32":{"start":{"line":125,"column":6},"end":{"line":133,"column":7}},"33":{"start":{"line":126,"column":29},"end":{"line":126,"column":77}},"34":{"start":{"line":126,"column":59},"end":{"line":126,"column":76}},"35":{"start":{"line":127,"column":8},"end":{"line":132,"column":9}},"36":{"start":{"line":128,"column":10},"end":{"line":128,"column":62}},"37":{"start":{"line":129,"column":10},"end":{"line":129,"column":44}},"38":{"start":{"line":131,"column":10},"end":{"line":131,"column":66}},"39":{"start":{"line":136,"column":6},"end":{"line":136,"column":29}},"40":{"start":{"line":137,"column":6},"end":{"line":137,"column":38}},"41":{"start":{"line":138,"column":6},"end":{"line":138,"column":38}},"42":{"start":{"line":139,"column":6},"end":{"line":139,"column":33}},"43":{"start":{"line":140,"column":6},"end":{"line":140,"column":32}},"44":{"start":{"line":144,"column":6},"end":{"line":144,"column":43}},"45":{"start":{"line":147,"column":6},"end":{"line":147,"column":54}},"46":{"start":{"line":150,"column":6},"end":{"line":150,"column":58}},"47":{"start":{"line":151,"column":6},"end":{"line":151,"column":51}},"48":{"start":{"line":154,"column":33},"end":{"line":154,"column":52}},"49":{"start":{"line":159,"column":6},"end":{"line":168,"column":8}},"50":{"start":{"line":171,"column":6},"end":{"line":171,"column":62}},"51":{"start":{"line":174,"column":6},"end":{"line":174,"column":54}},"52":{"start":{"line":177,"column":6},"end":{"line":205,"column":7}},"53":{"start":{"line":180,"column":31},"end":{"line":180,"column":68}},"54":{"start":{"line":181,"column":8},"end":{"line":200,"column":9}},"55":{"start":{"line":182,"column":29},"end":{"line":182,"column":84}},"56":{"start":{"line":184,"column":10},"end":{"line":199,"column":11}},"57":{"start":{"line":186,"column":12},"end":{"line":186,"column":90}},"58":{"start":{"line":187,"column":12},"end":{"line":187,"column":45}},"59":{"start":{"line":188,"column":12},"end":{"line":188,"column":45}},"60":{"start":{"line":190,"column":12},"end":{"line":190,"column":68}},"61":{"start":{"line":191,"column":12},"end":{"line":191,"column":92}},"62":{"start":{"line":194,"column":12},"end":{"line":194,"column":45}},"63":{"start":{"line":195,"column":12},"end":{"line":195,"column":45}},"64":{"start":{"line":196,"column":12},"end":{"line":196,"column":40}},"65":{"start":{"line":198,"column":12},"end":{"line":198,"column":68}},"66":{"start":{"line":202,"column":8},"end":{"line":202,"column":56}},"67":{"start":{"line":204,"column":8},"end":{"line":204,"column":71}},"68":{"start":{"line":207,"column":6},"end":{"line":207,"column":47}},"69":{"start":{"line":208,"column":6},"end":{"line":208,"column":41}},"70":{"start":{"line":209,"column":6},"end":{"line":209,"column":44}},"71":{"start":{"line":210,"column":6},"end":{"line":210,"column":47}},"72":{"start":{"line":218,"column":4},"end":{"line":222,"column":5}},"73":{"start":{"line":219,"column":6},"end":{"line":219,"column":42}},"74":{"start":{"line":220,"column":6},"end":{"line":220,"column":41}},"75":{"start":{"line":221,"column":6},"end":{"line":221,"column":44}},"76":{"start":{"line":229,"column":4},"end":{"line":229,"column":48}},"77":{"start":{"line":45,"column":0},"end":{"line":45,"column":13}}},"fnMap":{"0":{"name":"(anonymous_0)","decl":{"start":{"line":52,"column":2},"end":{"line":52,"column":null}},"loc":{"start":{"line":57,"column":51},"end":{"line":58,"column":6}}},"1":{"name":"(anonymous_1)","decl":{"start":{"line":66,"column":2},"end":{"line":66,"column":7}},"loc":{"start":{"line":75,"column":5},"end":{"line":212,"column":3}}},"2":{"name":"(anonymous_2)","decl":{"start":{"line":82,"column":59},"end":{"line":82,"column":62}},"loc":{"start":{"line":82,"column":66},"end":{"line":82,"column":88}}},"3":{"name":"(anonymous_3)","decl":{"start":{"line":126,"column":54},"end":{"line":126,"column":55}},"loc":{"start":{"line":126,"column":59},"end":{"line":126,"column":76}}},"4":{"name":"(anonymous_4)","decl":{"start":{"line":217,"column":2},"end":{"line":217,"column":8}},"loc":{"start":{"line":217,"column":8},"end":{"line":223,"column":3}}},"5":{"name":"(anonymous_5)","decl":{"start":{"line":228,"column":2},"end":{"line":228,"column":14}},"loc":{"start":{"line":228,"column":14},"end":{"line":230,"column":3}}}},"branchMap":{"0":{"loc":{"start":{"line":78,"column":4},"end":{"line":80,"column":5}},"type":"if","locations":[{"start":{"line":78,"column":4},"end":{"line":80,"column":5}}]},"1":{"loc":{"start":{"line":83,"column":4},"end":{"line":83,"column":38}},"type":"if","locations":[{"start":{"line":83,"column":4},"end":{"line":83,"column":38}}]},"2":{"loc":{"start":{"line":86,"column":4},"end":{"line":86,"column":61}},"type":"if","locations":[{"start":{"line":86,"column":4},"end":{"line":86,"column":61}}]},"3":{"loc":{"start":{"line":86,"column":8},"end":{"line":86,"column":52}},"type":"binary-expr","locations":[{"start":{"line":86,"column":8},"end":{"line":86,"column":18}},{"start":{"line":86,"column":22},"end":{"line":86,"column":52}}]},"4":{"loc":{"start":{"line":89,"column":4},"end":{"line":89,"column":37}},"type":"if","locations":[{"start":{"line":89,"column":4},"end":{"line":89,"column":37}}]},"5":{"loc":{"start":{"line":91,"column":4},"end":{"line":91,"column":60}},"type":"if","locations":[{"start":{"line":91,"column":4},"end":{"line":91,"column":60}}]},"6":{"loc":{"start":{"line":91,"column":8},"end":{"line":91,"column":51}},"type":"binary-expr","locations":[{"start":{"line":91,"column":8},"end":{"line":91,"column":20}},{"start":{"line":91,"column":24},"end":{"line":91,"column":51}}]},"7":{"loc":{"start":{"line":101,"column":32},"end":{"line":101,"column":90}},"type":"cond-expr","locations":[{"start":{"line":101,"column":54},"end":{"line":101,"column":78}},{"start":{"line":101,"column":81},"end":{"line":101,"column":90}}]},"8":{"loc":{"start":{"line":110,"column":15},"end":{"line":110,"column":44}},"type":"binary-expr","locations":[{"start":{"line":110,"column":15},"end":{"line":110,"column":30}},{"start":{"line":110,"column":34},"end":{"line":110,"column":44}}]},"9":{"loc":{"start":{"line":125,"column":6},"end":{"line":133,"column":7}},"type":"if","locations":[{"start":{"line":125,"column":6},"end":{"line":133,"column":7}}]},"10":{"loc":{"start":{"line":125,"column":10},"end":{"line":125,"column":53}},"type":"binary-expr","locations":[{"start":{"line":125,"column":10},"end":{"line":125,"column":41}},{"start":{"line":125,"column":45},"end":{"line":125,"column":53}}]},"11":{"loc":{"start":{"line":127,"column":8},"end":{"line":132,"column":9}},"type":"if","locations":[{"start":{"line":127,"column":8},"end":{"line":132,"column":9}}]},"12":{"loc":{"start":{"line":177,"column":6},"end":{"line":205,"column":7}},"type":"if","locations":[{"start":{"line":177,"column":6},"end":{"line":205,"column":7}},{"start":{"line":203,"column":13},"end":{"line":205,"column":7}}]},"13":{"loc":{"start":{"line":177,"column":10},"end":{"line":177,"column":63}},"type":"binary-expr","locations":[{"start":{"line":177,"column":10},"end":{"line":177,"column":32}},{"start":{"line":177,"column":36},"end":{"line":177,"column":63}}]},"14":{"loc":{"start":{"line":181,"column":8},"end":{"line":200,"column":9}},"type":"if","locations":[{"start":{"line":181,"column":8},"end":{"line":200,"column":9}}]},"15":{"loc":{"start":{"line":182,"column":29},"end":{"line":182,"column":84}},"type":"binary-expr","locations":[{"start":{"line":182,"column":29},"end":{"line":182,"column":51}},{"start":{"line":182,"column":55},"end":{"line":182,"column":84}}]},"16":{"loc":{"start":{"line":184,"column":10},"end":{"line":199,"column":11}},"type":"if","locations":[{"start":{"line":184,"column":10},"end":{"line":199,"column":11}},{"start":{"line":192,"column":17},"end":{"line":199,"column":11}}]},"17":{"loc":{"start":{"line":218,"column":4},"end":{"line":222,"column":5}},"type":"if","locations":[{"start":{"line":218,"column":4},"end":{"line":222,"column":5}}]},"18":{"loc":{"start":{"line":218,"column":8},"end":{"line":218,"column":69}},"type":"binary-expr","locations":[{"start":{"line":218,"column":8},"end":{"line":218,"column":35}},{"start":{"line":218,"column":39},"end":{"line":218,"column":69}}]}},"s":{"0":1,"1":22,"2":22,"3":22,"4":22,"5":22,"6":22,"7":22,"8":22,"9":23,"10":1,"11":22,"12":42,"13":22,"14":1,"15":21,"16":21,"17":1,"18":20,"19":1,"20":19,"21":19,"22":0,"23":19,"24":19,"25":19,"26":19,"27":19,"28":19,"29":19,"30":19,"31":19,"32":19,"33":0,"34":0,"35":0,"36":0,"37":0,"38":0,"39":19,"40":19,"41":19,"42":19,"43":19,"44":19,"45":19,"46":19,"47":19,"48":19,"49":19,"50":15,"51":15,"52":4,"53":2,"54":2,"55":2,"56":2,"57":1,"58":1,"59":1,"60":1,"61":1,"62":1,"63":1,"64":1,"65":1,"66":2,"67":2,"68":19,"69":19,"70":19,"71":19,"72":1,"73":0,"74":0,"75":0,"76":1,"77":1},"f":{"0":22,"1":23,"2":42,"3":0,"4":1,"5":1},"b":{"0":[1],"1":[1],"2":[1],"3":[21,21],"4":[1],"5":[0],"6":[19,19],"7":[17,2],"8":[19,0],"9":[0],"10":[19,0],"11":[0],"12":[2,2],"13":[4,4],"14":[2],"15":[2,1],"16":[1,1],"17":[0],"18":[1,0]}}
,"/Users/jrosenbaum/Documents/Code/.obsidian/plugins/claudesidian-mcp/src/ui/chat/utils/AbortHandler.ts": {"path":"/Users/jrosenbaum/Documents/Code/.obsidian/plugins/claudesidian-mcp/src/ui/chat/utils/AbortHandler.ts","statementMap":{"0":{"start":{"line":13,"column":0},"end":{"line":13,"column":59}},"1":{"start":{"line":26,"column":12},"end":{"line":26,"column":36}},"2":{"start":{"line":27,"column":12},"end":{"line":27,"column":38}},"3":{"start":{"line":42,"column":4},"end":{"line":42,"column":29}},"4":{"start":{"line":42,"column":22},"end":{"line":42,"column":29}},"5":{"start":{"line":44,"column":27},"end":{"line":44,"column":89}},"6":{"start":{"line":44,"column":66},"end":{"line":44,"column":88}},"7":{"start":{"line":45,"column":4},"end":{"line":45,"column":35}},"8":{"start":{"line":45,"column":28},"end":{"line":45,"column":35}},"9":{"start":{"line":47,"column":22},"end":{"line":47,"column":59}},"10":{"start":{"line":48,"column":23},"end":{"line":48,"column":68}},"11":{"start":{"line":51,"column":4},"end":{"line":54,"column":5}},"12":{"start":{"line":52,"column":6},"end":{"line":52,"column":51}},"13":{"start":{"line":53,"column":6},"end":{"line":53,"column":13}},"14":{"start":{"line":57,"column":4},"end":{"line":84,"column":5}},"15":{"start":{"line":59,"column":6},"end":{"line":59,"column":74}},"16":{"start":{"line":60,"column":6},"end":{"line":60,"column":34}},"17":{"start":{"line":61,"column":6},"end":{"line":61,"column":34}},"18":{"start":{"line":64,"column":6},"end":{"line":64,"column":62}},"19":{"start":{"line":67,"column":6},"end":{"line":67,"column":81}},"20":{"start":{"line":70,"column":6},"end":{"line":70,"column":54}},"21":{"start":{"line":73,"column":6},"end":{"line":73,"column":34}},"22":{"start":{"line":74,"column":6},"end":{"line":74,"column":34}},"23":{"start":{"line":77,"column":6},"end":{"line":77,"column":54}},"24":{"start":{"line":80,"column":6},"end":{"line":80,"column":62}},"25":{"start":{"line":83,"column":6},"end":{"line":83,"column":54}},"26":{"start":{"line":91,"column":4},"end":{"line":91,"column":65}},"27":{"start":{"line":104,"column":4},"end":{"line":107,"column":5}},"28":{"start":{"line":105,"column":6},"end":{"line":105,"column":71}},"29":{"start":{"line":106,"column":6},"end":{"line":106,"column":18}},"30":{"start":{"line":108,"column":4},"end":{"line":108,"column":17}},"31":{"start":{"line":24,"column":0},"end":{"line":24,"column":13}}},"fnMap":{"0":{"name":"(anonymous_0)","decl":{"start":{"line":25,"column":2},"end":{"line":25,"column":null}},"loc":{"start":{"line":27,"column":38},"end":{"line":28,"column":6}}},"1":{"name":"(anonymous_1)","decl":{"start":{"line":37,"column":2},"end":{"line":37,"column":7}},"loc":{"start":{"line":40,"column":90},"end":{"line":85,"column":3}}},"2":{"name":"(anonymous_2)","decl":{"start":{"line":44,"column":59},"end":{"line":44,"column":62}},"loc":{"start":{"line":44,"column":66},"end":{"line":44,"column":88}}},"3":{"name":"(anonymous_3)","decl":{"start":{"line":90,"column":2},"end":{"line":90,"column":14}},"loc":{"start":{"line":90,"column":29},"end":{"line":92,"column":3}}},"4":{"name":"(anonymous_4)","decl":{"start":{"line":98,"column":2},"end":{"line":98,"column":7}},"loc":{"start":{"line":102,"column":90},"end":{"line":109,"column":3}}}},"branchMap":{"0":{"loc":{"start":{"line":42,"column":4},"end":{"line":42,"column":29}},"type":"if","locations":[{"start":{"line":42,"column":4},"end":{"line":42,"column":29}}]},"1":{"loc":{"start":{"line":45,"column":4},"end":{"line":45,"column":35}},"type":"if","locations":[{"start":{"line":45,"column":4},"end":{"line":45,"column":35}}]},"2":{"loc":{"start":{"line":48,"column":23},"end":{"line":48,"column":68}},"type":"binary-expr","locations":[{"start":{"line":48,"column":23},"end":{"line":48,"column":40}},{"start":{"line":48,"column":44},"end":{"line":48,"column":68}}]},"3":{"loc":{"start":{"line":51,"column":4},"end":{"line":54,"column":5}},"type":"if","locations":[{"start":{"line":51,"column":4},"end":{"line":54,"column":5}}]},"4":{"loc":{"start":{"line":57,"column":4},"end":{"line":84,"column":5}},"type":"if","locations":[{"start":{"line":57,"column":4},"end":{"line":84,"column":5}},{"start":{"line":71,"column":11},"end":{"line":84,"column":5}}]},"5":{"loc":{"start":{"line":91,"column":11},"end":{"line":91,"column":64}},"type":"binary-expr","locations":[{"start":{"line":91,"column":11},"end":{"line":91,"column":33}},{"start":{"line":91,"column":37},"end":{"line":91,"column":64}}]},"6":{"loc":{"start":{"line":104,"column":4},"end":{"line":107,"column":5}},"type":"if","locations":[{"start":{"line":104,"column":4},"end":{"line":107,"column":5}}]}},"s":{"0":1,"1":15,"2":15,"3":11,"4":1,"5":10,"6":20,"7":10,"8":1,"9":9,"10":9,"11":9,"12":1,"13":1,"14":8,"15":5,"16":5,"17":5,"18":5,"19":5,"20":5,"21":3,"22":3,"23":3,"24":3,"25":3,"26":7,"27":2,"28":1,"29":1,"30":1,"31":1},"f":{"0":15,"1":11,"2":20,"3":7,"4":2},"b":{"0":[1],"1":[1],"2":[9,7],"3":[1],"4":[5,3],"5":[7,4],"6":[1]}}
,"/Users/jrosenbaum/Documents/Code/.obsidian/plugins/claudesidian-mcp/src/ui/chat/utils/toolCallUtils.ts": {"path":"/Users/jrosenbaum/Documents/Code/.obsidian/plugins/claudesidian-mcp/src/ui/chat/utils/toolCallUtils.ts","statementMap":{"0":{"start":{"line":16,"column":0},"end":{"line":16,"column":16}},"1":{"start":{"line":17,"column":2},"end":{"line":19,"column":3}},"2":{"start":{"line":18,"column":4},"end":{"line":18,"column":21}},"3":{"start":{"line":21,"column":20},"end":{"line":21,"column":95}},"4":{"start":{"line":21,"column":43},"end":{"line":21,"column":94}},"5":{"start":{"line":23,"column":2},"end":{"line":23,"column":54}}},"fnMap":{"0":{"name":"filterCompletedToolCalls","decl":{"start":{"line":16,"column":16},"end":{"line":16,"column":40}},"loc":{"start":{"line":16,"column":63},"end":{"line":24,"column":1}}},"1":{"name":"(anonymous_1)","decl":{"start":{"line":21,"column":37},"end":{"line":21,"column":39}},"loc":{"start":{"line":21,"column":43},"end":{"line":21,"column":94}}}},"branchMap":{"0":{"loc":{"start":{"line":17,"column":2},"end":{"line":19,"column":3}},"type":"if","locations":[{"start":{"line":17,"column":2},"end":{"line":19,"column":3}}]},"1":{"loc":{"start":{"line":17,"column":6},"end":{"line":17,"column":42}},"type":"binary-expr","locations":[{"start":{"line":17,"column":6},"end":{"line":17,"column":16}},{"start":{"line":17,"column":20},"end":{"line":17,"column":42}}]},"2":{"loc":{"start":{"line":21,"column":43},"end":{"line":21,"column":94}},"type":"binary-expr","locations":[{"start":{"line":21,"column":43},"end":{"line":21,"column":66}},{"start":{"line":21,"column":70},"end":{"line":21,"column":94}}]},"3":{"loc":{"start":{"line":23,"column":9},"end":{"line":23,"column":53}},"type":"cond-expr","locations":[{"start":{"line":23,"column":32},"end":{"line":23,"column":41}},{"start":{"line":23,"column":44},"end":{"line":23,"column":53}}]}},"s":{"0":3,"1":20,"2":3,"3":17,"4":37,"5":17},"f":{"0":20,"1":37},"b":{"0":[3],"1":[20,18],"2":[37,17],"3":[14,3]}}
}
