TN:
SF:src/agents/searchManager/services/ConversationSearchStrategy.ts
FN:43,(anonymous_0)
FN:55,(anonymous_1)
FN:89,(anonymous_2)
FN:107,(anonymous_3)
FNF:4
FNH:4
FNDA:34,(anonymous_0)
FNDA:15,(anonymous_1)
FNDA:3,(anonymous_2)
FNDA:8,(anonymous_3)
DA:14,2
DA:17,2
DA:40,2
DA:44,34
DA:60,15
DA:61,15
DA:62,1
DA:65,14
DA:66,14
DA:68,14
DA:70,14
DA:77,13
DA:78,5
DA:82,8
DA:83,4
DA:84,4
DA:85,3
DA:86,3
DA:88,3
DA:90,3
DA:91,3
DA:97,2
DA:107,8
DA:126,1
DA:127,1
LF:25
LH:25
BRDA:61,0,0,1
BRDA:65,1,0,14
BRDA:65,1,1,9
BRDA:66,2,0,14
BRDA:66,2,1,13
BRDA:77,3,0,5
BRDA:82,4,0,4
BRDA:84,5,0,3
BRDA:86,6,0,3
BRDA:86,6,1,3
BRDA:121,7,0,7
BRDA:121,7,1,1
BRF:12
BRH:12
end_of_record
TN:
SF:src/services/InlineEditService.ts
FN:44,(anonymous_0)
FN:49,(anonymous_1)
FN:56,(anonymous_2)
FN:63,(anonymous_3)
FN:70,(anonymous_4)
FN:85,(anonymous_5)
FN:146,(anonymous_6)
FN:219,(anonymous_7)
FN:228,(anonymous_8)
FN:238,(anonymous_9)
FN:251,(anonymous_10)
FN:260,(anonymous_11)
FN:267,(anonymous_12)
FNF:13
FNH:13
FNDA:73,(anonymous_0)
FNDA:72,(anonymous_1)
FNDA:11,(anonymous_2)
FNDA:5,(anonymous_3)
FNDA:43,(anonymous_4)
FNDA:37,(anonymous_5)
FNDA:32,(anonymous_6)
FNDA:51,(anonymous_7)
FNDA:2,(anonymous_8)
FNDA:2,(anonymous_9)
FNDA:11,(anonymous_10)
FNDA:171,(anonymous_11)
FNDA:43,(anonymous_12)
DA:24,1
DA:38,1
DA:39,73
DA:40,73
DA:41,73
DA:42,73
DA:44,73
DA:50,72
DA:57,11
DA:64,5
DA:71,43
DA:72,43
DA:87,37
DA:88,1
DA:95,36
DA:96,4
DA:97,4
DA:101,32
DA:102,32
DA:103,32
DA:106,32
DA:108,32
DA:109,32
DA:111,20
DA:113,19
DA:118,19
DA:119,19
DA:121,1
DA:124,20
DA:127,12
DA:129,6
DA:130,6
DA:131,6
DA:134,6
DA:135,6
DA:136,6
DA:138,32
DA:139,32
DA:147,32
DA:150,32
DA:151,32
DA:152,32
DA:156,32
DA:162,32
DA:169,32
DA:170,32
DA:171,32
DA:174,32
DA:175,32
DA:178,32
DA:180,53
DA:181,6
DA:185,47
DA:186,26
DA:189,26
DA:194,26
DA:195,26
DA:199,47
DA:200,20
DA:201,20
DA:206,20
DA:220,51
DA:221,6
DA:229,2
DA:230,2
DA:231,2
DA:232,2
DA:239,2
DA:240,1
DA:252,11
DA:253,11
DA:254,11
DA:261,171
DA:268,43
DA:269,43
LF:75
LH:75
BRDA:87,0,0,1
BRDA:95,1,0,4
BRDA:95,2,0,36
BRDA:95,2,1,33
BRDA:111,3,0,19
BRDA:111,3,1,1
BRDA:111,4,0,20
BRDA:111,4,1,20
BRDA:121,5,0,1
BRDA:121,5,1,1
BRDA:127,6,0,6
BRDA:127,7,0,12
BRDA:127,7,1,6
BRDA:134,8,0,6
BRDA:134,8,1,0
BRDA:151,9,0,32
BRDA:180,10,0,6
BRDA:185,11,0,26
BRDA:199,12,0,20
BRDA:199,13,0,47
BRDA:199,13,1,20
BRDA:200,14,0,20
BRDA:200,14,1,0
BRDA:201,15,0,20
BRDA:201,15,1,1
BRDA:220,16,0,6
BRDA:220,17,0,51
BRDA:220,17,1,6
BRDA:239,18,0,1
BRF:29
BRH:27
end_of_record
TN:
SF:src/services/embeddings/ContentChunker.ts
FN:68,chunkContent
FNF:1
FNH:1
FNDA:31,chunkContent
DA:45,2
DA:68,2
DA:69,31
DA:72,31
DA:73,3
DA:77,28
DA:78,12
DA:85,16
DA:88,16
DA:89,2
DA:96,14
DA:97,14
DA:98,14
DA:100,14
DA:101,55
DA:102,55
DA:105,55
DA:106,55
DA:107,55
DA:110,55
DA:112,11
DA:114,0
DA:115,0
DA:117,11
DA:123,11
DA:128,44
DA:131,3
DA:136,3
DA:140,41
DA:146,41
DA:147,41
DA:150,14
LF:32
LH:30
BRDA:72,0,0,3
BRDA:72,1,0,31
BRDA:72,1,1,29
BRDA:77,2,0,12
BRDA:88,3,0,2
BRDA:110,4,0,11
BRDA:112,5,0,0
BRDA:112,5,1,11
BRDA:112,6,0,11
BRDA:112,6,1,0
BRDA:128,7,0,3
BRDA:128,8,0,44
BRDA:128,8,1,44
BRDA:128,8,2,14
BRF:14
BRH:12
end_of_record
TN:
SF:src/services/embeddings/ConversationEmbeddingService.ts
FN:77,(anonymous_0)
FN:92,(anonymous_1)
FN:201,(anonymous_2)
FN:253,(anonymous_3)
FN:271,(anonymous_4)
FN:285,(anonymous_5)
FN:288,(anonymous_6)
FN:298,(anonymous_7)
FN:321,(anonymous_8)
FN:322,(anonymous_9)
FN:341,(anonymous_10)
FN:349,(anonymous_11)
FN:352,(anonymous_12)
FN:420,(anonymous_13)
FN:446,(anonymous_14)
FN:468,(anonymous_15)
FN:477,(anonymous_16)
FNF:17
FNH:17
FNDA:37,(anonymous_0)
FNDA:7,(anonymous_1)
FNDA:22,(anonymous_2)
FNDA:2,(anonymous_3)
FNDA:25,(anonymous_4)
FNDA:37,(anonymous_5)
FNDA:37,(anonymous_6)
FNDA:37,(anonymous_7)
FNDA:2,(anonymous_8)
FNDA:2,(anonymous_9)
FNDA:21,(anonymous_10)
FNDA:30,(anonymous_11)
FNDA:30,(anonymous_12)
FNDA:4,(anonymous_13)
FNDA:2,(anonymous_14)
FNDA:1,(anonymous_15)
FNDA:3,(anonymous_16)
DA:30,1
DA:31,1
DA:73,1
DA:78,37
DA:79,37
DA:93,7
DA:95,7
DA:100,7
DA:101,1
DA:105,6
DA:106,1
DA:109,6
DA:110,6
DA:113,6
DA:118,6
DA:119,11
DA:120,2
DA:123,9
DA:125,9
DA:127,9
DA:128,8
DA:131,8
DA:135,8
DA:138,8
DA:141,8
DA:142,8
DA:145,8
DA:146,8
DA:175,1
DA:207,22
DA:209,22
DA:210,21
DA:214,21
DA:216,21
DA:252,20
DA:253,2
DA:258,20
DA:259,20
DA:260,40
DA:261,40
DA:262,37
DA:265,20
DA:268,20
DA:269,20
DA:270,20
DA:271,25
DA:274,20
DA:275,20
DA:276,37
DA:277,12
DA:285,37
DA:286,20
DA:287,20
DA:288,37
DA:289,18
DA:293,18
DA:294,33
DA:298,20
DA:299,37
DA:302,37
DA:303,37
DA:304,37
DA:305,8
DA:309,37
DA:310,12
DA:311,12
DA:312,9
DA:318,37
DA:319,3
DA:320,3
DA:321,2
DA:322,2
DA:325,2
DA:326,2
DA:333,37
DA:341,21
DA:342,20
DA:346,20
DA:349,30
DA:350,20
DA:351,20
DA:352,30
DA:353,18
DA:357,18
DA:358,36
DA:362,20
DA:363,30
DA:366,30
DA:379,30
DA:380,30
DA:381,30
DA:382,60
DA:383,30
DA:384,30
DA:385,30
DA:389,30
DA:405,20
DA:407,2
DA:408,2
DA:421,4
DA:422,4
DA:427,3
DA:428,4
DA:429,4
DA:432,1
DA:447,2
DA:452,2
DA:453,4
DA:454,4
DA:469,1
DA:478,3
DA:479,3
DA:482,2
DA:484,1
DA:485,1
LF:115
LH:115
BRDA:100,0,0,1
BRDA:100,1,0,7
BRDA:100,1,1,2
BRDA:105,2,0,1
BRDA:119,3,0,2
BRDA:119,4,0,11
BRDA:119,4,1,10
BRDA:138,5,0,8
BRDA:138,5,1,0
BRDA:142,6,0,1
BRDA:142,6,1,7
BRDA:163,7,0,8
BRDA:163,7,1,8
BRDA:164,8,0,8
BRDA:164,8,1,8
BRDA:205,9,0,20
BRDA:252,10,0,1
BRDA:252,10,1,19
BRDA:261,11,0,37
BRDA:261,12,0,40
BRDA:261,12,1,3
BRDA:276,13,0,12
BRDA:279,14,0,12
BRDA:279,14,1,6
BRDA:287,15,0,18
BRDA:302,16,0,37
BRDA:302,16,1,4
BRDA:304,17,0,8
BRDA:309,18,0,12
BRDA:310,19,0,12
BRDA:310,19,1,0
BRDA:311,20,0,9
BRDA:318,21,0,3
BRDA:318,22,0,37
BRDA:318,22,1,4
BRDA:325,23,0,2
BRDA:351,24,0,18
BRDA:363,25,0,30
BRDA:363,25,1,1
BRDA:382,26,0,30
BRDA:382,26,1,30
BRDA:382,27,0,60
BRDA:382,27,1,30
BRDA:383,28,0,30
BRDA:383,28,1,1
BRDA:384,29,0,30
BRDA:384,30,0,30
BRDA:384,30,1,30
BRDA:385,31,0,30
BRDA:385,31,1,1
BRDA:392,32,0,30
BRDA:392,32,1,18
BRDA:393,33,0,30
BRDA:393,33,1,0
BRDA:482,34,0,2
BRDA:482,34,1,1
BRF:56
BRH:53
end_of_record
TN:
SF:src/services/embeddings/ConversationEmbeddingWatcher.ts
FN:55,(anonymous_0)
FN:70,(anonymous_1)
FN:76,(anonymous_2)
FN:78,(anonymous_3)
FN:92,(anonymous_4)
FN:108,(anonymous_5)
FN:148,(anonymous_6)
FN:203,(anonymous_7)
FN:267,(anonymous_8)
FN:287,(anonymous_9)
FN:313,(anonymous_10)
FNF:11
FNH:9
FNDA:19,(anonymous_0)
FNDA:20,(anonymous_1)
FNDA:14,(anonymous_2)
FNDA:2,(anonymous_3)
FNDA:24,(anonymous_4)
FNDA:14,(anonymous_5)
FNDA:6,(anonymous_6)
FNDA:0,(anonymous_7)
FNDA:0,(anonymous_8)
FNDA:11,(anonymous_9)
FNDA:6,(anonymous_10)
DA:31,1
DA:46,1
DA:50,19
DA:53,19
DA:60,19
DA:61,19
DA:62,19
DA:71,20
DA:72,2
DA:75,18
DA:78,14
DA:79,2
DA:93,24
DA:94,18
DA:95,18
DA:110,14
DA:111,2
DA:115,12
DA:116,1
DA:120,11
DA:121,10
DA:122,1
DA:126,9
DA:135,9
DA:136,6
DA:140,8
DA:141,0
DA:153,6
DA:158,6
DA:159,1
DA:162,5
DA:163,5
DA:164,5
DA:167,5
DA:168,0
DA:171,5
DA:172,5
DA:173,5
DA:187,5
DA:189,5
DA:207,0
DA:211,0
DA:218,0
DA:219,0
DA:220,0
DA:221,0
DA:225,0
DA:226,0
DA:227,0
DA:228,0
DA:231,0
DA:232,0
DA:233,0
DA:236,0
DA:237,0
DA:240,0
DA:241,0
DA:242,0
DA:256,0
DA:258,0
DA:268,0
DA:271,0
DA:272,0
DA:273,0
DA:274,0
DA:276,0
DA:279,0
DA:288,11
DA:293,10
DA:294,3
DA:297,7
DA:298,7
DA:299,6
DA:301,1
DA:319,6
DA:321,6
DA:328,6
DA:329,5
DA:330,5
DA:334,1
LF:80
LH:51
BRDA:71,0,0,2
BRDA:93,1,0,18
BRDA:110,2,0,2
BRDA:115,3,0,1
BRDA:121,4,0,1
BRDA:135,5,0,6
BRDA:135,6,0,9
BRDA:135,6,1,7
BRDA:140,7,0,0
BRDA:140,8,0,8
BRDA:140,8,1,0
BRDA:158,9,0,1
BRDA:158,10,0,6
BRDA:158,10,1,5
BRDA:167,11,0,0
BRDA:183,12,0,5
BRDA:183,12,1,3
BRDA:184,13,0,5
BRDA:184,13,1,3
BRDA:207,14,0,0
BRDA:220,15,0,0
BRDA:220,16,0,0
BRDA:220,16,1,0
BRDA:227,17,0,0
BRDA:232,18,0,0
BRDA:232,18,1,0
BRDA:236,19,0,0
BRDA:252,20,0,0
BRDA:252,20,1,0
BRDA:253,21,0,0
BRDA:253,21,1,0
BRDA:268,22,0,0
BRDA:268,22,1,0
BRDA:268,22,2,0
BRDA:271,23,0,0
BRDA:271,23,1,0
BRDA:273,24,0,0
BRDA:273,24,1,0
BRDA:293,25,0,3
BRDA:293,26,0,10
BRDA:293,26,1,7
BRDA:329,27,0,5
BRF:42
BRH:20
end_of_record
TN:
SF:src/services/embeddings/ConversationIndexer.ts
FN:66,(anonymous_0)
FN:81,(anonymous_1)
FN:92,(anonymous_2)
FN:129,(anonymous_3)
FN:155,(anonymous_4)
FN:228,(anonymous_5)
FN:264,(anonymous_6)
FN:296,(anonymous_7)
FN:323,(anonymous_8)
FNF:9
FNH:8
FNDA:19,(anonymous_0)
FNDA:3,(anonymous_1)
FNDA:18,(anonymous_2)
FNDA:23,(anonymous_3)
FNDA:3,(anonymous_4)
FNDA:0,(anonymous_5)
FNDA:16,(anonymous_6)
FNDA:26,(anonymous_7)
FNDA:26,(anonymous_8)
DA:17,1
DA:37,1
DA:57,1
DA:63,19
DA:64,19
DA:72,19
DA:73,19
DA:74,19
DA:75,19
DA:82,3
DA:96,18
DA:97,1
DA:100,17
DA:101,1
DA:104,16
DA:106,16
DA:108,16
DA:114,16
DA:115,1
DA:119,15
DA:129,13
DA:130,23
DA:131,2
DA:132,2
DA:133,1
DA:135,1
DA:139,13
DA:140,1
DA:146,1
DA:150,12
DA:151,12
DA:153,12
DA:154,2
DA:155,3
DA:157,2
DA:158,2
DA:159,2
DA:163,12
DA:166,12
DA:167,1
DA:173,1
DA:177,11
DA:178,11
DA:180,11
DA:187,11
DA:190,11
DA:191,18
DA:192,2
DA:195,16
DA:197,16
DA:198,16
DA:204,1
DA:210,15
DA:211,15
DA:213,15
DA:216,15
DA:217,1
DA:223,1
DA:227,15
DA:228,0
DA:233,10
DA:239,10
DA:241,10
DA:244,2
DA:245,2
DA:252,2
DA:254,15
DA:269,16
DA:292,14
DA:293,1
DA:296,26
DA:311,13
DA:313,13
DA:314,13
DA:330,26
DA:332,26
DA:337,26
DA:338,13
DA:339,13
DA:359,13
LF:80
LH:79
BRDA:70,0,0,0
BRDA:94,1,0,6
BRDA:96,2,0,1
BRDA:100,3,0,1
BRDA:114,4,0,1
BRDA:114,5,0,16
BRDA:114,5,1,3
BRDA:130,6,0,21
BRDA:139,7,0,1
BRDA:153,8,0,2
BRDA:153,9,0,12
BRDA:153,9,1,2
BRDA:157,10,0,2
BRDA:166,11,0,1
BRDA:171,12,0,1
BRDA:171,12,1,0
BRDA:178,13,0,11
BRDA:178,13,1,10
BRDA:191,14,0,2
BRDA:200,15,0,16
BRDA:200,15,1,0
BRDA:201,16,0,16
BRDA:201,16,1,0
BRDA:216,17,0,1
BRDA:227,18,0,0
BRDA:227,19,0,15
BRDA:227,19,1,6
BRDA:250,20,0,2
BRDA:250,20,1,0
BRDA:292,21,0,1
BRDA:300,22,0,26
BRDA:300,22,1,0
BRDA:302,23,0,26
BRDA:302,23,1,0
BRDA:304,24,0,0
BRDA:304,24,1,26
BRDA:305,25,0,26
BRDA:305,25,1,26
BRDA:306,26,0,26
BRDA:306,26,1,26
BRDA:307,27,0,0
BRDA:307,27,1,26
BRDA:308,28,0,26
BRDA:308,28,1,0
BRDA:337,29,0,13
BRDA:337,29,1,13
BRDA:338,30,0,11
BRDA:338,30,1,2
BRDA:354,31,0,13
BRDA:354,31,1,13
BRDA:371,32,0,1
BRDA:371,32,1,12
BRDA:372,33,0,13
BRDA:372,33,1,11
BRF:54
BRH:43
end_of_record
TN:
SF:src/services/embeddings/ConversationWindowRetriever.ts
FN:110,(anonymous_0)
FN:127,(anonymous_1)
FNF:2
FNH:2
FNDA:22,(anonymous_0)
FNDA:19,(anonymous_1)
DA:66,3
DA:72,3
DA:103,3
DA:111,22
DA:134,19
DA:135,1
DA:137,18
DA:138,2
DA:140,16
DA:141,1
DA:146,15
DA:147,15
DA:150,15
DA:151,15
DA:154,15
DA:163,14
DA:166,14
DA:170,14
LF:18
LH:18
BRDA:134,0,0,1
BRDA:137,1,0,2
BRDA:137,2,0,18
BRDA:137,2,1,17
BRDA:140,3,0,1
BRDA:146,4,0,15
BRDA:146,4,1,10
BRDA:163,5,0,11
BRDA:163,5,1,3
BRDA:166,6,0,11
BRDA:166,6,1,3
BRF:11
BRH:11
end_of_record
TN:
SF:src/services/embeddings/QAPairBuilder.ts
FN:28,(anonymous_0)
FN:70,formatToolCallQuestion
FN:95,extractToolResultContent
FN:122,buildQAPairs
FN:135,(anonymous_4)
FN:217,isProcessableMessage
FN:235,findNextAssistantMessage
FNF:7
FNH:7
FNDA:13,(anonymous_0)
FNDA:16,formatToolCallQuestion
FNDA:16,extractToolResultContent
FNDA:47,buildQAPairs
FNDA:120,(anonymous_4)
FNDA:139,isProcessableMessage
FNDA:59,findNextAssistantMessage
DA:25,3
DA:28,16
DA:71,16
DA:74,16
DA:76,14
DA:77,2
DA:78,1
DA:80,1
DA:83,16
DA:96,16
DA:97,15
DA:99,1
DA:122,3
DA:128,47
DA:129,3
DA:133,44
DA:135,120
DA:137,44
DA:140,44
DA:141,44
DA:142,138
DA:143,16
DA:147,44
DA:148,138
DA:151,138
DA:152,17
DA:156,121
DA:157,59
DA:158,59
DA:159,56
DA:160,56
DA:162,56
DA:176,59
DA:180,62
DA:181,11
DA:182,17
DA:183,17
DA:184,16
DA:185,16
DA:187,16
DA:205,44
DA:219,139
DA:220,1
DA:222,138
DA:239,59
DA:240,58
DA:243,58
DA:244,56
DA:248,2
DA:249,2
DA:254,1
LF:51
LH:51
BRDA:71,0,0,16
BRDA:71,0,1,1
BRDA:71,0,2,0
BRDA:74,1,0,14
BRDA:74,1,1,2
BRDA:77,2,0,1
BRDA:77,2,1,1
BRDA:96,3,0,15
BRDA:128,4,0,3
BRDA:128,5,0,47
BRDA:128,5,1,45
BRDA:142,6,0,16
BRDA:142,7,0,138
BRDA:142,7,1,16
BRDA:151,8,0,17
BRDA:151,9,0,138
BRDA:151,9,1,137
BRDA:156,10,0,59
BRDA:158,11,0,56
BRDA:159,12,0,56
BRDA:159,12,1,1
BRDA:160,13,0,56
BRDA:160,13,1,1
BRDA:180,14,0,11
BRDA:180,15,0,62
BRDA:180,15,1,62
BRDA:180,15,2,11
BRDA:183,16,0,16
BRDA:219,17,0,1
BRDA:219,18,0,139
BRDA:219,18,1,137
BRDA:243,19,0,56
BRDA:248,20,0,2
BRF:33
BRH:32
end_of_record
TN:
SF:src/services/embeddings/TraceIndexer.ts
FN:41,(anonymous_0)
FN:58,(anonymous_1)
FN:70,(anonymous_2)
FN:143,(anonymous_3)
FNF:4
FNH:4
FNDA:14,(anonymous_0)
FNDA:3,(anonymous_1)
FNDA:12,(anonymous_2)
FNDA:12,(anonymous_3)
DA:32,1
DA:39,14
DA:48,14
DA:49,14
DA:50,14
DA:51,14
DA:52,14
DA:59,3
DA:75,12
DA:76,0
DA:79,12
DA:80,1
DA:84,11
DA:92,10
DA:94,10
DA:95,18
DA:99,18
DA:100,16
DA:104,10
DA:105,1
DA:108,9
DA:109,9
DA:110,9
DA:112,9
DA:114,9
DA:115,9
DA:116,15
DA:117,2
DA:120,13
DA:121,1
DA:122,1
DA:125,12
DA:126,12
DA:132,11
DA:134,11
DA:135,1
DA:139,1
DA:143,12
DA:147,9
DA:150,0
DA:152,9
DA:153,9
DA:156,9
LF:43
LH:41
BRDA:45,0,0,0
BRDA:46,1,0,0
BRDA:75,2,0,0
BRDA:79,3,0,1
BRDA:99,4,0,16
BRDA:104,5,0,1
BRDA:116,6,0,2
BRDA:120,7,0,1
BRDA:129,8,0,12
BRDA:129,8,1,1
BRDA:134,9,0,1
BRF:11
BRH:8
end_of_record
TN:
SF:src/ui/chat/components/MessageBranchNavigator.ts
FN:23,(anonymous_0)
FN:36,(anonymous_1)
FN:62,(anonymous_2)
FN:63,(anonymous_3)
FN:71,(anonymous_4)
FN:79,(anonymous_5)
FN:99,(anonymous_6)
FN:114,(anonymous_7)
FN:128,(anonymous_8)
FN:143,(anonymous_9)
FN:150,(anonymous_10)
FN:158,(anonymous_11)
FN:166,(anonymous_12)
FN:174,(anonymous_13)
FN:190,(anonymous_14)
FN:200,(anonymous_15)
FNF:16
FNH:11
FNDA:9,(anonymous_0)
FNDA:9,(anonymous_1)
FNDA:0,(anonymous_2)
FNDA:0,(anonymous_3)
FNDA:5,(anonymous_4)
FNDA:5,(anonymous_5)
FNDA:3,(anonymous_6)
FNDA:0,(anonymous_7)
FNDA:0,(anonymous_8)
FNDA:12,(anonymous_9)
FNDA:5,(anonymous_10)
FNDA:3,(anonymous_11)
FNDA:11,(anonymous_12)
FNDA:4,(anonymous_13)
FNDA:0,(anonymous_14)
FNDA:2,(anonymous_15)
DA:9,1
DA:16,1
DA:21,9
DA:25,9
DA:26,9
DA:28,9
DA:29,9
DA:30,9
DA:37,9
DA:39,9
DA:46,9
DA:49,9
DA:50,9
DA:52,9
DA:59,9
DA:62,9
DA:63,9
DA:64,9
DA:65,9
DA:72,5
DA:73,5
DA:80,5
DA:81,2
DA:82,2
DA:85,3
DA:86,3
DA:89,3
DA:90,3
DA:93,3
DA:100,3
DA:101,3
DA:103,3
DA:104,3
DA:107,3
DA:108,3
DA:115,0
DA:117,0
DA:118,0
DA:120,0
DA:121,0
DA:122,0
DA:129,0
DA:131,0
DA:132,0
DA:133,0
DA:135,0
DA:136,0
DA:137,0
DA:144,12
DA:151,5
DA:152,4
DA:159,3
DA:160,3
DA:167,11
DA:168,11
DA:175,4
DA:177,2
DA:178,2
DA:180,2
DA:191,0
DA:201,2
DA:202,2
LF:62
LH:48
BRDA:80,0,0,2
BRDA:80,1,0,5
BRDA:80,1,1,5
BRDA:86,2,0,3
BRDA:86,2,1,2
BRDA:115,3,0,0
BRDA:117,4,0,0
BRDA:117,4,1,0
BRDA:118,5,0,0
BRDA:129,6,0,0
BRDA:131,7,0,0
BRDA:131,7,1,0
BRDA:133,8,0,0
BRDA:144,9,0,12
BRDA:144,9,1,8
BRDA:151,10,0,1
BRDA:175,11,0,2
BRDA:177,12,0,2
BRDA:177,12,1,1
BRF:19
BRH:11
end_of_record
TN:
SF:src/ui/chat/components/MessageDisplay.ts
FN:17,(anonymous_0)
FN:36,(anonymous_1)
FN:58,(anonymous_2)
FN:67,(anonymous_3)
FN:121,(anonymous_4)
FN:141,(anonymous_5)
FN:150,(anonymous_6)
FN:159,(anonymous_7)
FN:169,(anonymous_8)
FN:175,(anonymous_9)
FN:190,(anonymous_10)
FN:200,(anonymous_11)
FN:221,(anonymous_12)
FN:240,(anonymous_13)
FN:251,(anonymous_14)
FN:264,(anonymous_15)
FN:265,(anonymous_16)
FN:266,(anonymous_17)
FN:268,(anonymous_18)
FN:284,(anonymous_19)
FN:287,(anonymous_20)
FN:289,(anonymous_21)
FN:298,(anonymous_22)
FN:307,(anonymous_23)
FN:316,(anonymous_24)
FN:325,(anonymous_25)
FN:326,(anonymous_26)
FN:332,(anonymous_27)
FN:339,(anonymous_28)
FN:359,(anonymous_29)
FN:371,(anonymous_30)
FN:381,(anonymous_31)
FN:389,(anonymous_32)
FN:399,(anonymous_33)
FNF:34
FNH:10
FNDA:6,(anonymous_0)
FNDA:7,(anonymous_1)
FNDA:0,(anonymous_2)
FNDA:0,(anonymous_3)
FNDA:0,(anonymous_4)
FNDA:0,(anonymous_5)
FNDA:0,(anonymous_6)
FNDA:0,(anonymous_7)
FNDA:0,(anonymous_8)
FNDA:0,(anonymous_9)
FNDA:0,(anonymous_10)
FNDA:6,(anonymous_11)
FNDA:13,(anonymous_12)
FNDA:13,(anonymous_13)
FNDA:13,(anonymous_14)
FNDA:0,(anonymous_15)
FNDA:0,(anonymous_16)
FNDA:0,(anonymous_17)
FNDA:0,(anonymous_18)
FNDA:0,(anonymous_19)
FNDA:0,(anonymous_20)
FNDA:0,(anonymous_21)
FNDA:0,(anonymous_22)
FNDA:0,(anonymous_23)
FNDA:0,(anonymous_24)
FNDA:0,(anonymous_25)
FNDA:0,(anonymous_26)
FNDA:4,(anonymous_27)
FNDA:1,(anonymous_28)
FNDA:0,(anonymous_29)
FNDA:14,(anonymous_30)
FNDA:0,(anonymous_31)
FNDA:0,(anonymous_32)
FNDA:1,(anonymous_33)
DA:8,1
DA:10,1
DA:12,1
DA:13,6
DA:14,6
DA:15,6
DA:18,6
DA:19,6
DA:20,6
DA:21,6
DA:22,6
DA:23,6
DA:24,6
DA:25,6
DA:27,6
DA:37,7
DA:38,7
DA:39,7
DA:42,7
DA:43,7
DA:44,7
DA:45,7
DA:49,0
DA:50,0
DA:59,0
DA:60,0
DA:62,0
DA:63,0
DA:66,0
DA:67,0
DA:70,0
DA:71,0
DA:72,0
DA:73,0
DA:74,0
DA:76,0
DA:77,0
DA:82,0
DA:83,0
DA:84,0
DA:86,0
DA:88,0
DA:89,0
DA:92,0
DA:93,0
DA:94,0
DA:95,0
DA:96,0
DA:98,0
DA:101,0
DA:105,0
DA:108,0
DA:109,0
DA:111,0
DA:113,0
DA:122,0
DA:130,0
DA:131,0
DA:132,0
DA:133,0
DA:135,0
DA:142,0
DA:143,0
DA:144,0
DA:151,0
DA:152,0
DA:153,0
DA:160,0
DA:161,0
DA:162,0
DA:170,0
DA:171,0
DA:175,0
DA:176,0
DA:177,0
DA:181,0
DA:182,0
DA:183,0
DA:191,0
DA:192,0
DA:193,0
DA:201,6
DA:202,6
DA:204,6
DA:205,6
DA:207,6
DA:208,6
DA:211,6
DA:223,13
DA:224,2
DA:226,13
DA:228,13
DA:229,13
DA:231,13
DA:232,6
DA:233,6
DA:237,7
DA:240,7
DA:241,13
DA:242,13
DA:245,7
DA:253,13
DA:261,13
DA:264,0
DA:265,0
DA:266,0
DA:268,0
DA:272,13
DA:274,13
DA:278,13
DA:285,0
DA:286,0
DA:287,0
DA:299,0
DA:300,0
DA:308,0
DA:309,0
DA:317,0
DA:318,0
DA:326,0
DA:333,4
DA:340,1
DA:341,1
DA:343,1
DA:344,1
DA:347,1
DA:349,1
DA:350,1
DA:351,1
DA:360,0
DA:361,0
DA:362,0
DA:365,0
DA:372,14
DA:373,14
DA:374,14
DA:382,0
DA:383,0
DA:390,0
DA:391,0
DA:392,0
DA:400,1
DA:401,2
DA:403,1
DA:404,1
LF:145
LH:63
BRDA:42,0,0,7
BRDA:60,1,0,0
BRDA:71,2,0,0
BRDA:73,3,0,0
BRDA:86,4,0,0
BRDA:86,4,1,0
BRDA:92,5,0,0
BRDA:93,6,0,0
BRDA:93,6,1,0
BRDA:94,7,0,0
BRDA:95,8,0,0
BRDA:95,8,1,0
BRDA:108,9,0,0
BRDA:108,9,1,0
BRDA:127,10,0,0
BRDA:127,10,1,0
BRDA:132,11,0,0
BRDA:161,12,0,0
BRDA:170,13,0,0
BRDA:176,14,0,0
BRDA:182,15,0,0
BRDA:231,16,0,6
BRDA:253,17,0,13
BRDA:253,17,1,0
BRDA:268,18,0,0
BRDA:268,18,1,13
BRDA:286,19,0,0
BRDA:299,20,0,0
BRDA:308,21,0,0
BRDA:317,22,0,0
BRDA:341,23,0,1
BRDA:350,24,0,1
BRDA:361,25,0,0
BRDA:373,26,0,14
BRDA:383,27,0,0
BRDA:383,27,1,0
BRDA:391,28,0,0
BRF:37
BRH:7
end_of_record
TN:
SF:src/ui/chat/services/BranchManager.ts
FN:24,(anonymous_0)
FN:32,(anonymous_1)
FN:40,(anonymous_2)
FN:95,(anonymous_3)
FN:102,(anonymous_4)
FN:116,(anonymous_5)
FN:144,(anonymous_6)
FN:149,(anonymous_7)
FN:172,(anonymous_8)
FN:181,(anonymous_9)
FN:197,(anonymous_10)
FN:216,(anonymous_11)
FN:233,(anonymous_12)
FN:250,(anonymous_13)
FN:265,(anonymous_14)
FN:290,(anonymous_15)
FN:297,(anonymous_16)
FN:304,(anonymous_17)
FN:308,(anonymous_18)
FN:314,(anonymous_19)
FN:318,(anonymous_20)
FN:324,(anonymous_21)
FN:328,(anonymous_22)
FN:334,(anonymous_23)
FN:338,(anonymous_24)
FN:344,(anonymous_25)
FN:352,(anonymous_26)
FNF:27
FNH:14
FNDA:26,(anonymous_0)
FNDA:4,(anonymous_1)
FNDA:8,(anonymous_2)
FNDA:0,(anonymous_3)
FNDA:0,(anonymous_4)
FNDA:0,(anonymous_5)
FNDA:1,(anonymous_6)
FNDA:2,(anonymous_7)
FNDA:3,(anonymous_8)
FNDA:4,(anonymous_9)
FNDA:15,(anonymous_10)
FNDA:3,(anonymous_11)
FNDA:4,(anonymous_12)
FNDA:2,(anonymous_13)
FNDA:2,(anonymous_14)
FNDA:0,(anonymous_15)
FNDA:0,(anonymous_16)
FNDA:0,(anonymous_17)
FNDA:0,(anonymous_18)
FNDA:0,(anonymous_19)
FNDA:0,(anonymous_20)
FNDA:0,(anonymous_21)
FNDA:0,(anonymous_22)
FNDA:0,(anonymous_23)
FNDA:0,(anonymous_24)
FNDA:2,(anonymous_25)
FNDA:2,(anonymous_26)
DA:23,1
DA:25,26
DA:26,26
DA:38,4
DA:40,8
DA:41,4
DA:42,1
DA:43,1
DA:46,3
DA:49,3
DA:50,3
DA:54,3
DA:55,3
DA:57,3
DA:61,3
DA:72,3
DA:75,3
DA:78,3
DA:82,3
DA:84,3
DA:86,0
DA:87,0
DA:88,0
DA:100,0
DA:102,0
DA:103,0
DA:104,0
DA:105,0
DA:108,0
DA:111,0
DA:112,0
DA:113,0
DA:116,0
DA:117,0
DA:118,0
DA:119,0
DA:124,0
DA:127,0
DA:131,0
DA:133,0
DA:135,0
DA:136,0
DA:137,0
DA:148,1
DA:149,2
DA:150,1
DA:151,0
DA:154,1
DA:155,1
DA:157,1
DA:161,1
DA:162,1
DA:164,0
DA:165,0
DA:177,3
DA:178,1
DA:181,4
DA:182,2
DA:183,1
DA:186,1
DA:187,1
DA:188,1
DA:191,0
DA:198,15
DA:201,15
DA:202,6
DA:205,9
DA:206,9
DA:207,8
DA:210,1
DA:217,3
DA:218,3
DA:219,2
DA:220,1
DA:225,1
DA:227,1
DA:234,4
DA:235,4
DA:236,2
DA:237,1
DA:242,1
DA:244,2
DA:251,2
DA:252,2
DA:253,2
DA:254,1
DA:257,1
DA:259,0
DA:272,2
DA:273,2
DA:274,2
DA:276,2
DA:278,2
DA:291,0
DA:298,0
DA:305,0
DA:306,0
DA:308,0
DA:315,0
DA:316,0
DA:318,0
DA:325,0
DA:326,0
DA:328,0
DA:335,0
DA:336,0
DA:338,0
DA:345,2
DA:346,2
DA:353,2
DA:354,2
DA:355,2
LF:112
LH:70
BRDA:41,0,0,1
BRDA:49,1,0,3
BRDA:58,2,0,3
BRDA:58,2,1,3
BRDA:103,3,0,0
BRDA:111,4,0,0
BRDA:117,5,0,0
BRDA:150,6,0,0
BRDA:177,7,0,1
BRDA:182,8,0,1
BRDA:187,9,0,1
BRDA:187,10,0,1
BRDA:187,10,1,1
BRDA:198,11,0,15
BRDA:198,11,1,6
BRDA:201,12,0,6
BRDA:201,13,0,15
BRDA:201,13,1,9
BRDA:206,14,0,8
BRDA:206,15,0,9
BRDA:206,15,1,9
BRDA:218,16,0,2
BRDA:219,17,0,1
BRDA:235,18,0,2
BRDA:236,19,0,1
BRDA:252,20,0,2
BRDA:253,21,0,1
BRDA:272,22,0,2
BRDA:272,22,1,1
BRDA:273,23,0,2
BRDA:273,23,1,1
BRDA:291,24,0,0
BRDA:291,24,1,0
BRDA:298,25,0,0
BRDA:298,25,1,0
BRDA:305,26,0,0
BRDA:308,27,0,0
BRDA:308,27,1,0
BRDA:315,28,0,0
BRDA:325,29,0,0
BRDA:335,30,0,0
BRDA:345,31,0,2
BRDA:345,31,1,1
BRDA:346,32,0,1
BRDA:346,32,1,1
BRDA:353,33,0,2
BRDA:353,33,1,1
BRDA:354,34,0,2
BRDA:354,34,1,0
BRDA:355,35,0,1
BRDA:355,35,1,1
BRF:51
BRH:36
end_of_record
TN:
SF:src/ui/chat/services/MessageAlternativeService.ts
FN:52,(anonymous_0)
FN:66,(anonymous_1)
FN:82,(anonymous_2)
FN:126,(anonymous_3)
FN:217,(anonymous_4)
FN:228,(anonymous_5)
FNF:6
FNH:5
FNDA:22,(anonymous_0)
FNDA:23,(anonymous_1)
FNDA:42,(anonymous_2)
FNDA:0,(anonymous_3)
FNDA:1,(anonymous_4)
FNDA:1,(anonymous_5)
DA:25,1
DA:45,1
DA:46,22
DA:47,22
DA:50,22
DA:53,22
DA:54,22
DA:55,22
DA:56,22
DA:57,22
DA:78,23
DA:79,1
DA:82,42
DA:83,22
DA:85,21
DA:86,21
DA:89,20
DA:90,19
DA:91,19
DA:94,19
DA:96,19
DA:97,19
DA:100,19
DA:101,19
DA:102,19
DA:104,19
DA:115,19
DA:124,19
DA:125,19
DA:126,0
DA:127,0
DA:128,0
DA:129,0
DA:131,0
DA:136,19
DA:137,19
DA:138,19
DA:139,19
DA:140,19
DA:144,19
DA:147,19
DA:150,19
DA:151,19
DA:154,19
DA:159,19
DA:171,15
DA:174,15
DA:177,4
DA:180,2
DA:181,2
DA:182,2
DA:184,2
DA:186,1
DA:187,1
DA:188,1
DA:190,1
DA:191,1
DA:194,1
DA:195,1
DA:196,1
DA:198,1
DA:202,2
DA:204,2
DA:207,19
DA:208,19
DA:209,19
DA:210,19
DA:218,1
DA:219,0
DA:220,0
DA:221,0
DA:229,1
LF:72
LH:64
BRDA:78,0,0,1
BRDA:83,1,0,1
BRDA:86,2,0,1
BRDA:86,3,0,21
BRDA:86,3,1,21
BRDA:89,4,0,1
BRDA:91,5,0,0
BRDA:91,6,0,19
BRDA:91,6,1,19
BRDA:101,7,0,17
BRDA:101,7,1,2
BRDA:110,8,0,19
BRDA:110,8,1,0
BRDA:125,9,0,0
BRDA:125,10,0,19
BRDA:125,10,1,0
BRDA:127,11,0,0
BRDA:177,12,0,2
BRDA:177,12,1,2
BRDA:177,13,0,4
BRDA:177,13,1,4
BRDA:181,14,0,2
BRDA:182,15,0,2
BRDA:182,15,1,1
BRDA:184,16,0,1
BRDA:184,16,1,1
BRDA:218,17,0,0
BRDA:218,18,0,1
BRDA:218,18,1,0
BRF:29
BRH:22
end_of_record
TN:
SF:src/ui/chat/utils/AbortHandler.ts
FN:25,(anonymous_0)
FN:37,(anonymous_1)
FN:44,(anonymous_2)
FN:90,(anonymous_3)
FN:98,(anonymous_4)
FNF:5
FNH:5
FNDA:15,(anonymous_0)
FNDA:11,(anonymous_1)
FNDA:20,(anonymous_2)
FNDA:7,(anonymous_3)
FNDA:2,(anonymous_4)
DA:13,1
DA:24,1
DA:26,15
DA:27,15
DA:42,11
DA:44,20
DA:45,10
DA:47,9
DA:48,9
DA:51,9
DA:52,1
DA:53,1
DA:57,8
DA:59,5
DA:60,5
DA:61,5
DA:64,5
DA:67,5
DA:70,5
DA:73,3
DA:74,3
DA:77,3
DA:80,3
DA:83,3
DA:91,7
DA:104,2
DA:105,1
DA:106,1
DA:108,1
LF:29
LH:29
BRDA:42,0,0,1
BRDA:45,1,0,1
BRDA:48,2,0,9
BRDA:48,2,1,7
BRDA:51,3,0,1
BRDA:57,4,0,5
BRDA:57,4,1,3
BRDA:91,5,0,7
BRDA:91,5,1,4
BRDA:104,6,0,1
BRF:10
BRH:10
end_of_record
TN:
SF:src/ui/chat/utils/toolCallUtils.ts
FN:16,filterCompletedToolCalls
FN:21,(anonymous_1)
FNF:2
FNH:2
FNDA:20,filterCompletedToolCalls
FNDA:37,(anonymous_1)
DA:16,3
DA:17,20
DA:18,3
DA:21,37
DA:23,17
LF:5
LH:5
BRDA:17,0,0,3
BRDA:17,1,0,20
BRDA:17,1,1,18
BRDA:21,2,0,37
BRDA:21,2,1,17
BRDA:23,3,0,14
BRDA:23,3,1,3
BRF:7
BRH:7
end_of_record
