TN:
SF:src/services/InlineEditService.ts
FN:44,(anonymous_0)
FN:49,(anonymous_1)
FN:56,(anonymous_2)
FN:63,(anonymous_3)
FN:70,(anonymous_4)
FN:85,(anonymous_5)
FN:146,(anonymous_6)
FN:219,(anonymous_7)
FN:228,(anonymous_8)
FN:238,(anonymous_9)
FN:251,(anonymous_10)
FN:260,(anonymous_11)
FN:267,(anonymous_12)
FNF:13
FNH:13
FNDA:71,(anonymous_0)
FNDA:70,(anonymous_1)
FNDA:10,(anonymous_2)
FNDA:4,(anonymous_3)
FNDA:42,(anonymous_4)
FNDA:36,(anonymous_5)
FNDA:31,(anonymous_6)
FNDA:50,(anonymous_7)
FNDA:2,(anonymous_8)
FNDA:2,(anonymous_9)
FNDA:10,(anonymous_10)
FNDA:166,(anonymous_11)
FNDA:42,(anonymous_12)
DA:24,1
DA:38,1
DA:39,71
DA:40,71
DA:41,71
DA:42,71
DA:44,71
DA:50,70
DA:57,10
DA:64,4
DA:71,42
DA:72,42
DA:87,36
DA:88,1
DA:95,35
DA:96,4
DA:97,4
DA:101,31
DA:102,31
DA:103,31
DA:106,31
DA:108,31
DA:109,31
DA:111,20
DA:113,19
DA:118,19
DA:119,19
DA:121,1
DA:124,20
DA:127,11
DA:129,6
DA:130,6
DA:131,6
DA:134,5
DA:135,5
DA:136,5
DA:138,31
DA:139,31
DA:147,31
DA:150,31
DA:151,31
DA:152,31
DA:156,31
DA:162,31
DA:169,31
DA:170,31
DA:171,31
DA:174,31
DA:175,31
DA:178,31
DA:180,52
DA:181,6
DA:185,46
DA:186,25
DA:189,25
DA:194,25
DA:195,25
DA:199,46
DA:200,20
DA:201,20
DA:206,20
DA:220,50
DA:221,6
DA:229,2
DA:230,2
DA:231,2
DA:232,2
DA:239,2
DA:240,1
DA:252,10
DA:253,10
DA:254,10
DA:261,166
DA:268,42
DA:269,42
LF:75
LH:75
BRDA:87,0,0,1
BRDA:95,1,0,4
BRDA:95,2,0,35
BRDA:95,2,1,32
BRDA:111,3,0,19
BRDA:111,3,1,1
BRDA:111,4,0,20
BRDA:111,4,1,20
BRDA:121,5,0,1
BRDA:121,5,1,1
BRDA:127,6,0,6
BRDA:127,7,0,11
BRDA:127,7,1,6
BRDA:134,8,0,5
BRDA:134,8,1,0
BRDA:151,9,0,31
BRDA:180,10,0,6
BRDA:185,11,0,25
BRDA:199,12,0,20
BRDA:199,13,0,46
BRDA:199,13,1,20
BRDA:200,14,0,20
BRDA:200,14,1,0
BRDA:201,15,0,20
BRDA:201,15,1,1
BRDA:220,16,0,6
BRDA:220,17,0,50
BRDA:220,17,1,6
BRDA:239,18,0,1
BRF:29
BRH:27
end_of_record
